-- The C compiler identification is GNU 9.4.0
-- The CXX compiler identification is GNU 9.4.0
-- Check for working C compiler: /usr/bin/cc
-- Check for working C compiler: /usr/bin/cc -- works
-- Detecting C compiler ABI info
-- Detecting C compiler ABI info - done
-- Detecting C compile features
-- Detecting C compile features - done
-- Check for working CXX compiler: /usr/bin/c++
-- Check for working CXX compiler: /usr/bin/c++ -- works
-- Detecting CXX compiler ABI info
-- Detecting CXX compiler ABI info - done
-- Detecting CXX compile features
-- Detecting CXX compile features - done
-- Found ament_cmake: 0.9.11 (/opt/ros/foxy/share/ament_cmake/cmake)
-- Found PythonInterp: /usr/bin/python3 (found suitable version "3.8.10", minimum required is "3") 
-- Using PYTHON_EXECUTABLE: /usr/bin/python3
-- Found rclcpp: 2.4.2 (/opt/ros/foxy/share/rclcpp/cmake)
-- Using all available rosidl_typesupport_c: rosidl_typesupport_fastrtps_c;rosidl_typesupport_introspection_c
-- Found rosidl_adapter: 1.3.0 (/opt/ros/foxy/share/rosidl_adapter/cmake)
-- Found OpenSSL: /usr/lib/x86_64-linux-gnu/libcrypto.so (found version "1.1.1f")  
-- Found FastRTPS: /opt/ros/foxy/include  
-- Using all available rosidl_typesupport_cpp: rosidl_typesupport_fastrtps_cpp;rosidl_typesupport_introspection_cpp
-- Found rmw_implementation_cmake: 1.0.3 (/opt/ros/foxy/share/rmw_implementation_cmake/cmake)
-- Using RMW implementation 'rmw_fastrtps_cpp' as default
-- Looking for pthread.h
-- Looking for pthread.h - found
-- Performing Test CMAKE_HAVE_LIBC_PTHREAD
-- Performing Test CMAKE_HAVE_LIBC_PTHREAD - Failed
-- Looking for pthread_create in pthreads
-- Looking for pthread_create in pthreads - not found
-- Looking for pthread_create in pthread
-- Looking for pthread_create in pthread - found
-- Found Threads: TRUE  
-- Found rclcpp_action: 2.4.2 (/opt/ros/foxy/share/rclcpp_action/cmake)
-- Found rclpy: 1.0.11 (/opt/ros/foxy/share/rclpy/cmake)
-- Found example_infs: 1.0.0 (/home/rizkymille/ros2-examples/install/example_infs/share/example_infs/cmake)
-- Found ament_lint_auto: 0.9.7 (/opt/ros/foxy/share/ament_lint_auto/cmake)
-- Added test 'copyright' to check source files copyright and LICENSE
-- Added test 'cppcheck' to perform static code analysis on C / C++ code
-- Configured cppcheck include dirs: /home/rizkymille/ros2-examples/example_programs/include;$<BUILD_INTERFACE:/home/rizkymille/ros2-examples/example_programs/include>
-- Configured cppcheck exclude dirs and/or files: 
-- Added test 'cpplint' to check C / C++ code against the Google style
-- Configured cpplint exclude dirs and/or files: 
-- Added test 'flake8' to check Python code syntax and style conventions
-- Added test 'lint_cmake' to check CMake code style
-- Added test 'pep257' to check Python code against some of the style conventions in PEP 257
-- Added test 'uncrustify' to check C / C++ code style
-- Configured uncrustify additional arguments: 
-- Added test 'xmllint' to check XML markup files
-- Configuring done
-- Generating done
-- Build files have been written to: /home/rizkymille/ros2-examples/build/example_programs
[35m[1mScanning dependencies of target HeaderMultiexecutor[0m
[35m[1mScanning dependencies of target Header[0m
[35m[1mScanning dependencies of target listener_server_cpp[0m
[35m[1mScanning dependencies of target talker_client_cpp[0m
[  8%] [32mBuilding CXX object CMakeFiles/Header.dir/src/Header.cpp.o[0m
[ 16%] [32mBuilding CXX object CMakeFiles/talker_client_cpp.dir/src/talker_client.cpp.o[0m
[ 25%] [32mBuilding CXX object CMakeFiles/HeaderMultiexecutor.dir/src/HeaderMultiexecutor.cpp.o[0m
[ 33%] [32mBuilding CXX object CMakeFiles/listener_server_cpp.dir/src/listener_server.cpp.o[0m
[01m[K/home/rizkymille/ros2-examples/example_programs/src/talker_client.cpp:[m[K In constructor ‘[01m[KTalkerClientCpp::TalkerClientCpp()[m[K’:
[01m[K/home/rizkymille/ros2-examples/example_programs/src/talker_client.cpp:46:65:[m[K [01;31m[Kerror: [m[Kno matching function for call to ‘[01m[KTalkerClientCpp::declare_parameter<std::string>(const char [20])[m[K’
   46 |       this->declare_parameter<std::string>("example_param/input"[01;31m[K)[m[K;
      |                                                                 [01;31m[K^[m[K
In file included from [01m[K/opt/ros/foxy/include/rclcpp/node.hpp:1224[m[K,
                 from [01m[K/opt/ros/foxy/include/rclcpp/executors/single_threaded_executor.hpp:28[m[K,
                 from [01m[K/opt/ros/foxy/include/rclcpp/executors.hpp:22[m[K,
                 from [01m[K/opt/ros/foxy/include/rclcpp/rclcpp.hpp:146[m[K,
                 from [01m[K/home/rizkymille/ros2-examples/example_programs/src/talker_client.cpp:7[m[K:
[01m[K/opt/ros/foxy/include/rclcpp/node_impl.hpp:157:1:[m[K [01;36m[Knote: [m[Kcandidate: ‘[01m[Kauto rclcpp::Node::declare_parameter(const string&, const ParameterT&, const ParameterDescriptor&, bool) [with ParameterT = std::__cxx11::basic_string<char>; std::string = std::__cxx11::basic_string<char>; rcl_interfaces::msg::ParameterDescriptor = rcl_interfaces::msg::ParameterDescriptor_<std::allocator<void> >][m[K’
  157 | [01;36m[KNode[m[K::declare_parameter(
      | [01;36m[K^~~~[m[K
[01m[K/opt/ros/foxy/include/rclcpp/node_impl.hpp:157:1:[m[K [01;36m[Knote: [m[K  candidate expects 4 arguments, 1 provided
[01m[K/home/rizkymille/ros2-examples/example_programs/src/talker_client.cpp:48:56:[m[K [01;31m[Kerror: [m[Kno matching function for call to ‘[01m[KTalkerClientCpp::declare_parameter<int>(const char [19])[m[K’
   48 |       this->declare_parameter<int>("example_param/bruh"[01;31m[K)[m[K;
      |                                                        [01;31m[K^[m[K
In file included from [01m[K/opt/ros/foxy/include/rclcpp/node.hpp:1224[m[K,
                 from [01m[K/opt/ros/foxy/include/rclcpp/executors/single_threaded_executor.hpp:28[m[K,
                 from [01m[K/opt/ros/foxy/include/rclcpp/executors.hpp:22[m[K,
                 from [01m[K/opt/ros/foxy/include/rclcpp/rclcpp.hpp:146[m[K,
                 from [01m[K/home/rizkymille/ros2-examples/example_programs/src/talker_client.cpp:7[m[K:
[01m[K/opt/ros/foxy/include/rclcpp/node_impl.hpp:157:1:[m[K [01;36m[Knote: [m[Kcandidate: ‘[01m[Kauto rclcpp::Node::declare_parameter(const string&, const ParameterT&, const ParameterDescriptor&, bool) [with ParameterT = int; std::string = std::__cxx11::basic_string<char>; rcl_interfaces::msg::ParameterDescriptor = rcl_interfaces::msg::ParameterDescriptor_<std::allocator<void> >][m[K’
  157 | [01;36m[KNode[m[K::declare_parameter(
      | [01;36m[K^~~~[m[K
[01m[K/opt/ros/foxy/include/rclcpp/node_impl.hpp:157:1:[m[K [01;36m[Knote: [m[K  candidate expects 4 arguments, 1 provided
make[2]: *** [CMakeFiles/talker_client_cpp.dir/build.make:63: CMakeFiles/talker_client_cpp.dir/src/talker_client.cpp.o] Error 1
make[1]: *** [CMakeFiles/Makefile2:223: CMakeFiles/talker_client_cpp.dir/all] Error 2
make[1]: *** Waiting for unfinished jobs....
[ 41%] [32m[1mLinking CXX shared library libHeader.so[0m
[ 50%] [32m[1mLinking CXX executable listener_server_cpp[0m
[ 58%] [32m[1mLinking CXX shared library libHeaderMultiexecutor.so[0m
[ 58%] Built target Header
[ 58%] Built target listener_server_cpp
[ 58%] Built target HeaderMultiexecutor
make: *** [Makefile:141: all] Error 2
