[0.846s] DEBUG:colcon:Command line arguments: ['/usr/bin/colcon', 'build']
[0.847s] DEBUG:colcon:Parsed command line arguments: Namespace(allow_overriding=[], ament_cmake_args=None, base_paths=['.'], build_base='build', catkin_cmake_args=None, catkin_skip_building_tests=False, cmake_args=None, cmake_clean_cache=False, cmake_clean_first=False, cmake_force_configure=False, cmake_target=None, cmake_target_skip_unavailable=False, continue_on_error=False, event_handlers=None, executor='parallel', ignore_user_meta=False, install_base='install', log_base=None, log_level=None, main=<bound method BuildVerb.main of <colcon_core.verb.build.BuildVerb object at 0x7f7d4dd2ef10>>, merge_install=False, metas=['./colcon.meta'], packages_above=None, packages_above_and_dependencies=None, packages_above_depth=None, packages_end=None, packages_ignore=None, packages_ignore_regex=None, packages_select=None, packages_select_build_failed=False, packages_select_by_dep=None, packages_select_regex=None, packages_select_test_failures=False, packages_skip=None, packages_skip_build_finished=False, packages_skip_by_dep=None, packages_skip_regex=None, packages_skip_test_passed=False, packages_skip_up_to=None, packages_start=None, packages_up_to=None, packages_up_to_regex=None, parallel_workers=8, paths=None, symlink_install=False, test_result_base=None, verb_extension=<colcon_core.verb.build.BuildVerb object at 0x7f7d4dd2ef10>, verb_name='build', verb_parser=<colcon_defaults.argument_parser.defaults.DefaultArgumentsDecorator object at 0x7f7d4dcf9a60>)
[0.936s] Level 1:colcon.colcon_core.package_discovery:discover_packages(colcon_meta) check parameters
[0.936s] Level 1:colcon.colcon_core.package_discovery:discover_packages(recursive) check parameters
[0.936s] Level 1:colcon.colcon_core.package_discovery:discover_packages(ignore) check parameters
[0.936s] Level 1:colcon.colcon_core.package_discovery:discover_packages(path) check parameters
[0.936s] Level 1:colcon.colcon_core.package_discovery:discover_packages(colcon_meta) discover
[0.937s] Level 1:colcon.colcon_core.package_discovery:discover_packages(recursive) discover
[0.937s] INFO:colcon.colcon_core.package_discovery:Crawling recursively for packages in '/home/rizkymille/ros2-examples'
[0.937s] Level 1:colcon.colcon_core.package_identification:_identify(.) by extensions ['ignore', 'ignore_ament_install']
[0.937s] Level 1:colcon.colcon_core.package_identification:_identify(.) by extension 'ignore'
[0.937s] Level 1:colcon.colcon_core.package_identification:_identify(.) by extension 'ignore_ament_install'
[0.937s] Level 1:colcon.colcon_core.package_identification:_identify(.) by extensions ['colcon_pkg']
[0.937s] Level 1:colcon.colcon_core.package_identification:_identify(.) by extension 'colcon_pkg'
[0.937s] Level 1:colcon.colcon_core.package_identification:_identify(.) by extensions ['colcon_meta']
[0.937s] Level 1:colcon.colcon_core.package_identification:_identify(.) by extension 'colcon_meta'
[0.937s] Level 1:colcon.colcon_core.package_identification:_identify(.) by extensions ['ros']
[0.937s] Level 1:colcon.colcon_core.package_identification:_identify(.) by extension 'ros'
[0.957s] Level 1:colcon.colcon_core.package_identification:_identify(.) by extensions ['cmake', 'python']
[0.957s] Level 1:colcon.colcon_core.package_identification:_identify(.) by extension 'cmake'
[0.957s] Level 1:colcon.colcon_core.package_identification:_identify(.) by extension 'python'
[0.957s] Level 1:colcon.colcon_core.package_identification:_identify(.) by extensions ['python_setup_py']
[0.958s] Level 1:colcon.colcon_core.package_identification:_identify(.) by extension 'python_setup_py'
[0.958s] Level 1:colcon.colcon_core.package_identification:_identify(build) by extensions ['ignore', 'ignore_ament_install']
[0.958s] Level 1:colcon.colcon_core.package_identification:_identify(build) by extension 'ignore'
[0.958s] Level 1:colcon.colcon_core.package_identification:_identify(build) ignored
[0.958s] Level 1:colcon.colcon_core.package_identification:_identify(example_infs) by extensions ['ignore', 'ignore_ament_install']
[0.958s] Level 1:colcon.colcon_core.package_identification:_identify(example_infs) by extension 'ignore'
[0.958s] Level 1:colcon.colcon_core.package_identification:_identify(example_infs) by extension 'ignore_ament_install'
[0.958s] Level 1:colcon.colcon_core.package_identification:_identify(example_infs) by extensions ['colcon_pkg']
[0.958s] Level 1:colcon.colcon_core.package_identification:_identify(example_infs) by extension 'colcon_pkg'
[0.958s] Level 1:colcon.colcon_core.package_identification:_identify(example_infs) by extensions ['colcon_meta']
[0.958s] Level 1:colcon.colcon_core.package_identification:_identify(example_infs) by extension 'colcon_meta'
[0.958s] Level 1:colcon.colcon_core.package_identification:_identify(example_infs) by extensions ['ros']
[0.958s] Level 1:colcon.colcon_core.package_identification:_identify(example_infs) by extension 'ros'
[0.962s] DEBUG:colcon.colcon_core.package_identification:Package 'example_infs' with type 'ros.ament_cmake' and name 'example_infs'
[0.963s] Level 1:colcon.colcon_core.package_identification:_identify(example_programs) by extensions ['ignore', 'ignore_ament_install']
[0.963s] Level 1:colcon.colcon_core.package_identification:_identify(example_programs) by extension 'ignore'
[0.963s] Level 1:colcon.colcon_core.package_identification:_identify(example_programs) by extension 'ignore_ament_install'
[0.963s] Level 1:colcon.colcon_core.package_identification:_identify(example_programs) by extensions ['colcon_pkg']
[0.963s] Level 1:colcon.colcon_core.package_identification:_identify(example_programs) by extension 'colcon_pkg'
[0.963s] Level 1:colcon.colcon_core.package_identification:_identify(example_programs) by extensions ['colcon_meta']
[0.963s] Level 1:colcon.colcon_core.package_identification:_identify(example_programs) by extension 'colcon_meta'
[0.963s] Level 1:colcon.colcon_core.package_identification:_identify(example_programs) by extensions ['ros']
[0.963s] Level 1:colcon.colcon_core.package_identification:_identify(example_programs) by extension 'ros'
[0.964s] DEBUG:colcon.colcon_core.package_identification:Package 'example_programs' with type 'ros.ament_cmake' and name 'example_programs'
[0.964s] Level 1:colcon.colcon_core.package_identification:_identify(install) by extensions ['ignore', 'ignore_ament_install']
[0.964s] Level 1:colcon.colcon_core.package_identification:_identify(install) by extension 'ignore'
[0.964s] Level 1:colcon.colcon_core.package_identification:_identify(install) ignored
[0.964s] Level 1:colcon.colcon_core.package_identification:_identify(log) by extensions ['ignore', 'ignore_ament_install']
[0.965s] Level 1:colcon.colcon_core.package_identification:_identify(log) by extension 'ignore'
[0.965s] Level 1:colcon.colcon_core.package_identification:_identify(log) ignored
[0.965s] Level 1:colcon.colcon_core.package_discovery:discover_packages(recursive) using defaults
[0.965s] Level 1:colcon.colcon_core.package_discovery:discover_packages(ignore) discover
[0.965s] Level 1:colcon.colcon_core.package_discovery:discover_packages(ignore) using defaults
[0.965s] Level 1:colcon.colcon_core.package_discovery:discover_packages(path) discover
[0.965s] Level 1:colcon.colcon_core.package_discovery:discover_packages(path) using defaults
[0.997s] Level 1:colcon.colcon_core.package_discovery:discover_packages(prefix_path) check parameters
[0.997s] Level 1:colcon.colcon_core.package_discovery:discover_packages(prefix_path) discover
[1.002s] DEBUG:colcon.colcon_installed_package_information.package_discovery:Found 256 installed packages in /opt/ros/foxy
[1.004s] Level 1:colcon.colcon_core.package_discovery:discover_packages(prefix_path) using defaults
[1.099s] Level 5:colcon.colcon_core.verb:set package 'example_infs' build argument 'cmake_args' from command line to 'None'
[1.099s] Level 5:colcon.colcon_core.verb:set package 'example_infs' build argument 'cmake_target' from command line to 'None'
[1.099s] Level 5:colcon.colcon_core.verb:set package 'example_infs' build argument 'cmake_target_skip_unavailable' from command line to 'False'
[1.099s] Level 5:colcon.colcon_core.verb:set package 'example_infs' build argument 'cmake_clean_cache' from command line to 'False'
[1.099s] Level 5:colcon.colcon_core.verb:set package 'example_infs' build argument 'cmake_clean_first' from command line to 'False'
[1.099s] Level 5:colcon.colcon_core.verb:set package 'example_infs' build argument 'cmake_force_configure' from command line to 'False'
[1.099s] Level 5:colcon.colcon_core.verb:set package 'example_infs' build argument 'ament_cmake_args' from command line to 'None'
[1.099s] Level 5:colcon.colcon_core.verb:set package 'example_infs' build argument 'catkin_cmake_args' from command line to 'None'
[1.099s] Level 5:colcon.colcon_core.verb:set package 'example_infs' build argument 'catkin_skip_building_tests' from command line to 'False'
[1.100s] DEBUG:colcon.colcon_core.verb:Building package 'example_infs' with the following arguments: {'ament_cmake_args': None, 'build_base': '/home/rizkymille/ros2-examples/build/example_infs', 'catkin_cmake_args': None, 'catkin_skip_building_tests': False, 'cmake_args': None, 'cmake_clean_cache': False, 'cmake_clean_first': False, 'cmake_force_configure': False, 'cmake_target': None, 'cmake_target_skip_unavailable': False, 'install_base': '/home/rizkymille/ros2-examples/install/example_infs', 'merge_install': False, 'path': '/home/rizkymille/ros2-examples/example_infs', 'symlink_install': False, 'test_result_base': None}
[1.101s] Level 5:colcon.colcon_core.verb:set package 'example_programs' build argument 'cmake_args' from command line to 'None'
[1.101s] Level 5:colcon.colcon_core.verb:set package 'example_programs' build argument 'cmake_target' from command line to 'None'
[1.101s] Level 5:colcon.colcon_core.verb:set package 'example_programs' build argument 'cmake_target_skip_unavailable' from command line to 'False'
[1.101s] Level 5:colcon.colcon_core.verb:set package 'example_programs' build argument 'cmake_clean_cache' from command line to 'False'
[1.101s] Level 5:colcon.colcon_core.verb:set package 'example_programs' build argument 'cmake_clean_first' from command line to 'False'
[1.101s] Level 5:colcon.colcon_core.verb:set package 'example_programs' build argument 'cmake_force_configure' from command line to 'False'
[1.101s] Level 5:colcon.colcon_core.verb:set package 'example_programs' build argument 'ament_cmake_args' from command line to 'None'
[1.101s] Level 5:colcon.colcon_core.verb:set package 'example_programs' build argument 'catkin_cmake_args' from command line to 'None'
[1.101s] Level 5:colcon.colcon_core.verb:set package 'example_programs' build argument 'catkin_skip_building_tests' from command line to 'False'
[1.101s] DEBUG:colcon.colcon_core.verb:Building package 'example_programs' with the following arguments: {'ament_cmake_args': None, 'build_base': '/home/rizkymille/ros2-examples/build/example_programs', 'catkin_cmake_args': None, 'catkin_skip_building_tests': False, 'cmake_args': None, 'cmake_clean_cache': False, 'cmake_clean_first': False, 'cmake_force_configure': False, 'cmake_target': None, 'cmake_target_skip_unavailable': False, 'install_base': '/home/rizkymille/ros2-examples/install/example_programs', 'merge_install': False, 'path': '/home/rizkymille/ros2-examples/example_programs', 'symlink_install': False, 'test_result_base': None}
[1.102s] INFO:colcon.colcon_core.executor:Executing jobs using 'parallel' executor
[1.108s] DEBUG:colcon.colcon_parallel_executor.executor.parallel:run_until_complete
[1.108s] INFO:colcon.colcon_ros.task.ament_cmake.build:Building ROS package in '/home/rizkymille/ros2-examples/example_infs' with build type 'ament_cmake'
[1.108s] INFO:colcon.colcon_cmake.task.cmake.build:Building CMake package in '/home/rizkymille/ros2-examples/example_infs'
[1.117s] INFO:colcon.colcon_core.plugin_system:Skipping extension 'colcon_core.shell.bat': Not used on non-Windows systems
[1.117s] INFO:colcon.colcon_core.shell:Skip shell extension 'powershell' for command environment: Not usable outside of PowerShell
[1.117s] DEBUG:colcon.colcon_core.shell:Skip shell extension 'dsv' for command environment
[1.133s] DEBUG:colcon.colcon_core.event_handler.log_command:Invoking command in '/home/rizkymille/ros2-examples/build/example_infs': CMAKE_PREFIX_PATH=/opt/ros/foxy /usr/bin/cmake /home/rizkymille/ros2-examples/example_infs -DCMAKE_INSTALL_PREFIX=/home/rizkymille/ros2-examples/install/example_infs
[3.759s] DEBUG:colcon.colcon_core.event_handler.log_command:Invoked command in '/home/rizkymille/ros2-examples/build/example_infs' returned '0': CMAKE_PREFIX_PATH=/opt/ros/foxy /usr/bin/cmake /home/rizkymille/ros2-examples/example_infs -DCMAKE_INSTALL_PREFIX=/home/rizkymille/ros2-examples/install/example_infs
[3.766s] DEBUG:colcon.colcon_core.event_handler.log_command:Invoking command in '/home/rizkymille/ros2-examples/build/example_infs': CMAKE_PREFIX_PATH=/opt/ros/foxy /usr/bin/cmake --build /home/rizkymille/ros2-examples/build/example_infs -- -j8 -l8
[9.708s] DEBUG:colcon.colcon_core.event_handler.log_command:Invoked command in '/home/rizkymille/ros2-examples/build/example_infs' returned '0': CMAKE_PREFIX_PATH=/opt/ros/foxy /usr/bin/cmake --build /home/rizkymille/ros2-examples/build/example_infs -- -j8 -l8
[9.832s] DEBUG:colcon.colcon_core.event_handler.log_command:Invoking command in '/home/rizkymille/ros2-examples/build/example_infs': CMAKE_PREFIX_PATH=/opt/ros/foxy /usr/bin/cmake --install /home/rizkymille/ros2-examples/build/example_infs
[9.919s] Level 1:colcon.colcon_core.environment:create_environment_scripts_only(example_infs)
[9.922s] DEBUG:colcon.colcon_core.event_handler.log_command:Invoked command in '/home/rizkymille/ros2-examples/build/example_infs' returned '0': CMAKE_PREFIX_PATH=/opt/ros/foxy /usr/bin/cmake --install /home/rizkymille/ros2-examples/build/example_infs
[9.933s] Level 1:colcon.colcon_core.environment:checking '/home/rizkymille/ros2-examples/install/example_infs' for CMake module files
[9.933s] Level 1:colcon.colcon_core.environment:checking '/home/rizkymille/ros2-examples/install/example_infs' for CMake config files
[9.934s] Level 1:colcon.colcon_core.shell:create_environment_hook('example_infs', 'cmake_prefix_path')
[9.936s] INFO:colcon.colcon_core.shell:Creating environment hook '/home/rizkymille/ros2-examples/install/example_infs/share/example_infs/hook/cmake_prefix_path.ps1'
[9.937s] INFO:colcon.colcon_core.shell:Creating environment descriptor '/home/rizkymille/ros2-examples/install/example_infs/share/example_infs/hook/cmake_prefix_path.dsv'
[9.938s] INFO:colcon.colcon_core.shell:Creating environment hook '/home/rizkymille/ros2-examples/install/example_infs/share/example_infs/hook/cmake_prefix_path.sh'
[9.939s] Level 1:colcon.colcon_core.environment:checking '/home/rizkymille/ros2-examples/install/example_infs/lib'
[9.939s] Level 1:colcon.colcon_core.shell:create_environment_hook('example_infs', 'ld_library_path_lib')
[9.941s] INFO:colcon.colcon_core.shell:Creating environment hook '/home/rizkymille/ros2-examples/install/example_infs/share/example_infs/hook/ld_library_path_lib.ps1'
[9.941s] INFO:colcon.colcon_core.shell:Creating environment descriptor '/home/rizkymille/ros2-examples/install/example_infs/share/example_infs/hook/ld_library_path_lib.dsv'
[9.941s] INFO:colcon.colcon_core.shell:Creating environment hook '/home/rizkymille/ros2-examples/install/example_infs/share/example_infs/hook/ld_library_path_lib.sh'
[9.942s] Level 1:colcon.colcon_core.environment:checking '/home/rizkymille/ros2-examples/install/example_infs/bin'
[9.942s] Level 1:colcon.colcon_core.environment:checking '/home/rizkymille/ros2-examples/install/example_infs/lib/pkgconfig/example_infs.pc'
[9.942s] Level 1:colcon.colcon_core.environment:checking '/home/rizkymille/ros2-examples/install/example_infs/lib/python3.8/site-packages'
[9.942s] Level 1:colcon.colcon_core.shell:create_environment_hook('example_infs', 'pythonpath')
[9.944s] INFO:colcon.colcon_core.shell:Creating environment hook '/home/rizkymille/ros2-examples/install/example_infs/share/example_infs/hook/pythonpath.ps1'
[9.944s] INFO:colcon.colcon_core.shell:Creating environment descriptor '/home/rizkymille/ros2-examples/install/example_infs/share/example_infs/hook/pythonpath.dsv'
[9.945s] INFO:colcon.colcon_core.shell:Creating environment hook '/home/rizkymille/ros2-examples/install/example_infs/share/example_infs/hook/pythonpath.sh'
[9.945s] Level 1:colcon.colcon_core.environment:checking '/home/rizkymille/ros2-examples/install/example_infs/bin'
[9.947s] INFO:colcon.colcon_core.shell:Creating package script '/home/rizkymille/ros2-examples/install/example_infs/share/example_infs/package.ps1'
[9.949s] INFO:colcon.colcon_core.shell:Creating package descriptor '/home/rizkymille/ros2-examples/install/example_infs/share/example_infs/package.dsv'
[9.950s] INFO:colcon.colcon_core.shell:Creating package script '/home/rizkymille/ros2-examples/install/example_infs/share/example_infs/package.sh'
[9.951s] INFO:colcon.colcon_core.shell:Creating package script '/home/rizkymille/ros2-examples/install/example_infs/share/example_infs/package.bash'
[9.951s] INFO:colcon.colcon_core.shell:Creating package script '/home/rizkymille/ros2-examples/install/example_infs/share/example_infs/package.zsh'
[9.952s] Level 1:colcon.colcon_core.environment:create_file_with_runtime_dependencies(/home/rizkymille/ros2-examples/install/example_infs/share/colcon-core/packages/example_infs)
[10.051s] Level 1:colcon.colcon_core.environment:create_environment_scripts_only(example_infs)
[10.055s] Level 1:colcon.colcon_core.environment:checking '/home/rizkymille/ros2-examples/install/example_infs' for CMake module files
[10.055s] Level 1:colcon.colcon_core.environment:checking '/home/rizkymille/ros2-examples/install/example_infs' for CMake config files
[10.056s] Level 1:colcon.colcon_core.shell:create_environment_hook('example_infs', 'cmake_prefix_path')
[10.058s] INFO:colcon.colcon_core.shell:Creating environment hook '/home/rizkymille/ros2-examples/install/example_infs/share/example_infs/hook/cmake_prefix_path.ps1'
[10.059s] INFO:colcon.colcon_core.shell:Creating environment descriptor '/home/rizkymille/ros2-examples/install/example_infs/share/example_infs/hook/cmake_prefix_path.dsv'
[10.059s] INFO:colcon.colcon_core.shell:Creating environment hook '/home/rizkymille/ros2-examples/install/example_infs/share/example_infs/hook/cmake_prefix_path.sh'
[10.059s] Level 1:colcon.colcon_core.environment:checking '/home/rizkymille/ros2-examples/install/example_infs/lib'
[10.060s] Level 1:colcon.colcon_core.shell:create_environment_hook('example_infs', 'ld_library_path_lib')
[10.062s] INFO:colcon.colcon_core.shell:Creating environment hook '/home/rizkymille/ros2-examples/install/example_infs/share/example_infs/hook/ld_library_path_lib.ps1'
[10.062s] INFO:colcon.colcon_core.shell:Creating environment descriptor '/home/rizkymille/ros2-examples/install/example_infs/share/example_infs/hook/ld_library_path_lib.dsv'
[10.063s] INFO:colcon.colcon_core.shell:Creating environment hook '/home/rizkymille/ros2-examples/install/example_infs/share/example_infs/hook/ld_library_path_lib.sh'
[10.063s] Level 1:colcon.colcon_core.environment:checking '/home/rizkymille/ros2-examples/install/example_infs/bin'
[10.063s] Level 1:colcon.colcon_core.environment:checking '/home/rizkymille/ros2-examples/install/example_infs/lib/pkgconfig/example_infs.pc'
[10.064s] Level 1:colcon.colcon_core.environment:checking '/home/rizkymille/ros2-examples/install/example_infs/lib/python3.8/site-packages'
[10.064s] Level 1:colcon.colcon_core.shell:create_environment_hook('example_infs', 'pythonpath')
[10.066s] INFO:colcon.colcon_core.shell:Creating environment hook '/home/rizkymille/ros2-examples/install/example_infs/share/example_infs/hook/pythonpath.ps1'
[10.066s] INFO:colcon.colcon_core.shell:Creating environment descriptor '/home/rizkymille/ros2-examples/install/example_infs/share/example_infs/hook/pythonpath.dsv'
[10.067s] INFO:colcon.colcon_core.shell:Creating environment hook '/home/rizkymille/ros2-examples/install/example_infs/share/example_infs/hook/pythonpath.sh'
[10.067s] Level 1:colcon.colcon_core.environment:checking '/home/rizkymille/ros2-examples/install/example_infs/bin'
[10.069s] INFO:colcon.colcon_core.shell:Creating package script '/home/rizkymille/ros2-examples/install/example_infs/share/example_infs/package.ps1'
[10.070s] INFO:colcon.colcon_core.shell:Creating package descriptor '/home/rizkymille/ros2-examples/install/example_infs/share/example_infs/package.dsv'
[10.070s] INFO:colcon.colcon_core.shell:Creating package script '/home/rizkymille/ros2-examples/install/example_infs/share/example_infs/package.sh'
[10.071s] INFO:colcon.colcon_core.shell:Creating package script '/home/rizkymille/ros2-examples/install/example_infs/share/example_infs/package.bash'
[10.071s] INFO:colcon.colcon_core.shell:Creating package script '/home/rizkymille/ros2-examples/install/example_infs/share/example_infs/package.zsh'
[10.072s] Level 1:colcon.colcon_core.environment:create_file_with_runtime_dependencies(/home/rizkymille/ros2-examples/install/example_infs/share/colcon-core/packages/example_infs)
[10.072s] INFO:colcon.colcon_ros.task.ament_cmake.build:Building ROS package in '/home/rizkymille/ros2-examples/example_programs' with build type 'ament_cmake'
[10.072s] INFO:colcon.colcon_cmake.task.cmake.build:Building CMake package in '/home/rizkymille/ros2-examples/example_programs'
[10.074s] INFO:colcon.colcon_core.shell:Skip shell extension 'powershell' for command environment: Not usable outside of PowerShell
[10.074s] DEBUG:colcon.colcon_core.shell:Skip shell extension 'dsv' for command environment
[10.096s] DEBUG:colcon.colcon_core.event_handler.log_command:Invoking command in '/home/rizkymille/ros2-examples/build/example_programs': AMENT_PREFIX_PATH=/home/rizkymille/ros2-examples/install/example_infs:${AMENT_PREFIX_PATH} CMAKE_PREFIX_PATH=/home/rizkymille/ros2-examples/install/example_infs:/opt/ros/foxy LD_LIBRARY_PATH=/home/rizkymille/ros2-examples/install/example_infs/lib:${LD_LIBRARY_PATH} PYTHONPATH=/home/rizkymille/ros2-examples/install/example_infs/lib/python3.8/site-packages:${PYTHONPATH} /usr/bin/cmake /home/rizkymille/ros2-examples/example_programs -DCMAKE_INSTALL_PREFIX=/home/rizkymille/ros2-examples/install/example_programs
[12.847s] DEBUG:colcon.colcon_core.event_handler.log_command:Invoked command in '/home/rizkymille/ros2-examples/build/example_programs' returned '0': AMENT_PREFIX_PATH=/home/rizkymille/ros2-examples/install/example_infs:${AMENT_PREFIX_PATH} CMAKE_PREFIX_PATH=/home/rizkymille/ros2-examples/install/example_infs:/opt/ros/foxy LD_LIBRARY_PATH=/home/rizkymille/ros2-examples/install/example_infs/lib:${LD_LIBRARY_PATH} PYTHONPATH=/home/rizkymille/ros2-examples/install/example_infs/lib/python3.8/site-packages:${PYTHONPATH} /usr/bin/cmake /home/rizkymille/ros2-examples/example_programs -DCMAKE_INSTALL_PREFIX=/home/rizkymille/ros2-examples/install/example_programs
[12.851s] DEBUG:colcon.colcon_core.event_handler.log_command:Invoking command in '/home/rizkymille/ros2-examples/build/example_programs': AMENT_PREFIX_PATH=/home/rizkymille/ros2-examples/install/example_infs:${AMENT_PREFIX_PATH} CMAKE_PREFIX_PATH=/home/rizkymille/ros2-examples/install/example_infs:/opt/ros/foxy LD_LIBRARY_PATH=/home/rizkymille/ros2-examples/install/example_infs/lib:${LD_LIBRARY_PATH} PYTHONPATH=/home/rizkymille/ros2-examples/install/example_infs/lib/python3.8/site-packages:${PYTHONPATH} /usr/bin/cmake --build /home/rizkymille/ros2-examples/build/example_programs -- -j8 -l8
[22.004s] DEBUG:colcon.colcon_core.event_handler.log_command:Invoked command in '/home/rizkymille/ros2-examples/build/example_programs' returned '2': AMENT_PREFIX_PATH=/home/rizkymille/ros2-examples/install/example_infs:${AMENT_PREFIX_PATH} CMAKE_PREFIX_PATH=/home/rizkymille/ros2-examples/install/example_infs:/opt/ros/foxy LD_LIBRARY_PATH=/home/rizkymille/ros2-examples/install/example_infs/lib:${LD_LIBRARY_PATH} PYTHONPATH=/home/rizkymille/ros2-examples/install/example_infs/lib/python3.8/site-packages:${PYTHONPATH} /usr/bin/cmake --build /home/rizkymille/ros2-examples/build/example_programs -- -j8 -l8
[22.059s] Level 1:colcon.colcon_core.environment:create_environment_scripts_only(example_programs)
[22.065s] Level 1:colcon.colcon_core.environment:checking '/home/rizkymille/ros2-examples/install/example_programs' for CMake module files
[22.066s] Level 1:colcon.colcon_core.environment:checking '/home/rizkymille/ros2-examples/install/example_programs' for CMake config files
[22.066s] Level 1:colcon.colcon_core.environment:checking '/home/rizkymille/ros2-examples/install/example_programs/bin'
[22.066s] Level 1:colcon.colcon_core.environment:checking '/home/rizkymille/ros2-examples/install/example_programs/lib/pkgconfig/example_programs.pc'
[22.066s] Level 1:colcon.colcon_core.environment:checking '/home/rizkymille/ros2-examples/install/example_programs/lib/python3.8/site-packages'
[22.066s] Level 1:colcon.colcon_core.environment:checking '/home/rizkymille/ros2-examples/install/example_programs/bin'
[22.067s] INFO:colcon.colcon_core.shell:Creating package script '/home/rizkymille/ros2-examples/install/example_programs/share/example_programs/package.ps1'
[22.068s] INFO:colcon.colcon_core.shell:Creating package descriptor '/home/rizkymille/ros2-examples/install/example_programs/share/example_programs/package.dsv'
[22.068s] INFO:colcon.colcon_core.shell:Creating package script '/home/rizkymille/ros2-examples/install/example_programs/share/example_programs/package.sh'
[22.069s] INFO:colcon.colcon_core.shell:Creating package script '/home/rizkymille/ros2-examples/install/example_programs/share/example_programs/package.bash'
[22.069s] INFO:colcon.colcon_core.shell:Creating package script '/home/rizkymille/ros2-examples/install/example_programs/share/example_programs/package.zsh'
[22.069s] Level 1:colcon.colcon_core.environment:create_file_with_runtime_dependencies(/home/rizkymille/ros2-examples/install/example_programs/share/colcon-core/packages/example_programs)
[22.080s] DEBUG:colcon.colcon_parallel_executor.executor.parallel:closing loop
[22.080s] DEBUG:colcon.colcon_parallel_executor.executor.parallel:loop closed
[22.080s] DEBUG:colcon.colcon_parallel_executor.executor.parallel:run_until_complete finished with '2'
[22.080s] DEBUG:colcon.colcon_core.event_reactor:joining thread
[22.092s] INFO:colcon.colcon_core.plugin_system:Skipping extension 'colcon_notification.desktop_notification.notify_send': Could not find 'notify-send'
[22.092s] INFO:colcon.colcon_core.plugin_system:Skipping extension 'colcon_notification.desktop_notification.terminal_notifier': Not used on non-Darwin systems
[22.092s] INFO:colcon.colcon_core.plugin_system:Skipping extension 'colcon_notification.desktop_notification.win32': Not used on non-Windows systems
[22.093s] INFO:colcon.colcon_notification.desktop_notification:Sending desktop notification using 'notify2'
[22.177s] DEBUG:colcon.colcon_core.event_reactor:joined thread
[22.179s] INFO:colcon.colcon_core.shell:Creating prefix script '/home/rizkymille/ros2-examples/install/local_setup.ps1'
[22.181s] INFO:colcon.colcon_core.shell:Creating prefix util module '/home/rizkymille/ros2-examples/install/_local_setup_util_ps1.py'
[22.183s] INFO:colcon.colcon_core.shell:Creating prefix chain script '/home/rizkymille/ros2-examples/install/setup.ps1'
[22.184s] INFO:colcon.colcon_core.shell:Creating prefix script '/home/rizkymille/ros2-examples/install/local_setup.sh'
[22.185s] INFO:colcon.colcon_core.shell:Creating prefix util module '/home/rizkymille/ros2-examples/install/_local_setup_util_sh.py'
[22.185s] INFO:colcon.colcon_core.shell:Creating prefix chain script '/home/rizkymille/ros2-examples/install/setup.sh'
[22.187s] INFO:colcon.colcon_core.shell:Creating prefix script '/home/rizkymille/ros2-examples/install/local_setup.bash'
[22.187s] INFO:colcon.colcon_core.shell:Creating prefix chain script '/home/rizkymille/ros2-examples/install/setup.bash'
[22.188s] INFO:colcon.colcon_core.shell:Creating prefix script '/home/rizkymille/ros2-examples/install/local_setup.zsh'
[22.189s] INFO:colcon.colcon_core.shell:Creating prefix chain script '/home/rizkymille/ros2-examples/install/setup.zsh'
