[  2%] Built target example_infs__cpp
[ 12%] Built target example_infs__rosidl_generator_c
[ 34%] Built target example_infs__rosidl_typesupport_introspection_cpp
[ 34%] Built target example_infs__rosidl_typesupport_cpp
[ 65%] Built target example_infs__rosidl_typesupport_fastrtps_cpp
[ 65%] Built target example_infs__rosidl_typesupport_introspection_c
[ 65%] Built target example_infs__rosidl_typesupport_c
[ 76%] Built target example_infs__rosidl_typesupport_fastrtps_c
[ 76%] Built target example_infs
[ 78%] Built target example_infs__py
[ 87%] Built target example_infs__python
[ 95%] Built target example_infs__rosidl_typesupport_introspection_c__pyext
[ 95%] Built target example_infs__rosidl_typesupport_c__pyext
[100%] Built target example_infs__rosidl_typesupport_fastrtps_c__pyext
-- Install configuration: ""
-- Up-to-date: /home/rizkymille/ros2-examples/install/example_infs/share/ament_index/resource_index/rosidl_interfaces/example_infs
-- Up-to-date: /home/rizkymille/ros2-examples/install/example_infs/include/example_infs
-- Up-to-date: /home/rizkymille/ros2-examples/install/example_infs/include/example_infs/action
-- Up-to-date: /home/rizkymille/ros2-examples/install/example_infs/include/example_infs/action/bruh.h
-- Up-to-date: /home/rizkymille/ros2-examples/install/example_infs/include/example_infs/action/detail
-- Up-to-date: /home/rizkymille/ros2-examples/install/example_infs/include/example_infs/action/detail/bruh__functions.c
-- Up-to-date: /home/rizkymille/ros2-examples/install/example_infs/include/example_infs/action/detail/bruh__type_support.h
-- Up-to-date: /home/rizkymille/ros2-examples/install/example_infs/include/example_infs/action/detail/bruh__struct.h
-- Up-to-date: /home/rizkymille/ros2-examples/install/example_infs/include/example_infs/action/detail/bruh__functions.h
-- Up-to-date: /home/rizkymille/ros2-examples/install/example_infs/include/example_infs/srv
-- Up-to-date: /home/rizkymille/ros2-examples/install/example_infs/include/example_infs/srv/print.h
-- Up-to-date: /home/rizkymille/ros2-examples/install/example_infs/include/example_infs/srv/detail
-- Up-to-date: /home/rizkymille/ros2-examples/install/example_infs/include/example_infs/srv/detail/print__functions.c
-- Up-to-date: /home/rizkymille/ros2-examples/install/example_infs/include/example_infs/srv/detail/print__struct.h
-- Up-to-date: /home/rizkymille/ros2-examples/install/example_infs/include/example_infs/srv/detail/print__type_support.h
-- Up-to-date: /home/rizkymille/ros2-examples/install/example_infs/include/example_infs/srv/detail/print__functions.h
-- Up-to-date: /home/rizkymille/ros2-examples/install/example_infs/include/example_infs/msg
-- Up-to-date: /home/rizkymille/ros2-examples/install/example_infs/include/example_infs/msg/uhuy.h
-- Up-to-date: /home/rizkymille/ros2-examples/install/example_infs/include/example_infs/msg/rosidl_generator_c__visibility_control.h
-- Up-to-date: /home/rizkymille/ros2-examples/install/example_infs/include/example_infs/msg/detail
-- Up-to-date: /home/rizkymille/ros2-examples/install/example_infs/include/example_infs/msg/detail/uhuy__functions.h
-- Up-to-date: /home/rizkymille/ros2-examples/install/example_infs/include/example_infs/msg/detail/uhuy__type_support.h
-- Up-to-date: /home/rizkymille/ros2-examples/install/example_infs/include/example_infs/msg/detail/uhuy__struct.h
-- Up-to-date: /home/rizkymille/ros2-examples/install/example_infs/include/example_infs/msg/detail/uhuy__functions.c
-- Up-to-date: /home/rizkymille/ros2-examples/install/example_infs/share/example_infs/environment/library_path.sh
-- Up-to-date: /home/rizkymille/ros2-examples/install/example_infs/share/example_infs/environment/library_path.dsv
-- Up-to-date: /home/rizkymille/ros2-examples/install/example_infs/lib/libexample_infs__rosidl_generator_c.so
-- Up-to-date: /home/rizkymille/ros2-examples/install/example_infs/include/example_infs
-- Up-to-date: /home/rizkymille/ros2-examples/install/example_infs/include/example_infs/action
-- Up-to-date: /home/rizkymille/ros2-examples/install/example_infs/include/example_infs/action/detail
-- Up-to-date: /home/rizkymille/ros2-examples/install/example_infs/include/example_infs/action/detail/bruh__rosidl_typesupport_fastrtps_c.h
-- Up-to-date: /home/rizkymille/ros2-examples/install/example_infs/include/example_infs/srv
-- Up-to-date: /home/rizkymille/ros2-examples/install/example_infs/include/example_infs/srv/detail
-- Up-to-date: /home/rizkymille/ros2-examples/install/example_infs/include/example_infs/srv/detail/print__rosidl_typesupport_fastrtps_c.h
-- Up-to-date: /home/rizkymille/ros2-examples/install/example_infs/include/example_infs/msg
-- Up-to-date: /home/rizkymille/ros2-examples/install/example_infs/include/example_infs/msg/rosidl_typesupport_fastrtps_c__visibility_control.h
-- Up-to-date: /home/rizkymille/ros2-examples/install/example_infs/include/example_infs/msg/detail
-- Up-to-date: /home/rizkymille/ros2-examples/install/example_infs/include/example_infs/msg/detail/uhuy__rosidl_typesupport_fastrtps_c.h
-- Up-to-date: /home/rizkymille/ros2-examples/install/example_infs/lib/libexample_infs__rosidl_typesupport_fastrtps_c.so
-- Up-to-date: /home/rizkymille/ros2-examples/install/example_infs/include/example_infs
-- Up-to-date: /home/rizkymille/ros2-examples/install/example_infs/include/example_infs/action
-- Up-to-date: /home/rizkymille/ros2-examples/install/example_infs/include/example_infs/action/detail
-- Up-to-date: /home/rizkymille/ros2-examples/install/example_infs/include/example_infs/action/detail/dds_fastrtps
-- Up-to-date: /home/rizkymille/ros2-examples/install/example_infs/include/example_infs/action/detail/bruh__rosidl_typesupport_fastrtps_cpp.hpp
-- Up-to-date: /home/rizkymille/ros2-examples/install/example_infs/include/example_infs/srv
-- Up-to-date: /home/rizkymille/ros2-examples/install/example_infs/include/example_infs/srv/detail
-- Up-to-date: /home/rizkymille/ros2-examples/install/example_infs/include/example_infs/srv/detail/print__rosidl_typesupport_fastrtps_cpp.hpp
-- Up-to-date: /home/rizkymille/ros2-examples/install/example_infs/include/example_infs/srv/detail/dds_fastrtps
-- Up-to-date: /home/rizkymille/ros2-examples/install/example_infs/include/example_infs/msg
-- Up-to-date: /home/rizkymille/ros2-examples/install/example_infs/include/example_infs/msg/rosidl_typesupport_fastrtps_cpp__visibility_control.h
-- Up-to-date: /home/rizkymille/ros2-examples/install/example_infs/include/example_infs/msg/detail
-- Up-to-date: /home/rizkymille/ros2-examples/install/example_infs/include/example_infs/msg/detail/dds_fastrtps
-- Up-to-date: /home/rizkymille/ros2-examples/install/example_infs/include/example_infs/msg/detail/uhuy__rosidl_typesupport_fastrtps_cpp.hpp
-- Up-to-date: /home/rizkymille/ros2-examples/install/example_infs/lib/libexample_infs__rosidl_typesupport_fastrtps_cpp.so
-- Up-to-date: /home/rizkymille/ros2-examples/install/example_infs/include/example_infs
-- Up-to-date: /home/rizkymille/ros2-examples/install/example_infs/include/example_infs/action
-- Up-to-date: /home/rizkymille/ros2-examples/install/example_infs/include/example_infs/action/detail
-- Up-to-date: /home/rizkymille/ros2-examples/install/example_infs/include/example_infs/action/detail/bruh__type_support.c
-- Up-to-date: /home/rizkymille/ros2-examples/install/example_infs/include/example_infs/action/detail/bruh__rosidl_typesupport_introspection_c.h
-- Up-to-date: /home/rizkymille/ros2-examples/install/example_infs/include/example_infs/srv
-- Up-to-date: /home/rizkymille/ros2-examples/install/example_infs/include/example_infs/srv/detail
-- Up-to-date: /home/rizkymille/ros2-examples/install/example_infs/include/example_infs/srv/detail/print__rosidl_typesupport_introspection_c.h
-- Up-to-date: /home/rizkymille/ros2-examples/install/example_infs/include/example_infs/srv/detail/print__type_support.c
-- Up-to-date: /home/rizkymille/ros2-examples/install/example_infs/include/example_infs/msg
-- Up-to-date: /home/rizkymille/ros2-examples/install/example_infs/include/example_infs/msg/rosidl_typesupport_introspection_c__visibility_control.h
-- Up-to-date: /home/rizkymille/ros2-examples/install/example_infs/include/example_infs/msg/detail
-- Up-to-date: /home/rizkymille/ros2-examples/install/example_infs/include/example_infs/msg/detail/uhuy__rosidl_typesupport_introspection_c.h
-- Up-to-date: /home/rizkymille/ros2-examples/install/example_infs/include/example_infs/msg/detail/uhuy__type_support.c
-- Up-to-date: /home/rizkymille/ros2-examples/install/example_infs/lib/libexample_infs__rosidl_typesupport_introspection_c.so
-- Up-to-date: /home/rizkymille/ros2-examples/install/example_infs/lib/libexample_infs__rosidl_typesupport_c.so
-- Up-to-date: /home/rizkymille/ros2-examples/install/example_infs/include/example_infs
-- Up-to-date: /home/rizkymille/ros2-examples/install/example_infs/include/example_infs/action
-- Up-to-date: /home/rizkymille/ros2-examples/install/example_infs/include/example_infs/action/bruh.hpp
-- Up-to-date: /home/rizkymille/ros2-examples/install/example_infs/include/example_infs/action/detail
-- Up-to-date: /home/rizkymille/ros2-examples/install/example_infs/include/example_infs/action/detail/bruh__struct.hpp
-- Up-to-date: /home/rizkymille/ros2-examples/install/example_infs/include/example_infs/action/detail/bruh__builder.hpp
-- Up-to-date: /home/rizkymille/ros2-examples/install/example_infs/include/example_infs/action/detail/bruh__traits.hpp
-- Up-to-date: /home/rizkymille/ros2-examples/install/example_infs/include/example_infs/srv
-- Up-to-date: /home/rizkymille/ros2-examples/install/example_infs/include/example_infs/srv/print.hpp
-- Up-to-date: /home/rizkymille/ros2-examples/install/example_infs/include/example_infs/srv/detail
-- Up-to-date: /home/rizkymille/ros2-examples/install/example_infs/include/example_infs/srv/detail/print__struct.hpp
-- Up-to-date: /home/rizkymille/ros2-examples/install/example_infs/include/example_infs/srv/detail/print__traits.hpp
-- Up-to-date: /home/rizkymille/ros2-examples/install/example_infs/include/example_infs/srv/detail/print__builder.hpp
-- Up-to-date: /home/rizkymille/ros2-examples/install/example_infs/include/example_infs/msg
-- Up-to-date: /home/rizkymille/ros2-examples/install/example_infs/include/example_infs/msg/uhuy.hpp
-- Up-to-date: /home/rizkymille/ros2-examples/install/example_infs/include/example_infs/msg/detail
-- Up-to-date: /home/rizkymille/ros2-examples/install/example_infs/include/example_infs/msg/detail/uhuy__builder.hpp
-- Up-to-date: /home/rizkymille/ros2-examples/install/example_infs/include/example_infs/msg/detail/uhuy__struct.hpp
-- Up-to-date: /home/rizkymille/ros2-examples/install/example_infs/include/example_infs/msg/detail/uhuy__traits.hpp
-- Up-to-date: /home/rizkymille/ros2-examples/install/example_infs/include/example_infs
-- Up-to-date: /home/rizkymille/ros2-examples/install/example_infs/include/example_infs/action
-- Up-to-date: /home/rizkymille/ros2-examples/install/example_infs/include/example_infs/action/detail
-- Up-to-date: /home/rizkymille/ros2-examples/install/example_infs/include/example_infs/action/detail/bruh__rosidl_typesupport_introspection_cpp.hpp
-- Up-to-date: /home/rizkymille/ros2-examples/install/example_infs/include/example_infs/action/detail/bruh__type_support.cpp
-- Up-to-date: /home/rizkymille/ros2-examples/install/example_infs/include/example_infs/srv
-- Up-to-date: /home/rizkymille/ros2-examples/install/example_infs/include/example_infs/srv/detail
-- Up-to-date: /home/rizkymille/ros2-examples/install/example_infs/include/example_infs/srv/detail/print__rosidl_typesupport_introspection_cpp.hpp
-- Up-to-date: /home/rizkymille/ros2-examples/install/example_infs/include/example_infs/srv/detail/print__type_support.cpp
-- Up-to-date: /home/rizkymille/ros2-examples/install/example_infs/include/example_infs/msg
-- Up-to-date: /home/rizkymille/ros2-examples/install/example_infs/include/example_infs/msg/detail
-- Up-to-date: /home/rizkymille/ros2-examples/install/example_infs/include/example_infs/msg/detail/uhuy__rosidl_typesupport_introspection_cpp.hpp
-- Up-to-date: /home/rizkymille/ros2-examples/install/example_infs/include/example_infs/msg/detail/uhuy__type_support.cpp
-- Up-to-date: /home/rizkymille/ros2-examples/install/example_infs/lib/libexample_infs__rosidl_typesupport_introspection_cpp.so
-- Up-to-date: /home/rizkymille/ros2-examples/install/example_infs/lib/libexample_infs__rosidl_typesupport_cpp.so
-- Up-to-date: /home/rizkymille/ros2-examples/install/example_infs/share/example_infs/environment/pythonpath.sh
-- Up-to-date: /home/rizkymille/ros2-examples/install/example_infs/share/example_infs/environment/pythonpath.dsv
-- Up-to-date: /home/rizkymille/ros2-examples/install/example_infs/lib/python3.8/site-packages/example_infs/__init__.py
-- Up-to-date: /home/rizkymille/ros2-examples/install/example_infs/lib/python3.8/site-packages/example_infs/srv
-- Up-to-date: /home/rizkymille/ros2-examples/install/example_infs/lib/python3.8/site-packages/example_infs/srv/__init__.py
-- Up-to-date: /home/rizkymille/ros2-examples/install/example_infs/lib/python3.8/site-packages/example_infs/srv/_print_s.c
-- Up-to-date: /home/rizkymille/ros2-examples/install/example_infs/lib/python3.8/site-packages/example_infs/srv/_print.py
-- Up-to-date: /home/rizkymille/ros2-examples/install/example_infs/lib/python3.8/site-packages/example_infs/msg
-- Up-to-date: /home/rizkymille/ros2-examples/install/example_infs/lib/python3.8/site-packages/example_infs/msg/__init__.py
-- Up-to-date: /home/rizkymille/ros2-examples/install/example_infs/lib/python3.8/site-packages/example_infs/msg/_uhuy.py
-- Up-to-date: /home/rizkymille/ros2-examples/install/example_infs/lib/python3.8/site-packages/example_infs/msg/_uhuy_s.c
-- Up-to-date: /home/rizkymille/ros2-examples/install/example_infs/lib/python3.8/site-packages/example_infs/action
-- Up-to-date: /home/rizkymille/ros2-examples/install/example_infs/lib/python3.8/site-packages/example_infs/action/__init__.py
-- Up-to-date: /home/rizkymille/ros2-examples/install/example_infs/lib/python3.8/site-packages/example_infs/action/_bruh_s.c
-- Up-to-date: /home/rizkymille/ros2-examples/install/example_infs/lib/python3.8/site-packages/example_infs/action/_bruh.py
-- Up-to-date: /home/rizkymille/ros2-examples/install/example_infs/lib/python3.8/site-packages/example_infs/example_infs_s__rosidl_typesupport_fastrtps_c.cpython-38-x86_64-linux-gnu.so
-- Up-to-date: /home/rizkymille/ros2-examples/install/example_infs/lib/python3.8/site-packages/example_infs/example_infs_s__rosidl_typesupport_introspection_c.cpython-38-x86_64-linux-gnu.so
-- Up-to-date: /home/rizkymille/ros2-examples/install/example_infs/lib/python3.8/site-packages/example_infs/example_infs_s__rosidl_typesupport_c.cpython-38-x86_64-linux-gnu.so
-- Up-to-date: /home/rizkymille/ros2-examples/install/example_infs/lib/libexample_infs__python.so
-- Up-to-date: /home/rizkymille/ros2-examples/install/example_infs/share/example_infs/srv/Print.idl
-- Up-to-date: /home/rizkymille/ros2-examples/install/example_infs/share/example_infs/msg/Uhuy.idl
-- Up-to-date: /home/rizkymille/ros2-examples/install/example_infs/share/example_infs/action/Bruh.idl
-- Up-to-date: /home/rizkymille/ros2-examples/install/example_infs/share/example_infs/srv/Print.srv
-- Up-to-date: /home/rizkymille/ros2-examples/install/example_infs/share/example_infs/srv/Print_Request.msg
-- Up-to-date: /home/rizkymille/ros2-examples/install/example_infs/share/example_infs/srv/Print_Response.msg
-- Up-to-date: /home/rizkymille/ros2-examples/install/example_infs/share/example_infs/msg/Uhuy.msg
-- Up-to-date: /home/rizkymille/ros2-examples/install/example_infs/share/example_infs/action/Bruh.action
-- Up-to-date: /home/rizkymille/ros2-examples/install/example_infs/share/ament_index/resource_index/package_run_dependencies/example_infs
-- Up-to-date: /home/rizkymille/ros2-examples/install/example_infs/share/ament_index/resource_index/parent_prefix_path/example_infs
-- Up-to-date: /home/rizkymille/ros2-examples/install/example_infs/share/example_infs/environment/ament_prefix_path.sh
-- Up-to-date: /home/rizkymille/ros2-examples/install/example_infs/share/example_infs/environment/ament_prefix_path.dsv
-- Up-to-date: /home/rizkymille/ros2-examples/install/example_infs/share/example_infs/environment/path.sh
-- Up-to-date: /home/rizkymille/ros2-examples/install/example_infs/share/example_infs/environment/path.dsv
-- Up-to-date: /home/rizkymille/ros2-examples/install/example_infs/share/example_infs/local_setup.bash
-- Up-to-date: /home/rizkymille/ros2-examples/install/example_infs/share/example_infs/local_setup.sh
-- Up-to-date: /home/rizkymille/ros2-examples/install/example_infs/share/example_infs/local_setup.zsh
-- Up-to-date: /home/rizkymille/ros2-examples/install/example_infs/share/example_infs/local_setup.dsv
-- Installing: /home/rizkymille/ros2-examples/install/example_infs/share/example_infs/package.dsv
-- Up-to-date: /home/rizkymille/ros2-examples/install/example_infs/share/ament_index/resource_index/packages/example_infs
-- Up-to-date: /home/rizkymille/ros2-examples/install/example_infs/share/example_infs/cmake/example_infs__rosidl_generator_cExport.cmake
-- Up-to-date: /home/rizkymille/ros2-examples/install/example_infs/share/example_infs/cmake/example_infs__rosidl_generator_cExport-noconfig.cmake
-- Up-to-date: /home/rizkymille/ros2-examples/install/example_infs/share/example_infs/cmake/example_infs__rosidl_typesupport_introspection_cExport.cmake
-- Up-to-date: /home/rizkymille/ros2-examples/install/example_infs/share/example_infs/cmake/example_infs__rosidl_typesupport_introspection_cExport-noconfig.cmake
-- Up-to-date: /home/rizkymille/ros2-examples/install/example_infs/share/example_infs/cmake/example_infs__rosidl_typesupport_cExport.cmake
-- Up-to-date: /home/rizkymille/ros2-examples/install/example_infs/share/example_infs/cmake/example_infs__rosidl_typesupport_cExport-noconfig.cmake
-- Up-to-date: /home/rizkymille/ros2-examples/install/example_infs/share/example_infs/cmake/example_infs__rosidl_generator_cppExport.cmake
-- Up-to-date: /home/rizkymille/ros2-examples/install/example_infs/share/example_infs/cmake/example_infs__rosidl_typesupport_introspection_cppExport.cmake
-- Up-to-date: /home/rizkymille/ros2-examples/install/example_infs/share/example_infs/cmake/example_infs__rosidl_typesupport_introspection_cppExport-noconfig.cmake
-- Up-to-date: /home/rizkymille/ros2-examples/install/example_infs/share/example_infs/cmake/example_infs__rosidl_typesupport_cppExport.cmake
-- Up-to-date: /home/rizkymille/ros2-examples/install/example_infs/share/example_infs/cmake/example_infs__rosidl_typesupport_cppExport-noconfig.cmake
-- Up-to-date: /home/rizkymille/ros2-examples/install/example_infs/share/example_infs/cmake/rosidl_cmake-extras.cmake
-- Up-to-date: /home/rizkymille/ros2-examples/install/example_infs/share/example_infs/cmake/ament_cmake_export_dependencies-extras.cmake
-- Up-to-date: /home/rizkymille/ros2-examples/install/example_infs/share/example_infs/cmake/ament_cmake_export_libraries-extras.cmake
-- Up-to-date: /home/rizkymille/ros2-examples/install/example_infs/share/example_infs/cmake/ament_cmake_export_targets-extras.cmake
-- Up-to-date: /home/rizkymille/ros2-examples/install/example_infs/share/example_infs/cmake/ament_cmake_export_include_directories-extras.cmake
-- Up-to-date: /home/rizkymille/ros2-examples/install/example_infs/share/example_infs/cmake/rosidl_cmake_export_typesupport_libraries-extras.cmake
-- Up-to-date: /home/rizkymille/ros2-examples/install/example_infs/share/example_infs/cmake/rosidl_cmake_export_typesupport_targets-extras.cmake
-- Up-to-date: /home/rizkymille/ros2-examples/install/example_infs/share/example_infs/cmake/example_infsConfig.cmake
-- Up-to-date: /home/rizkymille/ros2-examples/install/example_infs/share/example_infs/cmake/example_infsConfig-version.cmake
-- Up-to-date: /home/rizkymille/ros2-examples/install/example_infs/share/example_infs/package.xml
