[0.027s] Invoking command in '/home/rizkymille/ros2-examples/build/example_infs': CMAKE_PREFIX_PATH=/opt/ros/foxy /usr/bin/cmake --build /home/rizkymille/ros2-examples/build/example_infs -- -j8 -l8
[0.103s] [  2%] Built target example_infs__cpp
[0.113s] [ 12%] Built target example_infs__rosidl_generator_c
[0.140s] [ 34%] Built target example_infs__rosidl_typesupport_introspection_cpp
[0.140s] [ 34%] Built target example_infs__rosidl_typesupport_cpp
[0.147s] [ 65%] Built target example_infs__rosidl_typesupport_fastrtps_cpp
[0.147s] [ 65%] Built target example_infs__rosidl_typesupport_introspection_c
[0.148s] [ 65%] Built target example_infs__rosidl_typesupport_c
[0.188s] [ 76%] Built target example_infs__rosidl_typesupport_fastrtps_c
[0.223s] [ 76%] Built target example_infs
[0.259s] [ 78%] Built target example_infs__py
[0.306s] [ 87%] Built target example_infs__python
[0.343s] [ 95%] Built target example_infs__rosidl_typesupport_introspection_c__pyext
[0.343s] [ 95%] Built target example_infs__rosidl_typesupport_c__pyext
[0.351s] [100%] Built target example_infs__rosidl_typesupport_fastrtps_c__pyext
[0.367s] Invoked command in '/home/rizkymille/ros2-examples/build/example_infs' returned '0': CMAKE_PREFIX_PATH=/opt/ros/foxy /usr/bin/cmake --build /home/rizkymille/ros2-examples/build/example_infs -- -j8 -l8
[0.493s] Invoking command in '/home/rizkymille/ros2-examples/build/example_infs': CMAKE_PREFIX_PATH=/opt/ros/foxy /usr/bin/cmake --install /home/rizkymille/ros2-examples/build/example_infs
[0.504s] -- Install configuration: ""
[0.504s] -- Up-to-date: /home/rizkymille/ros2-examples/install/example_infs/share/ament_index/resource_index/rosidl_interfaces/example_infs
[0.504s] -- Up-to-date: /home/rizkymille/ros2-examples/install/example_infs/include/example_infs
[0.505s] -- Up-to-date: /home/rizkymille/ros2-examples/install/example_infs/include/example_infs/action
[0.505s] -- Up-to-date: /home/rizkymille/ros2-examples/install/example_infs/include/example_infs/action/bruh.h
[0.505s] -- Up-to-date: /home/rizkymille/ros2-examples/install/example_infs/include/example_infs/action/detail
[0.505s] -- Up-to-date: /home/rizkymille/ros2-examples/install/example_infs/include/example_infs/action/detail/bruh__functions.c
[0.506s] -- Up-to-date: /home/rizkymille/ros2-examples/install/example_infs/include/example_infs/action/detail/bruh__type_support.h
[0.506s] -- Up-to-date: /home/rizkymille/ros2-examples/install/example_infs/include/example_infs/action/detail/bruh__struct.h
[0.506s] -- Up-to-date: /home/rizkymille/ros2-examples/install/example_infs/include/example_infs/action/detail/bruh__functions.h
[0.506s] -- Up-to-date: /home/rizkymille/ros2-examples/install/example_infs/include/example_infs/srv
[0.506s] -- Up-to-date: /home/rizkymille/ros2-examples/install/example_infs/include/example_infs/srv/print.h
[0.507s] -- Up-to-date: /home/rizkymille/ros2-examples/install/example_infs/include/example_infs/srv/detail
[0.507s] -- Up-to-date: /home/rizkymille/ros2-examples/install/example_infs/include/example_infs/srv/detail/print__functions.c
[0.507s] -- Up-to-date: /home/rizkymille/ros2-examples/install/example_infs/include/example_infs/srv/detail/print__struct.h
[0.507s] -- Up-to-date: /home/rizkymille/ros2-examples/install/example_infs/include/example_infs/srv/detail/print__type_support.h
[0.507s] -- Up-to-date: /home/rizkymille/ros2-examples/install/example_infs/include/example_infs/srv/detail/print__functions.h
[0.508s] -- Up-to-date: /home/rizkymille/ros2-examples/install/example_infs/include/example_infs/msg
[0.508s] -- Up-to-date: /home/rizkymille/ros2-examples/install/example_infs/include/example_infs/msg/uhuy.h
[0.508s] -- Up-to-date: /home/rizkymille/ros2-examples/install/example_infs/include/example_infs/msg/rosidl_generator_c__visibility_control.h
[0.509s] -- Up-to-date: /home/rizkymille/ros2-examples/install/example_infs/include/example_infs/msg/detail
[0.509s] -- Up-to-date: /home/rizkymille/ros2-examples/install/example_infs/include/example_infs/msg/detail/uhuy__functions.h
[0.509s] -- Up-to-date: /home/rizkymille/ros2-examples/install/example_infs/include/example_infs/msg/detail/uhuy__type_support.h
[0.509s] -- Up-to-date: /home/rizkymille/ros2-examples/install/example_infs/include/example_infs/msg/detail/uhuy__struct.h
[0.509s] -- Up-to-date: /home/rizkymille/ros2-examples/install/example_infs/include/example_infs/msg/detail/uhuy__functions.c
[0.510s] -- Up-to-date: /home/rizkymille/ros2-examples/install/example_infs/share/example_infs/environment/library_path.sh
[0.510s] -- Up-to-date: /home/rizkymille/ros2-examples/install/example_infs/share/example_infs/environment/library_path.dsv
[0.510s] -- Up-to-date: /home/rizkymille/ros2-examples/install/example_infs/lib/libexample_infs__rosidl_generator_c.so
[0.510s] -- Up-to-date: /home/rizkymille/ros2-examples/install/example_infs/include/example_infs
[0.510s] -- Up-to-date: /home/rizkymille/ros2-examples/install/example_infs/include/example_infs/action
[0.510s] -- Up-to-date: /home/rizkymille/ros2-examples/install/example_infs/include/example_infs/action/detail
[0.511s] -- Up-to-date: /home/rizkymille/ros2-examples/install/example_infs/include/example_infs/action/detail/bruh__rosidl_typesupport_fastrtps_c.h
[0.511s] -- Up-to-date: /home/rizkymille/ros2-examples/install/example_infs/include/example_infs/srv
[0.511s] -- Up-to-date: /home/rizkymille/ros2-examples/install/example_infs/include/example_infs/srv/detail
[0.511s] -- Up-to-date: /home/rizkymille/ros2-examples/install/example_infs/include/example_infs/srv/detail/print__rosidl_typesupport_fastrtps_c.h
[0.511s] -- Up-to-date: /home/rizkymille/ros2-examples/install/example_infs/include/example_infs/msg
[0.511s] -- Up-to-date: /home/rizkymille/ros2-examples/install/example_infs/include/example_infs/msg/rosidl_typesupport_fastrtps_c__visibility_control.h
[0.512s] -- Up-to-date: /home/rizkymille/ros2-examples/install/example_infs/include/example_infs/msg/detail
[0.512s] -- Up-to-date: /home/rizkymille/ros2-examples/install/example_infs/include/example_infs/msg/detail/uhuy__rosidl_typesupport_fastrtps_c.h
[0.512s] -- Up-to-date: /home/rizkymille/ros2-examples/install/example_infs/lib/libexample_infs__rosidl_typesupport_fastrtps_c.so
[0.512s] -- Up-to-date: /home/rizkymille/ros2-examples/install/example_infs/include/example_infs
[0.512s] -- Up-to-date: /home/rizkymille/ros2-examples/install/example_infs/include/example_infs/action
[0.512s] -- Up-to-date: /home/rizkymille/ros2-examples/install/example_infs/include/example_infs/action/detail
[0.513s] -- Up-to-date: /home/rizkymille/ros2-examples/install/example_infs/include/example_infs/action/detail/dds_fastrtps
[0.513s] -- Up-to-date: /home/rizkymille/ros2-examples/install/example_infs/include/example_infs/action/detail/bruh__rosidl_typesupport_fastrtps_cpp.hpp
[0.513s] -- Up-to-date: /home/rizkymille/ros2-examples/install/example_infs/include/example_infs/srv
[0.513s] -- Up-to-date: /home/rizkymille/ros2-examples/install/example_infs/include/example_infs/srv/detail
[0.513s] -- Up-to-date: /home/rizkymille/ros2-examples/install/example_infs/include/example_infs/srv/detail/print__rosidl_typesupport_fastrtps_cpp.hpp
[0.513s] -- Up-to-date: /home/rizkymille/ros2-examples/install/example_infs/include/example_infs/srv/detail/dds_fastrtps
[0.514s] -- Up-to-date: /home/rizkymille/ros2-examples/install/example_infs/include/example_infs/msg
[0.514s] -- Up-to-date: /home/rizkymille/ros2-examples/install/example_infs/include/example_infs/msg/rosidl_typesupport_fastrtps_cpp__visibility_control.h
[0.514s] -- Up-to-date: /home/rizkymille/ros2-examples/install/example_infs/include/example_infs/msg/detail
[0.514s] -- Up-to-date: /home/rizkymille/ros2-examples/install/example_infs/include/example_infs/msg/detail/dds_fastrtps
[0.514s] -- Up-to-date: /home/rizkymille/ros2-examples/install/example_infs/include/example_infs/msg/detail/uhuy__rosidl_typesupport_fastrtps_cpp.hpp
[0.514s] -- Up-to-date: /home/rizkymille/ros2-examples/install/example_infs/lib/libexample_infs__rosidl_typesupport_fastrtps_cpp.so
[0.515s] -- Up-to-date: /home/rizkymille/ros2-examples/install/example_infs/include/example_infs
[0.515s] -- Up-to-date: /home/rizkymille/ros2-examples/install/example_infs/include/example_infs/action
[0.515s] -- Up-to-date: /home/rizkymille/ros2-examples/install/example_infs/include/example_infs/action/detail
[0.515s] -- Up-to-date: /home/rizkymille/ros2-examples/install/example_infs/include/example_infs/action/detail/bruh__type_support.c
[0.515s] -- Up-to-date: /home/rizkymille/ros2-examples/install/example_infs/include/example_infs/action/detail/bruh__rosidl_typesupport_introspection_c.h
[0.515s] -- Up-to-date: /home/rizkymille/ros2-examples/install/example_infs/include/example_infs/srv
[0.516s] -- Up-to-date: /home/rizkymille/ros2-examples/install/example_infs/include/example_infs/srv/detail
[0.516s] -- Up-to-date: /home/rizkymille/ros2-examples/install/example_infs/include/example_infs/srv/detail/print__rosidl_typesupport_introspection_c.h
[0.516s] -- Up-to-date: /home/rizkymille/ros2-examples/install/example_infs/include/example_infs/srv/detail/print__type_support.c
[0.516s] -- Up-to-date: /home/rizkymille/ros2-examples/install/example_infs/include/example_infs/msg
[0.516s] -- Up-to-date: /home/rizkymille/ros2-examples/install/example_infs/include/example_infs/msg/rosidl_typesupport_introspection_c__visibility_control.h
[0.517s] -- Up-to-date: /home/rizkymille/ros2-examples/install/example_infs/include/example_infs/msg/detail
[0.517s] -- Up-to-date: /home/rizkymille/ros2-examples/install/example_infs/include/example_infs/msg/detail/uhuy__rosidl_typesupport_introspection_c.h
[0.517s] -- Up-to-date: /home/rizkymille/ros2-examples/install/example_infs/include/example_infs/msg/detail/uhuy__type_support.c
[0.517s] -- Up-to-date: /home/rizkymille/ros2-examples/install/example_infs/lib/libexample_infs__rosidl_typesupport_introspection_c.so
[0.517s] -- Up-to-date: /home/rizkymille/ros2-examples/install/example_infs/lib/libexample_infs__rosidl_typesupport_c.so
[0.517s] -- Up-to-date: /home/rizkymille/ros2-examples/install/example_infs/include/example_infs
[0.517s] -- Up-to-date: /home/rizkymille/ros2-examples/install/example_infs/include/example_infs/action
[0.517s] -- Up-to-date: /home/rizkymille/ros2-examples/install/example_infs/include/example_infs/action/bruh.hpp
[0.517s] -- Up-to-date: /home/rizkymille/ros2-examples/install/example_infs/include/example_infs/action/detail
[0.517s] -- Up-to-date: /home/rizkymille/ros2-examples/install/example_infs/include/example_infs/action/detail/bruh__struct.hpp
[0.517s] -- Up-to-date: /home/rizkymille/ros2-examples/install/example_infs/include/example_infs/action/detail/bruh__builder.hpp
[0.517s] -- Up-to-date: /home/rizkymille/ros2-examples/install/example_infs/include/example_infs/action/detail/bruh__traits.hpp
[0.517s] -- Up-to-date: /home/rizkymille/ros2-examples/install/example_infs/include/example_infs/srv
[0.518s] -- Up-to-date: /home/rizkymille/ros2-examples/install/example_infs/include/example_infs/srv/print.hpp
[0.518s] -- Up-to-date: /home/rizkymille/ros2-examples/install/example_infs/include/example_infs/srv/detail
[0.518s] -- Up-to-date: /home/rizkymille/ros2-examples/install/example_infs/include/example_infs/srv/detail/print__struct.hpp
[0.518s] -- Up-to-date: /home/rizkymille/ros2-examples/install/example_infs/include/example_infs/srv/detail/print__traits.hpp
[0.518s] -- Up-to-date: /home/rizkymille/ros2-examples/install/example_infs/include/example_infs/srv/detail/print__builder.hpp
[0.518s] -- Up-to-date: /home/rizkymille/ros2-examples/install/example_infs/include/example_infs/msg
[0.518s] -- Up-to-date: /home/rizkymille/ros2-examples/install/example_infs/include/example_infs/msg/uhuy.hpp
[0.518s] -- Up-to-date: /home/rizkymille/ros2-examples/install/example_infs/include/example_infs/msg/detail
[0.518s] -- Up-to-date: /home/rizkymille/ros2-examples/install/example_infs/include/example_infs/msg/detail/uhuy__builder.hpp
[0.518s] -- Up-to-date: /home/rizkymille/ros2-examples/install/example_infs/include/example_infs/msg/detail/uhuy__struct.hpp
[0.518s] -- Up-to-date: /home/rizkymille/ros2-examples/install/example_infs/include/example_infs/msg/detail/uhuy__traits.hpp
[0.518s] -- Up-to-date: /home/rizkymille/ros2-examples/install/example_infs/include/example_infs
[0.518s] -- Up-to-date: /home/rizkymille/ros2-examples/install/example_infs/include/example_infs/action
[0.519s] -- Up-to-date: /home/rizkymille/ros2-examples/install/example_infs/include/example_infs/action/detail
[0.519s] -- Up-to-date: /home/rizkymille/ros2-examples/install/example_infs/include/example_infs/action/detail/bruh__rosidl_typesupport_introspection_cpp.hpp
[0.519s] -- Up-to-date: /home/rizkymille/ros2-examples/install/example_infs/include/example_infs/action/detail/bruh__type_support.cpp
[0.519s] -- Up-to-date: /home/rizkymille/ros2-examples/install/example_infs/include/example_infs/srv
[0.519s] -- Up-to-date: /home/rizkymille/ros2-examples/install/example_infs/include/example_infs/srv/detail
[0.519s] -- Up-to-date: /home/rizkymille/ros2-examples/install/example_infs/include/example_infs/srv/detail/print__rosidl_typesupport_introspection_cpp.hpp
[0.519s] -- Up-to-date: /home/rizkymille/ros2-examples/install/example_infs/include/example_infs/srv/detail/print__type_support.cpp
[0.519s] -- Up-to-date: /home/rizkymille/ros2-examples/install/example_infs/include/example_infs/msg
[0.519s] -- Up-to-date: /home/rizkymille/ros2-examples/install/example_infs/include/example_infs/msg/detail
[0.519s] -- Up-to-date: /home/rizkymille/ros2-examples/install/example_infs/include/example_infs/msg/detail/uhuy__rosidl_typesupport_introspection_cpp.hpp
[0.519s] -- Up-to-date: /home/rizkymille/ros2-examples/install/example_infs/include/example_infs/msg/detail/uhuy__type_support.cpp
[0.519s] -- Up-to-date: /home/rizkymille/ros2-examples/install/example_infs/lib/libexample_infs__rosidl_typesupport_introspection_cpp.so
[0.519s] -- Up-to-date: /home/rizkymille/ros2-examples/install/example_infs/lib/libexample_infs__rosidl_typesupport_cpp.so
[0.520s] -- Up-to-date: /home/rizkymille/ros2-examples/install/example_infs/share/example_infs/environment/pythonpath.sh
[0.520s] -- Up-to-date: /home/rizkymille/ros2-examples/install/example_infs/share/example_infs/environment/pythonpath.dsv
[0.520s] -- Up-to-date: /home/rizkymille/ros2-examples/install/example_infs/lib/python3.8/site-packages/example_infs/__init__.py
[0.556s] -- Up-to-date: /home/rizkymille/ros2-examples/install/example_infs/lib/python3.8/site-packages/example_infs/srv
[0.556s] -- Up-to-date: /home/rizkymille/ros2-examples/install/example_infs/lib/python3.8/site-packages/example_infs/srv/__init__.py
[0.557s] -- Up-to-date: /home/rizkymille/ros2-examples/install/example_infs/lib/python3.8/site-packages/example_infs/srv/_print_s.c
[0.557s] -- Up-to-date: /home/rizkymille/ros2-examples/install/example_infs/lib/python3.8/site-packages/example_infs/srv/_print.py
[0.557s] -- Up-to-date: /home/rizkymille/ros2-examples/install/example_infs/lib/python3.8/site-packages/example_infs/msg
[0.557s] -- Up-to-date: /home/rizkymille/ros2-examples/install/example_infs/lib/python3.8/site-packages/example_infs/msg/__init__.py
[0.558s] -- Up-to-date: /home/rizkymille/ros2-examples/install/example_infs/lib/python3.8/site-packages/example_infs/msg/_uhuy.py
[0.558s] -- Up-to-date: /home/rizkymille/ros2-examples/install/example_infs/lib/python3.8/site-packages/example_infs/msg/_uhuy_s.c
[0.558s] -- Up-to-date: /home/rizkymille/ros2-examples/install/example_infs/lib/python3.8/site-packages/example_infs/action
[0.558s] -- Up-to-date: /home/rizkymille/ros2-examples/install/example_infs/lib/python3.8/site-packages/example_infs/action/__init__.py
[0.558s] -- Up-to-date: /home/rizkymille/ros2-examples/install/example_infs/lib/python3.8/site-packages/example_infs/action/_bruh_s.c
[0.558s] -- Up-to-date: /home/rizkymille/ros2-examples/install/example_infs/lib/python3.8/site-packages/example_infs/action/_bruh.py
[0.559s] -- Up-to-date: /home/rizkymille/ros2-examples/install/example_infs/lib/python3.8/site-packages/example_infs/example_infs_s__rosidl_typesupport_fastrtps_c.cpython-38-x86_64-linux-gnu.so
[0.560s] -- Up-to-date: /home/rizkymille/ros2-examples/install/example_infs/lib/python3.8/site-packages/example_infs/example_infs_s__rosidl_typesupport_introspection_c.cpython-38-x86_64-linux-gnu.so
[0.561s] -- Up-to-date: /home/rizkymille/ros2-examples/install/example_infs/lib/python3.8/site-packages/example_infs/example_infs_s__rosidl_typesupport_c.cpython-38-x86_64-linux-gnu.so
[0.562s] -- Up-to-date: /home/rizkymille/ros2-examples/install/example_infs/lib/libexample_infs__python.so
[0.562s] -- Up-to-date: /home/rizkymille/ros2-examples/install/example_infs/share/example_infs/srv/Print.idl
[0.563s] -- Up-to-date: /home/rizkymille/ros2-examples/install/example_infs/share/example_infs/msg/Uhuy.idl
[0.563s] -- Up-to-date: /home/rizkymille/ros2-examples/install/example_infs/share/example_infs/action/Bruh.idl
[0.563s] -- Up-to-date: /home/rizkymille/ros2-examples/install/example_infs/share/example_infs/srv/Print.srv
[0.563s] -- Up-to-date: /home/rizkymille/ros2-examples/install/example_infs/share/example_infs/srv/Print_Request.msg
[0.564s] -- Up-to-date: /home/rizkymille/ros2-examples/install/example_infs/share/example_infs/srv/Print_Response.msg
[0.564s] -- Up-to-date: /home/rizkymille/ros2-examples/install/example_infs/share/example_infs/msg/Uhuy.msg
[0.564s] -- Up-to-date: /home/rizkymille/ros2-examples/install/example_infs/share/example_infs/action/Bruh.action
[0.564s] -- Up-to-date: /home/rizkymille/ros2-examples/install/example_infs/share/ament_index/resource_index/package_run_dependencies/example_infs
[0.565s] -- Up-to-date: /home/rizkymille/ros2-examples/install/example_infs/share/ament_index/resource_index/parent_prefix_path/example_infs
[0.565s] -- Up-to-date: /home/rizkymille/ros2-examples/install/example_infs/share/example_infs/environment/ament_prefix_path.sh
[0.565s] -- Up-to-date: /home/rizkymille/ros2-examples/install/example_infs/share/example_infs/environment/ament_prefix_path.dsv
[0.565s] -- Up-to-date: /home/rizkymille/ros2-examples/install/example_infs/share/example_infs/environment/path.sh
[0.565s] -- Up-to-date: /home/rizkymille/ros2-examples/install/example_infs/share/example_infs/environment/path.dsv
[0.565s] -- Up-to-date: /home/rizkymille/ros2-examples/install/example_infs/share/example_infs/local_setup.bash
[0.565s] -- Up-to-date: /home/rizkymille/ros2-examples/install/example_infs/share/example_infs/local_setup.sh
[0.565s] -- Up-to-date: /home/rizkymille/ros2-examples/install/example_infs/share/example_infs/local_setup.zsh
[0.565s] -- Up-to-date: /home/rizkymille/ros2-examples/install/example_infs/share/example_infs/local_setup.dsv
[0.565s] -- Installing: /home/rizkymille/ros2-examples/install/example_infs/share/example_infs/package.dsv
[0.566s] -- Up-to-date: /home/rizkymille/ros2-examples/install/example_infs/share/ament_index/resource_index/packages/example_infs
[0.566s] -- Up-to-date: /home/rizkymille/ros2-examples/install/example_infs/share/example_infs/cmake/example_infs__rosidl_generator_cExport.cmake
[0.566s] -- Up-to-date: /home/rizkymille/ros2-examples/install/example_infs/share/example_infs/cmake/example_infs__rosidl_generator_cExport-noconfig.cmake
[0.566s] -- Up-to-date: /home/rizkymille/ros2-examples/install/example_infs/share/example_infs/cmake/example_infs__rosidl_typesupport_introspection_cExport.cmake
[0.566s] -- Up-to-date: /home/rizkymille/ros2-examples/install/example_infs/share/example_infs/cmake/example_infs__rosidl_typesupport_introspection_cExport-noconfig.cmake
[0.566s] -- Up-to-date: /home/rizkymille/ros2-examples/install/example_infs/share/example_infs/cmake/example_infs__rosidl_typesupport_cExport.cmake
[0.566s] -- Up-to-date: /home/rizkymille/ros2-examples/install/example_infs/share/example_infs/cmake/example_infs__rosidl_typesupport_cExport-noconfig.cmake
[0.566s] -- Up-to-date: /home/rizkymille/ros2-examples/install/example_infs/share/example_infs/cmake/example_infs__rosidl_generator_cppExport.cmake
[0.566s] -- Up-to-date: /home/rizkymille/ros2-examples/install/example_infs/share/example_infs/cmake/example_infs__rosidl_typesupport_introspection_cppExport.cmake
[0.567s] -- Up-to-date: /home/rizkymille/ros2-examples/install/example_infs/share/example_infs/cmake/example_infs__rosidl_typesupport_introspection_cppExport-noconfig.cmake
[0.567s] -- Up-to-date: /home/rizkymille/ros2-examples/install/example_infs/share/example_infs/cmake/example_infs__rosidl_typesupport_cppExport.cmake
[0.567s] -- Up-to-date: /home/rizkymille/ros2-examples/install/example_infs/share/example_infs/cmake/example_infs__rosidl_typesupport_cppExport-noconfig.cmake
[0.567s] -- Up-to-date: /home/rizkymille/ros2-examples/install/example_infs/share/example_infs/cmake/rosidl_cmake-extras.cmake
[0.567s] -- Up-to-date: /home/rizkymille/ros2-examples/install/example_infs/share/example_infs/cmake/ament_cmake_export_dependencies-extras.cmake
[0.567s] -- Up-to-date: /home/rizkymille/ros2-examples/install/example_infs/share/example_infs/cmake/ament_cmake_export_libraries-extras.cmake
[0.567s] -- Up-to-date: /home/rizkymille/ros2-examples/install/example_infs/share/example_infs/cmake/ament_cmake_export_targets-extras.cmake
[0.568s] -- Up-to-date: /home/rizkymille/ros2-examples/install/example_infs/share/example_infs/cmake/ament_cmake_export_include_directories-extras.cmake
[0.568s] -- Up-to-date: /home/rizkymille/ros2-examples/install/example_infs/share/example_infs/cmake/rosidl_cmake_export_typesupport_libraries-extras.cmake
[0.568s] -- Up-to-date: /home/rizkymille/ros2-examples/install/example_infs/share/example_infs/cmake/rosidl_cmake_export_typesupport_targets-extras.cmake
[0.568s] -- Up-to-date: /home/rizkymille/ros2-examples/install/example_infs/share/example_infs/cmake/example_infsConfig.cmake
[0.568s] -- Up-to-date: /home/rizkymille/ros2-examples/install/example_infs/share/example_infs/cmake/example_infsConfig-version.cmake
[0.568s] -- Up-to-date: /home/rizkymille/ros2-examples/install/example_infs/share/example_infs/package.xml
[0.574s] Invoked command in '/home/rizkymille/ros2-examples/build/example_infs' returned '0': CMAKE_PREFIX_PATH=/opt/ros/foxy /usr/bin/cmake --install /home/rizkymille/ros2-examples/build/example_infs
