-- The C compiler identification is GNU 9.4.0
-- The CXX compiler identification is GNU 9.4.0
-- Check for working C compiler: /usr/bin/cc
-- Check for working C compiler: /usr/bin/cc -- works
-- Detecting C compiler ABI info
-- Detecting C compiler ABI info - done
-- Detecting C compile features
-- Detecting C compile features - done
-- Check for working CXX compiler: /usr/bin/c++
-- Check for working CXX compiler: /usr/bin/c++ -- works
-- Detecting CXX compiler ABI info
-- Detecting CXX compiler ABI info - done
-- Detecting CXX compile features
-- Detecting CXX compile features - done
-- Found ament_cmake: 0.9.11 (/opt/ros/foxy/share/ament_cmake/cmake)
-- Found PythonInterp: /usr/bin/python3 (found suitable version "3.8.10", minimum required is "3") 
-- Using PYTHON_EXECUTABLE: /usr/bin/python3
-- Found rosidl_default_generators: 1.0.1 (/opt/ros/foxy/share/rosidl_default_generators/cmake)
-- Using all available rosidl_typesupport_c: rosidl_typesupport_fastrtps_c;rosidl_typesupport_introspection_c
-- Found rosidl_adapter: 1.3.0 (/opt/ros/foxy/share/rosidl_adapter/cmake)
-- Found OpenSSL: /usr/lib/x86_64-linux-gnu/libcrypto.so (found version "1.1.1f")  
-- Found FastRTPS: /opt/ros/foxy/include  
-- Using all available rosidl_typesupport_cpp: rosidl_typesupport_fastrtps_cpp;rosidl_typesupport_introspection_cpp
-- Found PythonInterp: /usr/bin/python3 (found version "3.8.10") 
-- Found ament_cmake_ros: 0.9.2 (/opt/ros/foxy/share/ament_cmake_ros/cmake)
-- Using all available rosidl_typesupport_c: rosidl_typesupport_fastrtps_c;rosidl_typesupport_introspection_c
-- Using all available rosidl_typesupport_cpp: rosidl_typesupport_fastrtps_cpp;rosidl_typesupport_introspection_cpp
-- Found PythonInterp: /usr/bin/python3 (found suitable version "3.8.10", minimum required is "3.5") 
-- Found python_cmake_module: 0.8.1 (/opt/ros/foxy/share/python_cmake_module/cmake)
-- Found PythonLibs: /usr/lib/x86_64-linux-gnu/libpython3.8.so (found suitable version "3.8.10", minimum required is "3.5") 
-- Using PYTHON_EXECUTABLE: /usr/bin/python3
-- Using PYTHON_INCLUDE_DIRS: /usr/include/python3.8
-- Using PYTHON_LIBRARIES: /usr/lib/x86_64-linux-gnu/libpython3.8.so
-- Found PythonExtra: .so  
-- Found ament_lint_auto: 0.9.7 (/opt/ros/foxy/share/ament_lint_auto/cmake)
-- Added test 'copyright' to check source files copyright and LICENSE
-- Added test 'lint_cmake' to check CMake code style
-- Added test 'xmllint' to check XML markup files
-- Configuring done
-- Generating done
-- Build files have been written to: /home/rizkymille/ros2-examples/build/example_infs
[35m[1mScanning dependencies of target example_infs__cpp[0m
[  2%] [34m[1mGenerating C code for ROS interfaces[0m
[  4%] [34m[1mGenerating C++ code for ROS interfaces[0m
[  4%] Built target example_infs__cpp
[  6%] [34m[1mGenerating C++ type support dispatch for ROS interfaces[0m
[  8%] [34m[1mGenerating C++ introspection for ROS interfaces[0m
[ 10%] [34m[1mGenerating C++ type support for eProsima Fast-RTPS[0m
[35m[1mScanning dependencies of target example_infs__rosidl_generator_c[0m
[ 14%] [32mBuilding C object CMakeFiles/example_infs__rosidl_generator_c.dir/rosidl_generator_c/example_infs/srv/detail/print__functions.c.o[0m
[ 14%] [32mBuilding C object CMakeFiles/example_infs__rosidl_generator_c.dir/rosidl_generator_c/example_infs/msg/detail/uhuy__functions.c.o[0m
[ 17%] [32mBuilding C object CMakeFiles/example_infs__rosidl_generator_c.dir/rosidl_generator_c/example_infs/action/detail/bruh__functions.c.o[0m
[ 19%] [32m[1mLinking C shared library libexample_infs__rosidl_generator_c.so[0m
[ 19%] Built target example_infs__rosidl_generator_c
[ 21%] [34m[1mGenerating C introspection for ROS interfaces[0m
[ 23%] [34m[1mGenerating C type support dispatch for ROS interfaces[0m
[35m[1mScanning dependencies of target example_infs__rosidl_typesupport_cpp[0m
[ 29%] [32mBuilding CXX object CMakeFiles/example_infs__rosidl_typesupport_cpp.dir/rosidl_typesupport_cpp/example_infs/srv/print__type_support.cpp.o[0m
[ 29%] [32mBuilding CXX object CMakeFiles/example_infs__rosidl_typesupport_cpp.dir/rosidl_typesupport_cpp/example_infs/msg/uhuy__type_support.cpp.o[0m
[ 29%] [32mBuilding CXX object CMakeFiles/example_infs__rosidl_typesupport_cpp.dir/rosidl_typesupport_cpp/example_infs/action/bruh__type_support.cpp.o[0m
[35m[1mScanning dependencies of target example_infs__rosidl_typesupport_introspection_cpp[0m
[ 31%] [32mBuilding CXX object CMakeFiles/example_infs__rosidl_typesupport_introspection_cpp.dir/rosidl_typesupport_introspection_cpp/example_infs/srv/detail/print__type_support.cpp.o[0m
[ 34%] [32mBuilding CXX object CMakeFiles/example_infs__rosidl_typesupport_introspection_cpp.dir/rosidl_typesupport_introspection_cpp/example_infs/msg/detail/uhuy__type_support.cpp.o[0m
[ 36%] [32mBuilding CXX object CMakeFiles/example_infs__rosidl_typesupport_introspection_cpp.dir/rosidl_typesupport_introspection_cpp/example_infs/action/detail/bruh__type_support.cpp.o[0m
[35m[1mScanning dependencies of target example_infs__rosidl_typesupport_c[0m
[ 38%] [32m[1mLinking CXX shared library libexample_infs__rosidl_typesupport_cpp.so[0m
[35m[1mScanning dependencies of target example_infs__rosidl_typesupport_fastrtps_cpp[0m
[ 40%] [32mBuilding CXX object CMakeFiles/example_infs__rosidl_typesupport_c.dir/rosidl_typesupport_c/example_infs/srv/print__type_support.cpp.o[0m
[ 42%] [32mBuilding CXX object CMakeFiles/example_infs__rosidl_typesupport_c.dir/rosidl_typesupport_c/example_infs/msg/uhuy__type_support.cpp.o[0m
[ 44%] [32mBuilding CXX object CMakeFiles/example_infs__rosidl_typesupport_fastrtps_cpp.dir/rosidl_typesupport_fastrtps_cpp/example_infs/srv/detail/dds_fastrtps/print__type_support.cpp.o[0m
[ 44%] Built target example_infs__rosidl_typesupport_cpp
[ 46%] [32mBuilding CXX object CMakeFiles/example_infs__rosidl_typesupport_c.dir/rosidl_typesupport_c/example_infs/action/bruh__type_support.cpp.o[0m
[ 48%] [32mBuilding CXX object CMakeFiles/example_infs__rosidl_typesupport_fastrtps_cpp.dir/rosidl_typesupport_fastrtps_cpp/example_infs/msg/detail/dds_fastrtps/uhuy__type_support.cpp.o[0m
[ 51%] [32mBuilding CXX object CMakeFiles/example_infs__rosidl_typesupport_fastrtps_cpp.dir/rosidl_typesupport_fastrtps_cpp/example_infs/action/detail/dds_fastrtps/bruh__type_support.cpp.o[0m
[ 53%] [32m[1mLinking CXX shared library libexample_infs__rosidl_typesupport_c.so[0m
[35m[1mScanning dependencies of target example_infs__rosidl_typesupport_introspection_c[0m
[ 55%] [32mBuilding C object CMakeFiles/example_infs__rosidl_typesupport_introspection_c.dir/rosidl_typesupport_introspection_c/example_infs/srv/detail/print__type_support.c.o[0m
[ 55%] Built target example_infs__rosidl_typesupport_c
[ 57%] [32mBuilding C object CMakeFiles/example_infs__rosidl_typesupport_introspection_c.dir/rosidl_typesupport_introspection_c/example_infs/msg/detail/uhuy__type_support.c.o[0m
[ 59%] [32mBuilding C object CMakeFiles/example_infs__rosidl_typesupport_introspection_c.dir/rosidl_typesupport_introspection_c/example_infs/action/detail/bruh__type_support.c.o[0m
[ 61%] [32m[1mLinking C shared library libexample_infs__rosidl_typesupport_introspection_c.so[0m
[ 61%] Built target example_infs__rosidl_typesupport_introspection_c
[ 63%] [32m[1mLinking CXX shared library libexample_infs__rosidl_typesupport_introspection_cpp.so[0m
[ 63%] Built target example_infs__rosidl_typesupport_introspection_cpp
[ 65%] [32m[1mLinking CXX shared library libexample_infs__rosidl_typesupport_fastrtps_cpp.so[0m
[ 65%] Built target example_infs__rosidl_typesupport_fastrtps_cpp
[ 68%] [34m[1mGenerating C type support for eProsima Fast-RTPS[0m
[35m[1mScanning dependencies of target example_infs__rosidl_typesupport_fastrtps_c[0m
[ 74%] [32mBuilding CXX object CMakeFiles/example_infs__rosidl_typesupport_fastrtps_c.dir/rosidl_typesupport_fastrtps_c/example_infs/action/detail/bruh__type_support_c.cpp.o[0m
[ 74%] [32mBuilding CXX object CMakeFiles/example_infs__rosidl_typesupport_fastrtps_c.dir/rosidl_typesupport_fastrtps_c/example_infs/msg/detail/uhuy__type_support_c.cpp.o[0m
[ 74%] [32mBuilding CXX object CMakeFiles/example_infs__rosidl_typesupport_fastrtps_c.dir/rosidl_typesupport_fastrtps_c/example_infs/srv/detail/print__type_support_c.cpp.o[0m
[ 76%] [32m[1mLinking CXX shared library libexample_infs__rosidl_typesupport_fastrtps_c.so[0m
[ 76%] Built target example_infs__rosidl_typesupport_fastrtps_c
[35m[1mScanning dependencies of target example_infs[0m
[ 76%] Built target example_infs
[35m[1mScanning dependencies of target example_infs__py[0m
[ 78%] [34m[1mGenerating Python code for ROS interfaces[0m
[ 78%] Built target example_infs__py
[35m[1mScanning dependencies of target example_infs__python[0m
[ 80%] [32mBuilding C object CMakeFiles/example_infs__python.dir/rosidl_generator_py/example_infs/srv/_print_s.c.o[0m
[ 82%] [32mBuilding C object CMakeFiles/example_infs__python.dir/rosidl_generator_py/example_infs/action/_bruh_s.c.o[0m
[ 85%] [32mBuilding C object CMakeFiles/example_infs__python.dir/rosidl_generator_py/example_infs/msg/_uhuy_s.c.o[0m
[ 87%] [32m[1mLinking C shared library rosidl_generator_py/example_infs/libexample_infs__python.so[0m
[ 87%] Built target example_infs__python
[35m[1mScanning dependencies of target example_infs__rosidl_typesupport_c__pyext[0m
[35m[1mScanning dependencies of target example_infs__rosidl_typesupport_introspection_c__pyext[0m
[35m[1mScanning dependencies of target example_infs__rosidl_typesupport_fastrtps_c__pyext[0m
[ 89%] [32mBuilding C object CMakeFiles/example_infs__rosidl_typesupport_introspection_c__pyext.dir/rosidl_generator_py/example_infs/_example_infs_s.ep.rosidl_typesupport_introspection_c.c.o[0m
[ 91%] [32mBuilding C object CMakeFiles/example_infs__rosidl_typesupport_c__pyext.dir/rosidl_generator_py/example_infs/_example_infs_s.ep.rosidl_typesupport_c.c.o[0m
[ 93%] [32mBuilding C object CMakeFiles/example_infs__rosidl_typesupport_fastrtps_c__pyext.dir/rosidl_generator_py/example_infs/_example_infs_s.ep.rosidl_typesupport_fastrtps_c.c.o[0m
[ 95%] [32m[1mLinking C shared library rosidl_generator_py/example_infs/example_infs_s__rosidl_typesupport_c.cpython-38-x86_64-linux-gnu.so[0m
[ 97%] [32m[1mLinking C shared library rosidl_generator_py/example_infs/example_infs_s__rosidl_typesupport_introspection_c.cpython-38-x86_64-linux-gnu.so[0m
[100%] [32m[1mLinking CXX shared library rosidl_generator_py/example_infs/example_infs_s__rosidl_typesupport_fastrtps_c.cpython-38-x86_64-linux-gnu.so[0m
[100%] Built target example_infs__rosidl_typesupport_c__pyext
[100%] Built target example_infs__rosidl_typesupport_introspection_c__pyext
[100%] Built target example_infs__rosidl_typesupport_fastrtps_c__pyext
-- Install configuration: ""
-- Installing: /home/rizkymille/ros2-examples/install/example_infs/share/ament_index/resource_index/rosidl_interfaces/example_infs
-- Installing: /home/rizkymille/ros2-examples/install/example_infs/include/example_infs
-- Installing: /home/rizkymille/ros2-examples/install/example_infs/include/example_infs/action
-- Installing: /home/rizkymille/ros2-examples/install/example_infs/include/example_infs/action/bruh.h
-- Installing: /home/rizkymille/ros2-examples/install/example_infs/include/example_infs/action/detail
-- Installing: /home/rizkymille/ros2-examples/install/example_infs/include/example_infs/action/detail/bruh__functions.c
-- Installing: /home/rizkymille/ros2-examples/install/example_infs/include/example_infs/action/detail/bruh__type_support.h
-- Installing: /home/rizkymille/ros2-examples/install/example_infs/include/example_infs/action/detail/bruh__struct.h
-- Installing: /home/rizkymille/ros2-examples/install/example_infs/include/example_infs/action/detail/bruh__functions.h
-- Installing: /home/rizkymille/ros2-examples/install/example_infs/include/example_infs/srv
-- Installing: /home/rizkymille/ros2-examples/install/example_infs/include/example_infs/srv/print.h
-- Installing: /home/rizkymille/ros2-examples/install/example_infs/include/example_infs/srv/detail
-- Installing: /home/rizkymille/ros2-examples/install/example_infs/include/example_infs/srv/detail/print__functions.c
-- Installing: /home/rizkymille/ros2-examples/install/example_infs/include/example_infs/srv/detail/print__struct.h
-- Installing: /home/rizkymille/ros2-examples/install/example_infs/include/example_infs/srv/detail/print__type_support.h
-- Installing: /home/rizkymille/ros2-examples/install/example_infs/include/example_infs/srv/detail/print__functions.h
-- Installing: /home/rizkymille/ros2-examples/install/example_infs/include/example_infs/msg
-- Installing: /home/rizkymille/ros2-examples/install/example_infs/include/example_infs/msg/uhuy.h
-- Installing: /home/rizkymille/ros2-examples/install/example_infs/include/example_infs/msg/rosidl_generator_c__visibility_control.h
-- Installing: /home/rizkymille/ros2-examples/install/example_infs/include/example_infs/msg/detail
-- Installing: /home/rizkymille/ros2-examples/install/example_infs/include/example_infs/msg/detail/uhuy__functions.h
-- Installing: /home/rizkymille/ros2-examples/install/example_infs/include/example_infs/msg/detail/uhuy__type_support.h
-- Installing: /home/rizkymille/ros2-examples/install/example_infs/include/example_infs/msg/detail/uhuy__struct.h
-- Installing: /home/rizkymille/ros2-examples/install/example_infs/include/example_infs/msg/detail/uhuy__functions.c
-- Installing: /home/rizkymille/ros2-examples/install/example_infs/share/example_infs/environment/library_path.sh
-- Installing: /home/rizkymille/ros2-examples/install/example_infs/share/example_infs/environment/library_path.dsv
-- Installing: /home/rizkymille/ros2-examples/install/example_infs/lib/libexample_infs__rosidl_generator_c.so
-- Set runtime path of "/home/rizkymille/ros2-examples/install/example_infs/lib/libexample_infs__rosidl_generator_c.so" to ""
-- Up-to-date: /home/rizkymille/ros2-examples/install/example_infs/include/example_infs
-- Up-to-date: /home/rizkymille/ros2-examples/install/example_infs/include/example_infs/action
-- Up-to-date: /home/rizkymille/ros2-examples/install/example_infs/include/example_infs/action/detail
-- Installing: /home/rizkymille/ros2-examples/install/example_infs/include/example_infs/action/detail/bruh__rosidl_typesupport_fastrtps_c.h
-- Up-to-date: /home/rizkymille/ros2-examples/install/example_infs/include/example_infs/srv
-- Up-to-date: /home/rizkymille/ros2-examples/install/example_infs/include/example_infs/srv/detail
-- Installing: /home/rizkymille/ros2-examples/install/example_infs/include/example_infs/srv/detail/print__rosidl_typesupport_fastrtps_c.h
-- Up-to-date: /home/rizkymille/ros2-examples/install/example_infs/include/example_infs/msg
-- Installing: /home/rizkymille/ros2-examples/install/example_infs/include/example_infs/msg/rosidl_typesupport_fastrtps_c__visibility_control.h
-- Up-to-date: /home/rizkymille/ros2-examples/install/example_infs/include/example_infs/msg/detail
-- Installing: /home/rizkymille/ros2-examples/install/example_infs/include/example_infs/msg/detail/uhuy__rosidl_typesupport_fastrtps_c.h
-- Installing: /home/rizkymille/ros2-examples/install/example_infs/lib/libexample_infs__rosidl_typesupport_fastrtps_c.so
-- Set runtime path of "/home/rizkymille/ros2-examples/install/example_infs/lib/libexample_infs__rosidl_typesupport_fastrtps_c.so" to ""
-- Up-to-date: /home/rizkymille/ros2-examples/install/example_infs/include/example_infs
-- Up-to-date: /home/rizkymille/ros2-examples/install/example_infs/include/example_infs/action
-- Up-to-date: /home/rizkymille/ros2-examples/install/example_infs/include/example_infs/action/detail
-- Installing: /home/rizkymille/ros2-examples/install/example_infs/include/example_infs/action/detail/dds_fastrtps
-- Installing: /home/rizkymille/ros2-examples/install/example_infs/include/example_infs/action/detail/bruh__rosidl_typesupport_fastrtps_cpp.hpp
-- Up-to-date: /home/rizkymille/ros2-examples/install/example_infs/include/example_infs/srv
-- Up-to-date: /home/rizkymille/ros2-examples/install/example_infs/include/example_infs/srv/detail
-- Installing: /home/rizkymille/ros2-examples/install/example_infs/include/example_infs/srv/detail/print__rosidl_typesupport_fastrtps_cpp.hpp
-- Installing: /home/rizkymille/ros2-examples/install/example_infs/include/example_infs/srv/detail/dds_fastrtps
-- Up-to-date: /home/rizkymille/ros2-examples/install/example_infs/include/example_infs/msg
-- Installing: /home/rizkymille/ros2-examples/install/example_infs/include/example_infs/msg/rosidl_typesupport_fastrtps_cpp__visibility_control.h
-- Up-to-date: /home/rizkymille/ros2-examples/install/example_infs/include/example_infs/msg/detail
-- Installing: /home/rizkymille/ros2-examples/install/example_infs/include/example_infs/msg/detail/dds_fastrtps
-- Installing: /home/rizkymille/ros2-examples/install/example_infs/include/example_infs/msg/detail/uhuy__rosidl_typesupport_fastrtps_cpp.hpp
-- Installing: /home/rizkymille/ros2-examples/install/example_infs/lib/libexample_infs__rosidl_typesupport_fastrtps_cpp.so
-- Set runtime path of "/home/rizkymille/ros2-examples/install/example_infs/lib/libexample_infs__rosidl_typesupport_fastrtps_cpp.so" to ""
-- Up-to-date: /home/rizkymille/ros2-examples/install/example_infs/include/example_infs
-- Up-to-date: /home/rizkymille/ros2-examples/install/example_infs/include/example_infs/action
-- Up-to-date: /home/rizkymille/ros2-examples/install/example_infs/include/example_infs/action/detail
-- Installing: /home/rizkymille/ros2-examples/install/example_infs/include/example_infs/action/detail/bruh__type_support.c
-- Installing: /home/rizkymille/ros2-examples/install/example_infs/include/example_infs/action/detail/bruh__rosidl_typesupport_introspection_c.h
-- Up-to-date: /home/rizkymille/ros2-examples/install/example_infs/include/example_infs/srv
-- Up-to-date: /home/rizkymille/ros2-examples/install/example_infs/include/example_infs/srv/detail
-- Installing: /home/rizkymille/ros2-examples/install/example_infs/include/example_infs/srv/detail/print__rosidl_typesupport_introspection_c.h
-- Installing: /home/rizkymille/ros2-examples/install/example_infs/include/example_infs/srv/detail/print__type_support.c
-- Up-to-date: /home/rizkymille/ros2-examples/install/example_infs/include/example_infs/msg
-- Installing: /home/rizkymille/ros2-examples/install/example_infs/include/example_infs/msg/rosidl_typesupport_introspection_c__visibility_control.h
-- Up-to-date: /home/rizkymille/ros2-examples/install/example_infs/include/example_infs/msg/detail
-- Installing: /home/rizkymille/ros2-examples/install/example_infs/include/example_infs/msg/detail/uhuy__rosidl_typesupport_introspection_c.h
-- Installing: /home/rizkymille/ros2-examples/install/example_infs/include/example_infs/msg/detail/uhuy__type_support.c
-- Installing: /home/rizkymille/ros2-examples/install/example_infs/lib/libexample_infs__rosidl_typesupport_introspection_c.so
-- Set runtime path of "/home/rizkymille/ros2-examples/install/example_infs/lib/libexample_infs__rosidl_typesupport_introspection_c.so" to ""
-- Installing: /home/rizkymille/ros2-examples/install/example_infs/lib/libexample_infs__rosidl_typesupport_c.so
-- Set runtime path of "/home/rizkymille/ros2-examples/install/example_infs/lib/libexample_infs__rosidl_typesupport_c.so" to ""
-- Up-to-date: /home/rizkymille/ros2-examples/install/example_infs/include/example_infs
-- Up-to-date: /home/rizkymille/ros2-examples/install/example_infs/include/example_infs/action
-- Installing: /home/rizkymille/ros2-examples/install/example_infs/include/example_infs/action/bruh.hpp
-- Up-to-date: /home/rizkymille/ros2-examples/install/example_infs/include/example_infs/action/detail
-- Installing: /home/rizkymille/ros2-examples/install/example_infs/include/example_infs/action/detail/bruh__struct.hpp
-- Installing: /home/rizkymille/ros2-examples/install/example_infs/include/example_infs/action/detail/bruh__builder.hpp
-- Installing: /home/rizkymille/ros2-examples/install/example_infs/include/example_infs/action/detail/bruh__traits.hpp
-- Up-to-date: /home/rizkymille/ros2-examples/install/example_infs/include/example_infs/srv
-- Installing: /home/rizkymille/ros2-examples/install/example_infs/include/example_infs/srv/print.hpp
-- Up-to-date: /home/rizkymille/ros2-examples/install/example_infs/include/example_infs/srv/detail
-- Installing: /home/rizkymille/ros2-examples/install/example_infs/include/example_infs/srv/detail/print__struct.hpp
-- Installing: /home/rizkymille/ros2-examples/install/example_infs/include/example_infs/srv/detail/print__traits.hpp
-- Installing: /home/rizkymille/ros2-examples/install/example_infs/include/example_infs/srv/detail/print__builder.hpp
-- Up-to-date: /home/rizkymille/ros2-examples/install/example_infs/include/example_infs/msg
-- Installing: /home/rizkymille/ros2-examples/install/example_infs/include/example_infs/msg/uhuy.hpp
-- Up-to-date: /home/rizkymille/ros2-examples/install/example_infs/include/example_infs/msg/detail
-- Installing: /home/rizkymille/ros2-examples/install/example_infs/include/example_infs/msg/detail/uhuy__builder.hpp
-- Installing: /home/rizkymille/ros2-examples/install/example_infs/include/example_infs/msg/detail/uhuy__struct.hpp
-- Installing: /home/rizkymille/ros2-examples/install/example_infs/include/example_infs/msg/detail/uhuy__traits.hpp
-- Up-to-date: /home/rizkymille/ros2-examples/install/example_infs/include/example_infs
-- Up-to-date: /home/rizkymille/ros2-examples/install/example_infs/include/example_infs/action
-- Up-to-date: /home/rizkymille/ros2-examples/install/example_infs/include/example_infs/action/detail
-- Installing: /home/rizkymille/ros2-examples/install/example_infs/include/example_infs/action/detail/bruh__rosidl_typesupport_introspection_cpp.hpp
-- Installing: /home/rizkymille/ros2-examples/install/example_infs/include/example_infs/action/detail/bruh__type_support.cpp
-- Up-to-date: /home/rizkymille/ros2-examples/install/example_infs/include/example_infs/srv
-- Up-to-date: /home/rizkymille/ros2-examples/install/example_infs/include/example_infs/srv/detail
-- Installing: /home/rizkymille/ros2-examples/install/example_infs/include/example_infs/srv/detail/print__rosidl_typesupport_introspection_cpp.hpp
-- Installing: /home/rizkymille/ros2-examples/install/example_infs/include/example_infs/srv/detail/print__type_support.cpp
-- Up-to-date: /home/rizkymille/ros2-examples/install/example_infs/include/example_infs/msg
-- Up-to-date: /home/rizkymille/ros2-examples/install/example_infs/include/example_infs/msg/detail
-- Installing: /home/rizkymille/ros2-examples/install/example_infs/include/example_infs/msg/detail/uhuy__rosidl_typesupport_introspection_cpp.hpp
-- Installing: /home/rizkymille/ros2-examples/install/example_infs/include/example_infs/msg/detail/uhuy__type_support.cpp
-- Installing: /home/rizkymille/ros2-examples/install/example_infs/lib/libexample_infs__rosidl_typesupport_introspection_cpp.so
-- Set runtime path of "/home/rizkymille/ros2-examples/install/example_infs/lib/libexample_infs__rosidl_typesupport_introspection_cpp.so" to ""
-- Installing: /home/rizkymille/ros2-examples/install/example_infs/lib/libexample_infs__rosidl_typesupport_cpp.so
-- Set runtime path of "/home/rizkymille/ros2-examples/install/example_infs/lib/libexample_infs__rosidl_typesupport_cpp.so" to ""
-- Installing: /home/rizkymille/ros2-examples/install/example_infs/share/example_infs/environment/pythonpath.sh
-- Installing: /home/rizkymille/ros2-examples/install/example_infs/share/example_infs/environment/pythonpath.dsv
-- Installing: /home/rizkymille/ros2-examples/install/example_infs/lib/python3.8/site-packages/example_infs/__init__.py
Compiling '/home/rizkymille/ros2-examples/install/example_infs/lib/python3.8/site-packages/example_infs/__init__.py'...
-- Installing: /home/rizkymille/ros2-examples/install/example_infs/lib/python3.8/site-packages/example_infs/srv
-- Installing: /home/rizkymille/ros2-examples/install/example_infs/lib/python3.8/site-packages/example_infs/srv/__init__.py
-- Installing: /home/rizkymille/ros2-examples/install/example_infs/lib/python3.8/site-packages/example_infs/srv/_print_s.c
-- Installing: /home/rizkymille/ros2-examples/install/example_infs/lib/python3.8/site-packages/example_infs/srv/_print.py
-- Installing: /home/rizkymille/ros2-examples/install/example_infs/lib/python3.8/site-packages/example_infs/msg
-- Installing: /home/rizkymille/ros2-examples/install/example_infs/lib/python3.8/site-packages/example_infs/msg/__init__.py
-- Installing: /home/rizkymille/ros2-examples/install/example_infs/lib/python3.8/site-packages/example_infs/msg/_uhuy.py
-- Installing: /home/rizkymille/ros2-examples/install/example_infs/lib/python3.8/site-packages/example_infs/msg/_uhuy_s.c
-- Installing: /home/rizkymille/ros2-examples/install/example_infs/lib/python3.8/site-packages/example_infs/action
-- Installing: /home/rizkymille/ros2-examples/install/example_infs/lib/python3.8/site-packages/example_infs/action/__init__.py
-- Installing: /home/rizkymille/ros2-examples/install/example_infs/lib/python3.8/site-packages/example_infs/action/_bruh_s.c
-- Installing: /home/rizkymille/ros2-examples/install/example_infs/lib/python3.8/site-packages/example_infs/action/_bruh.py
-- Installing: /home/rizkymille/ros2-examples/install/example_infs/lib/python3.8/site-packages/example_infs/example_infs_s__rosidl_typesupport_fastrtps_c.cpython-38-x86_64-linux-gnu.so
-- Set runtime path of "/home/rizkymille/ros2-examples/install/example_infs/lib/python3.8/site-packages/example_infs/example_infs_s__rosidl_typesupport_fastrtps_c.cpython-38-x86_64-linux-gnu.so" to ""
-- Installing: /home/rizkymille/ros2-examples/install/example_infs/lib/python3.8/site-packages/example_infs/example_infs_s__rosidl_typesupport_introspection_c.cpython-38-x86_64-linux-gnu.so
-- Set runtime path of "/home/rizkymille/ros2-examples/install/example_infs/lib/python3.8/site-packages/example_infs/example_infs_s__rosidl_typesupport_introspection_c.cpython-38-x86_64-linux-gnu.so" to ""
-- Installing: /home/rizkymille/ros2-examples/install/example_infs/lib/python3.8/site-packages/example_infs/example_infs_s__rosidl_typesupport_c.cpython-38-x86_64-linux-gnu.so
-- Set runtime path of "/home/rizkymille/ros2-examples/install/example_infs/lib/python3.8/site-packages/example_infs/example_infs_s__rosidl_typesupport_c.cpython-38-x86_64-linux-gnu.so" to ""
-- Installing: /home/rizkymille/ros2-examples/install/example_infs/lib/libexample_infs__python.so
-- Set runtime path of "/home/rizkymille/ros2-examples/install/example_infs/lib/libexample_infs__python.so" to ""
-- Installing: /home/rizkymille/ros2-examples/install/example_infs/share/example_infs/srv/Print.idl
-- Installing: /home/rizkymille/ros2-examples/install/example_infs/share/example_infs/msg/Uhuy.idl
-- Installing: /home/rizkymille/ros2-examples/install/example_infs/share/example_infs/action/Bruh.idl
-- Installing: /home/rizkymille/ros2-examples/install/example_infs/share/example_infs/srv/Print.srv
-- Installing: /home/rizkymille/ros2-examples/install/example_infs/share/example_infs/srv/Print_Request.msg
-- Installing: /home/rizkymille/ros2-examples/install/example_infs/share/example_infs/srv/Print_Response.msg
-- Installing: /home/rizkymille/ros2-examples/install/example_infs/share/example_infs/msg/Uhuy.msg
-- Installing: /home/rizkymille/ros2-examples/install/example_infs/share/example_infs/action/Bruh.action
-- Installing: /home/rizkymille/ros2-examples/install/example_infs/share/ament_index/resource_index/package_run_dependencies/example_infs
-- Installing: /home/rizkymille/ros2-examples/install/example_infs/share/ament_index/resource_index/parent_prefix_path/example_infs
-- Installing: /home/rizkymille/ros2-examples/install/example_infs/share/example_infs/environment/ament_prefix_path.sh
-- Installing: /home/rizkymille/ros2-examples/install/example_infs/share/example_infs/environment/ament_prefix_path.dsv
-- Installing: /home/rizkymille/ros2-examples/install/example_infs/share/example_infs/environment/path.sh
-- Installing: /home/rizkymille/ros2-examples/install/example_infs/share/example_infs/environment/path.dsv
-- Installing: /home/rizkymille/ros2-examples/install/example_infs/share/example_infs/local_setup.bash
-- Installing: /home/rizkymille/ros2-examples/install/example_infs/share/example_infs/local_setup.sh
-- Installing: /home/rizkymille/ros2-examples/install/example_infs/share/example_infs/local_setup.zsh
-- Installing: /home/rizkymille/ros2-examples/install/example_infs/share/example_infs/local_setup.dsv
-- Installing: /home/rizkymille/ros2-examples/install/example_infs/share/example_infs/package.dsv
-- Installing: /home/rizkymille/ros2-examples/install/example_infs/share/ament_index/resource_index/packages/example_infs
-- Installing: /home/rizkymille/ros2-examples/install/example_infs/share/example_infs/cmake/example_infs__rosidl_generator_cExport.cmake
-- Installing: /home/rizkymille/ros2-examples/install/example_infs/share/example_infs/cmake/example_infs__rosidl_generator_cExport-noconfig.cmake
-- Installing: /home/rizkymille/ros2-examples/install/example_infs/share/example_infs/cmake/example_infs__rosidl_typesupport_introspection_cExport.cmake
-- Installing: /home/rizkymille/ros2-examples/install/example_infs/share/example_infs/cmake/example_infs__rosidl_typesupport_introspection_cExport-noconfig.cmake
-- Installing: /home/rizkymille/ros2-examples/install/example_infs/share/example_infs/cmake/example_infs__rosidl_typesupport_cExport.cmake
-- Installing: /home/rizkymille/ros2-examples/install/example_infs/share/example_infs/cmake/example_infs__rosidl_typesupport_cExport-noconfig.cmake
-- Installing: /home/rizkymille/ros2-examples/install/example_infs/share/example_infs/cmake/example_infs__rosidl_generator_cppExport.cmake
-- Installing: /home/rizkymille/ros2-examples/install/example_infs/share/example_infs/cmake/example_infs__rosidl_typesupport_introspection_cppExport.cmake
-- Installing: /home/rizkymille/ros2-examples/install/example_infs/share/example_infs/cmake/example_infs__rosidl_typesupport_introspection_cppExport-noconfig.cmake
-- Installing: /home/rizkymille/ros2-examples/install/example_infs/share/example_infs/cmake/example_infs__rosidl_typesupport_cppExport.cmake
-- Installing: /home/rizkymille/ros2-examples/install/example_infs/share/example_infs/cmake/example_infs__rosidl_typesupport_cppExport-noconfig.cmake
-- Installing: /home/rizkymille/ros2-examples/install/example_infs/share/example_infs/cmake/rosidl_cmake-extras.cmake
-- Installing: /home/rizkymille/ros2-examples/install/example_infs/share/example_infs/cmake/ament_cmake_export_dependencies-extras.cmake
-- Installing: /home/rizkymille/ros2-examples/install/example_infs/share/example_infs/cmake/ament_cmake_export_libraries-extras.cmake
-- Installing: /home/rizkymille/ros2-examples/install/example_infs/share/example_infs/cmake/ament_cmake_export_targets-extras.cmake
-- Installing: /home/rizkymille/ros2-examples/install/example_infs/share/example_infs/cmake/ament_cmake_export_include_directories-extras.cmake
-- Installing: /home/rizkymille/ros2-examples/install/example_infs/share/example_infs/cmake/rosidl_cmake_export_typesupport_libraries-extras.cmake
-- Installing: /home/rizkymille/ros2-examples/install/example_infs/share/example_infs/cmake/rosidl_cmake_export_typesupport_targets-extras.cmake
-- Installing: /home/rizkymille/ros2-examples/install/example_infs/share/example_infs/cmake/example_infsConfig.cmake
-- Installing: /home/rizkymille/ros2-examples/install/example_infs/share/example_infs/cmake/example_infsConfig-version.cmake
-- Installing: /home/rizkymille/ros2-examples/install/example_infs/share/example_infs/package.xml
