[0.023s] Invoking command in '/home/rizkymille/ros2-examples/build/example_infs': CMAKE_PREFIX_PATH=/opt/ros/foxy /usr/bin/cmake /home/rizkymille/ros2-examples/example_infs -DCMAKE_INSTALL_PREFIX=/home/rizkymille/ros2-examples/install/example_infs
[0.158s] -- The C compiler identification is GNU 9.4.0
[0.304s] -- The CXX compiler identification is GNU 9.4.0
[0.314s] -- Check for working C compiler: /usr/bin/cc
[0.413s] -- Check for working C compiler: /usr/bin/cc -- works
[0.416s] -- Detecting C compiler ABI info
[0.531s] -- Detecting C compiler ABI info - done
[0.552s] -- Detecting C compile features
[0.552s] -- Detecting C compile features - done
[0.556s] -- Check for working CXX compiler: /usr/bin/c++
[0.672s] -- Check for working CXX compiler: /usr/bin/c++ -- works
[0.674s] -- Detecting CXX compiler ABI info
[0.797s] -- Detecting CXX compiler ABI info - done
[0.813s] -- Detecting CXX compile features
[0.814s] -- Detecting CXX compile features - done
[0.820s] -- Found ament_cmake: 0.9.11 (/opt/ros/foxy/share/ament_cmake/cmake)
[0.857s] -- Found PythonInterp: /usr/bin/python3 (found suitable version "3.8.10", minimum required is "3") 
[0.857s] -- Using PYTHON_EXECUTABLE: /usr/bin/python3
[1.185s] -- Found rosidl_default_generators: 1.0.1 (/opt/ros/foxy/share/rosidl_default_generators/cmake)
[1.189s] -- Using all available rosidl_typesupport_c: rosidl_typesupport_fastrtps_c;rosidl_typesupport_introspection_c
[1.198s] -- Found rosidl_adapter: 1.3.0 (/opt/ros/foxy/share/rosidl_adapter/cmake)
[1.354s] -- Found OpenSSL: /usr/lib/x86_64-linux-gnu/libcrypto.so (found version "1.1.1f")  
[1.393s] -- Found FastRTPS: /opt/ros/foxy/include  
[1.501s] -- Using all available rosidl_typesupport_cpp: rosidl_typesupport_fastrtps_cpp;rosidl_typesupport_introspection_cpp
[1.568s] -- Found PythonInterp: /usr/bin/python3 (found version "3.8.10") 
[1.843s] -- Found ament_cmake_ros: 0.9.2 (/opt/ros/foxy/share/ament_cmake_ros/cmake)
[2.014s] -- Using all available rosidl_typesupport_c: rosidl_typesupport_fastrtps_c;rosidl_typesupport_introspection_c
[2.045s] -- Using all available rosidl_typesupport_cpp: rosidl_typesupport_fastrtps_cpp;rosidl_typesupport_introspection_cpp
[2.079s] -- Found PythonInterp: /usr/bin/python3 (found suitable version "3.8.10", minimum required is "3.5") 
[2.083s] -- Found python_cmake_module: 0.8.1 (/opt/ros/foxy/share/python_cmake_module/cmake)
[2.126s] -- Found PythonLibs: /usr/lib/x86_64-linux-gnu/libpython3.8.so (found suitable version "3.8.10", minimum required is "3.5") 
[2.127s] -- Using PYTHON_EXECUTABLE: /usr/bin/python3
[2.127s] -- Using PYTHON_INCLUDE_DIRS: /usr/include/python3.8
[2.127s] -- Using PYTHON_LIBRARIES: /usr/lib/x86_64-linux-gnu/libpython3.8.so
[2.155s] -- Found PythonExtra: .so  
[2.532s] -- Found ament_lint_auto: 0.9.7 (/opt/ros/foxy/share/ament_lint_auto/cmake)
[2.560s] -- Added test 'copyright' to check source files copyright and LICENSE
[2.562s] -- Added test 'lint_cmake' to check CMake code style
[2.564s] -- Added test 'xmllint' to check XML markup files
[2.569s] -- Configuring done
[2.635s] -- Generating done
[2.638s] -- Build files have been written to: /home/rizkymille/ros2-examples/build/example_infs
[2.649s] Invoked command in '/home/rizkymille/ros2-examples/build/example_infs' returned '0': CMAKE_PREFIX_PATH=/opt/ros/foxy /usr/bin/cmake /home/rizkymille/ros2-examples/example_infs -DCMAKE_INSTALL_PREFIX=/home/rizkymille/ros2-examples/install/example_infs
[2.656s] Invoking command in '/home/rizkymille/ros2-examples/build/example_infs': CMAKE_PREFIX_PATH=/opt/ros/foxy /usr/bin/cmake --build /home/rizkymille/ros2-examples/build/example_infs -- -j8 -l8
[2.721s] [35m[1mScanning dependencies of target example_infs__cpp[0m
[2.722s] [  2%] [34m[1mGenerating C code for ROS interfaces[0m
[2.737s] [  4%] [34m[1mGenerating C++ code for ROS interfaces[0m
[3.370s] [  4%] Built target example_infs__cpp
[3.382s] [  6%] [34m[1mGenerating C++ type support dispatch for ROS interfaces[0m
[3.387s] [  8%] [34m[1mGenerating C++ introspection for ROS interfaces[0m
[3.387s] [ 10%] [34m[1mGenerating C++ type support for eProsima Fast-RTPS[0m
[3.452s] [35m[1mScanning dependencies of target example_infs__rosidl_generator_c[0m
[3.474s] [ 14%] [32mBuilding C object CMakeFiles/example_infs__rosidl_generator_c.dir/rosidl_generator_c/example_infs/srv/detail/print__functions.c.o[0m
[3.474s] [ 14%] [32mBuilding C object CMakeFiles/example_infs__rosidl_generator_c.dir/rosidl_generator_c/example_infs/msg/detail/uhuy__functions.c.o[0m
[3.476s] [ 17%] [32mBuilding C object CMakeFiles/example_infs__rosidl_generator_c.dir/rosidl_generator_c/example_infs/action/detail/bruh__functions.c.o[0m
[3.665s] [ 19%] [32m[1mLinking C shared library libexample_infs__rosidl_generator_c.so[0m
[3.731s] [ 19%] Built target example_infs__rosidl_generator_c
[3.742s] [ 21%] [34m[1mGenerating C introspection for ROS interfaces[0m
[3.747s] [ 23%] [34m[1mGenerating C type support dispatch for ROS interfaces[0m
[3.846s] [35m[1mScanning dependencies of target example_infs__rosidl_typesupport_cpp[0m
[3.870s] [ 29%] [32mBuilding CXX object CMakeFiles/example_infs__rosidl_typesupport_cpp.dir/rosidl_typesupport_cpp/example_infs/srv/print__type_support.cpp.o[0m
[3.870s] [ 29%] [32mBuilding CXX object CMakeFiles/example_infs__rosidl_typesupport_cpp.dir/rosidl_typesupport_cpp/example_infs/msg/uhuy__type_support.cpp.o[0m
[3.870s] [ 29%] [32mBuilding CXX object CMakeFiles/example_infs__rosidl_typesupport_cpp.dir/rosidl_typesupport_cpp/example_infs/action/bruh__type_support.cpp.o[0m
[4.255s] [35m[1mScanning dependencies of target example_infs__rosidl_typesupport_introspection_cpp[0m
[4.283s] [ 31%] [32mBuilding CXX object CMakeFiles/example_infs__rosidl_typesupport_introspection_cpp.dir/rosidl_typesupport_introspection_cpp/example_infs/srv/detail/print__type_support.cpp.o[0m
[4.296s] [ 34%] [32mBuilding CXX object CMakeFiles/example_infs__rosidl_typesupport_introspection_cpp.dir/rosidl_typesupport_introspection_cpp/example_infs/msg/detail/uhuy__type_support.cpp.o[0m
[4.350s] [ 36%] [32mBuilding CXX object CMakeFiles/example_infs__rosidl_typesupport_introspection_cpp.dir/rosidl_typesupport_introspection_cpp/example_infs/action/detail/bruh__type_support.cpp.o[0m
[4.391s] [35m[1mScanning dependencies of target example_infs__rosidl_typesupport_c[0m
[4.392s] [ 38%] [32m[1mLinking CXX shared library libexample_infs__rosidl_typesupport_cpp.so[0m
[4.402s] [35m[1mScanning dependencies of target example_infs__rosidl_typesupport_fastrtps_cpp[0m
[4.417s] [ 40%] [32mBuilding CXX object CMakeFiles/example_infs__rosidl_typesupport_c.dir/rosidl_typesupport_c/example_infs/srv/print__type_support.cpp.o[0m
[4.418s] [ 42%] [32mBuilding CXX object CMakeFiles/example_infs__rosidl_typesupport_c.dir/rosidl_typesupport_c/example_infs/msg/uhuy__type_support.cpp.o[0m
[4.445s] [ 44%] [32mBuilding CXX object CMakeFiles/example_infs__rosidl_typesupport_fastrtps_cpp.dir/rosidl_typesupport_fastrtps_cpp/example_infs/srv/detail/dds_fastrtps/print__type_support.cpp.o[0m
[4.467s] [ 44%] Built target example_infs__rosidl_typesupport_cpp
[4.472s] [ 46%] [32mBuilding CXX object CMakeFiles/example_infs__rosidl_typesupport_c.dir/rosidl_typesupport_c/example_infs/action/bruh__type_support.cpp.o[0m
[4.475s] [ 48%] [32mBuilding CXX object CMakeFiles/example_infs__rosidl_typesupport_fastrtps_cpp.dir/rosidl_typesupport_fastrtps_cpp/example_infs/msg/detail/dds_fastrtps/uhuy__type_support.cpp.o[0m
[4.491s] [ 51%] [32mBuilding CXX object CMakeFiles/example_infs__rosidl_typesupport_fastrtps_cpp.dir/rosidl_typesupport_fastrtps_cpp/example_infs/action/detail/dds_fastrtps/bruh__type_support.cpp.o[0m
[4.565s] [ 53%] [32m[1mLinking CXX shared library libexample_infs__rosidl_typesupport_c.so[0m
[4.603s] [35m[1mScanning dependencies of target example_infs__rosidl_typesupport_introspection_c[0m
[4.637s] [ 55%] [32mBuilding C object CMakeFiles/example_infs__rosidl_typesupport_introspection_c.dir/rosidl_typesupport_introspection_c/example_infs/srv/detail/print__type_support.c.o[0m
[4.643s] [ 55%] Built target example_infs__rosidl_typesupport_c
[4.659s] [ 57%] [32mBuilding C object CMakeFiles/example_infs__rosidl_typesupport_introspection_c.dir/rosidl_typesupport_introspection_c/example_infs/msg/detail/uhuy__type_support.c.o[0m
[4.703s] [ 59%] [32mBuilding C object CMakeFiles/example_infs__rosidl_typesupport_introspection_c.dir/rosidl_typesupport_introspection_c/example_infs/action/detail/bruh__type_support.c.o[0m
[4.795s] [ 61%] [32m[1mLinking C shared library libexample_infs__rosidl_typesupport_introspection_c.so[0m
[4.853s] [ 61%] Built target example_infs__rosidl_typesupport_introspection_c
[4.911s] [ 63%] [32m[1mLinking CXX shared library libexample_infs__rosidl_typesupport_introspection_cpp.so[0m
[5.018s] [ 63%] Built target example_infs__rosidl_typesupport_introspection_cpp
[5.238s] [ 65%] [32m[1mLinking CXX shared library libexample_infs__rosidl_typesupport_fastrtps_cpp.so[0m
[5.364s] [ 65%] Built target example_infs__rosidl_typesupport_fastrtps_cpp
[5.377s] [ 68%] [34m[1mGenerating C type support for eProsima Fast-RTPS[0m
[5.940s] [35m[1mScanning dependencies of target example_infs__rosidl_typesupport_fastrtps_c[0m
[5.976s] [ 74%] [32mBuilding CXX object CMakeFiles/example_infs__rosidl_typesupport_fastrtps_c.dir/rosidl_typesupport_fastrtps_c/example_infs/action/detail/bruh__type_support_c.cpp.o[0m
[5.976s] [ 74%] [32mBuilding CXX object CMakeFiles/example_infs__rosidl_typesupport_fastrtps_c.dir/rosidl_typesupport_fastrtps_c/example_infs/msg/detail/uhuy__type_support_c.cpp.o[0m
[5.976s] [ 74%] [32mBuilding CXX object CMakeFiles/example_infs__rosidl_typesupport_fastrtps_c.dir/rosidl_typesupport_fastrtps_c/example_infs/srv/detail/print__type_support_c.cpp.o[0m
[6.478s] [ 76%] [32m[1mLinking CXX shared library libexample_infs__rosidl_typesupport_fastrtps_c.so[0m
[6.600s] [ 76%] Built target example_infs__rosidl_typesupport_fastrtps_c
[6.617s] [35m[1mScanning dependencies of target example_infs[0m
[6.635s] [ 76%] Built target example_infs
[6.651s] [35m[1mScanning dependencies of target example_infs__py[0m
[6.670s] [ 78%] [34m[1mGenerating Python code for ROS interfaces[0m
[7.999s] [ 78%] Built target example_infs__py
[8.016s] [35m[1mScanning dependencies of target example_infs__python[0m
[8.058s] [ 80%] [32mBuilding C object CMakeFiles/example_infs__python.dir/rosidl_generator_py/example_infs/srv/_print_s.c.o[0m
[8.063s] [ 82%] [32mBuilding C object CMakeFiles/example_infs__python.dir/rosidl_generator_py/example_infs/action/_bruh_s.c.o[0m
[8.065s] [ 85%] [32mBuilding C object CMakeFiles/example_infs__python.dir/rosidl_generator_py/example_infs/msg/_uhuy_s.c.o[0m
[8.236s] [ 87%] [32m[1mLinking C shared library rosidl_generator_py/example_infs/libexample_infs__python.so[0m
[8.295s] [ 87%] Built target example_infs__python
[8.307s] [35m[1mScanning dependencies of target example_infs__rosidl_typesupport_c__pyext[0m
[8.310s] [35m[1mScanning dependencies of target example_infs__rosidl_typesupport_introspection_c__pyext[0m
[8.311s] [35m[1mScanning dependencies of target example_infs__rosidl_typesupport_fastrtps_c__pyext[0m
[8.330s] [ 89%] [32mBuilding C object CMakeFiles/example_infs__rosidl_typesupport_introspection_c__pyext.dir/rosidl_generator_py/example_infs/_example_infs_s.ep.rosidl_typesupport_introspection_c.c.o[0m
[8.331s] [ 91%] [32mBuilding C object CMakeFiles/example_infs__rosidl_typesupport_c__pyext.dir/rosidl_generator_py/example_infs/_example_infs_s.ep.rosidl_typesupport_c.c.o[0m
[8.336s] [ 93%] [32mBuilding C object CMakeFiles/example_infs__rosidl_typesupport_fastrtps_c__pyext.dir/rosidl_generator_py/example_infs/_example_infs_s.ep.rosidl_typesupport_fastrtps_c.c.o[0m
[8.473s] [ 95%] [32m[1mLinking C shared library rosidl_generator_py/example_infs/example_infs_s__rosidl_typesupport_c.cpython-38-x86_64-linux-gnu.so[0m
[8.480s] [ 97%] [32m[1mLinking C shared library rosidl_generator_py/example_infs/example_infs_s__rosidl_typesupport_introspection_c.cpython-38-x86_64-linux-gnu.so[0m
[8.487s] [100%] [32m[1mLinking CXX shared library rosidl_generator_py/example_infs/example_infs_s__rosidl_typesupport_fastrtps_c.cpython-38-x86_64-linux-gnu.so[0m
[8.524s] [100%] Built target example_infs__rosidl_typesupport_c__pyext
[8.529s] [100%] Built target example_infs__rosidl_typesupport_introspection_c__pyext
[8.581s] [100%] Built target example_infs__rosidl_typesupport_fastrtps_c__pyext
[8.598s] Invoked command in '/home/rizkymille/ros2-examples/build/example_infs' returned '0': CMAKE_PREFIX_PATH=/opt/ros/foxy /usr/bin/cmake --build /home/rizkymille/ros2-examples/build/example_infs -- -j8 -l8
[8.722s] Invoking command in '/home/rizkymille/ros2-examples/build/example_infs': CMAKE_PREFIX_PATH=/opt/ros/foxy /usr/bin/cmake --install /home/rizkymille/ros2-examples/build/example_infs
[8.731s] -- Install configuration: ""
[8.731s] -- Installing: /home/rizkymille/ros2-examples/install/example_infs/share/ament_index/resource_index/rosidl_interfaces/example_infs
[8.731s] -- Installing: /home/rizkymille/ros2-examples/install/example_infs/include/example_infs
[8.732s] -- Installing: /home/rizkymille/ros2-examples/install/example_infs/include/example_infs/action
[8.732s] -- Installing: /home/rizkymille/ros2-examples/install/example_infs/include/example_infs/action/bruh.h
[8.732s] -- Installing: /home/rizkymille/ros2-examples/install/example_infs/include/example_infs/action/detail
[8.732s] -- Installing: /home/rizkymille/ros2-examples/install/example_infs/include/example_infs/action/detail/bruh__functions.c
[8.732s] -- Installing: /home/rizkymille/ros2-examples/install/example_infs/include/example_infs/action/detail/bruh__type_support.h
[8.733s] -- Installing: /home/rizkymille/ros2-examples/install/example_infs/include/example_infs/action/detail/bruh__struct.h
[8.733s] -- Installing: /home/rizkymille/ros2-examples/install/example_infs/include/example_infs/action/detail/bruh__functions.h
[8.733s] -- Installing: /home/rizkymille/ros2-examples/install/example_infs/include/example_infs/srv
[8.733s] -- Installing: /home/rizkymille/ros2-examples/install/example_infs/include/example_infs/srv/print.h
[8.733s] -- Installing: /home/rizkymille/ros2-examples/install/example_infs/include/example_infs/srv/detail
[8.733s] -- Installing: /home/rizkymille/ros2-examples/install/example_infs/include/example_infs/srv/detail/print__functions.c
[8.734s] -- Installing: /home/rizkymille/ros2-examples/install/example_infs/include/example_infs/srv/detail/print__struct.h
[8.734s] -- Installing: /home/rizkymille/ros2-examples/install/example_infs/include/example_infs/srv/detail/print__type_support.h
[8.734s] -- Installing: /home/rizkymille/ros2-examples/install/example_infs/include/example_infs/srv/detail/print__functions.h
[8.734s] -- Installing: /home/rizkymille/ros2-examples/install/example_infs/include/example_infs/msg
[8.734s] -- Installing: /home/rizkymille/ros2-examples/install/example_infs/include/example_infs/msg/uhuy.h
[8.734s] -- Installing: /home/rizkymille/ros2-examples/install/example_infs/include/example_infs/msg/rosidl_generator_c__visibility_control.h
[8.734s] -- Installing: /home/rizkymille/ros2-examples/install/example_infs/include/example_infs/msg/detail
[8.735s] -- Installing: /home/rizkymille/ros2-examples/install/example_infs/include/example_infs/msg/detail/uhuy__functions.h
[8.735s] -- Installing: /home/rizkymille/ros2-examples/install/example_infs/include/example_infs/msg/detail/uhuy__type_support.h
[8.735s] -- Installing: /home/rizkymille/ros2-examples/install/example_infs/include/example_infs/msg/detail/uhuy__struct.h
[8.735s] -- Installing: /home/rizkymille/ros2-examples/install/example_infs/include/example_infs/msg/detail/uhuy__functions.c
[8.735s] -- Installing: /home/rizkymille/ros2-examples/install/example_infs/share/example_infs/environment/library_path.sh
[8.735s] -- Installing: /home/rizkymille/ros2-examples/install/example_infs/share/example_infs/environment/library_path.dsv
[8.736s] -- Installing: /home/rizkymille/ros2-examples/install/example_infs/lib/libexample_infs__rosidl_generator_c.so
[8.736s] -- Set runtime path of "/home/rizkymille/ros2-examples/install/example_infs/lib/libexample_infs__rosidl_generator_c.so" to ""
[8.736s] -- Up-to-date: /home/rizkymille/ros2-examples/install/example_infs/include/example_infs
[8.736s] -- Up-to-date: /home/rizkymille/ros2-examples/install/example_infs/include/example_infs/action
[8.736s] -- Up-to-date: /home/rizkymille/ros2-examples/install/example_infs/include/example_infs/action/detail
[8.736s] -- Installing: /home/rizkymille/ros2-examples/install/example_infs/include/example_infs/action/detail/bruh__rosidl_typesupport_fastrtps_c.h
[8.736s] -- Up-to-date: /home/rizkymille/ros2-examples/install/example_infs/include/example_infs/srv
[8.736s] -- Up-to-date: /home/rizkymille/ros2-examples/install/example_infs/include/example_infs/srv/detail
[8.737s] -- Installing: /home/rizkymille/ros2-examples/install/example_infs/include/example_infs/srv/detail/print__rosidl_typesupport_fastrtps_c.h
[8.737s] -- Up-to-date: /home/rizkymille/ros2-examples/install/example_infs/include/example_infs/msg
[8.737s] -- Installing: /home/rizkymille/ros2-examples/install/example_infs/include/example_infs/msg/rosidl_typesupport_fastrtps_c__visibility_control.h
[8.737s] -- Up-to-date: /home/rizkymille/ros2-examples/install/example_infs/include/example_infs/msg/detail
[8.737s] -- Installing: /home/rizkymille/ros2-examples/install/example_infs/include/example_infs/msg/detail/uhuy__rosidl_typesupport_fastrtps_c.h
[8.737s] -- Installing: /home/rizkymille/ros2-examples/install/example_infs/lib/libexample_infs__rosidl_typesupport_fastrtps_c.so
[8.737s] -- Set runtime path of "/home/rizkymille/ros2-examples/install/example_infs/lib/libexample_infs__rosidl_typesupport_fastrtps_c.so" to ""
[8.738s] -- Up-to-date: /home/rizkymille/ros2-examples/install/example_infs/include/example_infs
[8.738s] -- Up-to-date: /home/rizkymille/ros2-examples/install/example_infs/include/example_infs/action
[8.738s] -- Up-to-date: /home/rizkymille/ros2-examples/install/example_infs/include/example_infs/action/detail
[8.738s] -- Installing: /home/rizkymille/ros2-examples/install/example_infs/include/example_infs/action/detail/dds_fastrtps
[8.738s] -- Installing: /home/rizkymille/ros2-examples/install/example_infs/include/example_infs/action/detail/bruh__rosidl_typesupport_fastrtps_cpp.hpp
[8.738s] -- Up-to-date: /home/rizkymille/ros2-examples/install/example_infs/include/example_infs/srv
[8.738s] -- Up-to-date: /home/rizkymille/ros2-examples/install/example_infs/include/example_infs/srv/detail
[8.738s] -- Installing: /home/rizkymille/ros2-examples/install/example_infs/include/example_infs/srv/detail/print__rosidl_typesupport_fastrtps_cpp.hpp
[8.739s] -- Installing: /home/rizkymille/ros2-examples/install/example_infs/include/example_infs/srv/detail/dds_fastrtps
[8.739s] -- Up-to-date: /home/rizkymille/ros2-examples/install/example_infs/include/example_infs/msg
[8.739s] -- Installing: /home/rizkymille/ros2-examples/install/example_infs/include/example_infs/msg/rosidl_typesupport_fastrtps_cpp__visibility_control.h
[8.739s] -- Up-to-date: /home/rizkymille/ros2-examples/install/example_infs/include/example_infs/msg/detail
[8.739s] -- Installing: /home/rizkymille/ros2-examples/install/example_infs/include/example_infs/msg/detail/dds_fastrtps
[8.739s] -- Installing: /home/rizkymille/ros2-examples/install/example_infs/include/example_infs/msg/detail/uhuy__rosidl_typesupport_fastrtps_cpp.hpp
[8.740s] -- Installing: /home/rizkymille/ros2-examples/install/example_infs/lib/libexample_infs__rosidl_typesupport_fastrtps_cpp.so
[8.740s] -- Set runtime path of "/home/rizkymille/ros2-examples/install/example_infs/lib/libexample_infs__rosidl_typesupport_fastrtps_cpp.so" to ""
[8.740s] -- Up-to-date: /home/rizkymille/ros2-examples/install/example_infs/include/example_infs
[8.740s] -- Up-to-date: /home/rizkymille/ros2-examples/install/example_infs/include/example_infs/action
[8.740s] -- Up-to-date: /home/rizkymille/ros2-examples/install/example_infs/include/example_infs/action/detail
[8.740s] -- Installing: /home/rizkymille/ros2-examples/install/example_infs/include/example_infs/action/detail/bruh__type_support.c
[8.740s] -- Installing: /home/rizkymille/ros2-examples/install/example_infs/include/example_infs/action/detail/bruh__rosidl_typesupport_introspection_c.h
[8.741s] -- Up-to-date: /home/rizkymille/ros2-examples/install/example_infs/include/example_infs/srv
[8.741s] -- Up-to-date: /home/rizkymille/ros2-examples/install/example_infs/include/example_infs/srv/detail
[8.741s] -- Installing: /home/rizkymille/ros2-examples/install/example_infs/include/example_infs/srv/detail/print__rosidl_typesupport_introspection_c.h
[8.741s] -- Installing: /home/rizkymille/ros2-examples/install/example_infs/include/example_infs/srv/detail/print__type_support.c
[8.741s] -- Up-to-date: /home/rizkymille/ros2-examples/install/example_infs/include/example_infs/msg
[8.741s] -- Installing: /home/rizkymille/ros2-examples/install/example_infs/include/example_infs/msg/rosidl_typesupport_introspection_c__visibility_control.h
[8.741s] -- Up-to-date: /home/rizkymille/ros2-examples/install/example_infs/include/example_infs/msg/detail
[8.741s] -- Installing: /home/rizkymille/ros2-examples/install/example_infs/include/example_infs/msg/detail/uhuy__rosidl_typesupport_introspection_c.h
[8.742s] -- Installing: /home/rizkymille/ros2-examples/install/example_infs/include/example_infs/msg/detail/uhuy__type_support.c
[8.742s] -- Installing: /home/rizkymille/ros2-examples/install/example_infs/lib/libexample_infs__rosidl_typesupport_introspection_c.so
[8.742s] -- Set runtime path of "/home/rizkymille/ros2-examples/install/example_infs/lib/libexample_infs__rosidl_typesupport_introspection_c.so" to ""
[8.742s] -- Installing: /home/rizkymille/ros2-examples/install/example_infs/lib/libexample_infs__rosidl_typesupport_c.so
[8.742s] -- Set runtime path of "/home/rizkymille/ros2-examples/install/example_infs/lib/libexample_infs__rosidl_typesupport_c.so" to ""
[8.742s] -- Up-to-date: /home/rizkymille/ros2-examples/install/example_infs/include/example_infs
[8.742s] -- Up-to-date: /home/rizkymille/ros2-examples/install/example_infs/include/example_infs/action
[8.742s] -- Installing: /home/rizkymille/ros2-examples/install/example_infs/include/example_infs/action/bruh.hpp
[8.743s] -- Up-to-date: /home/rizkymille/ros2-examples/install/example_infs/include/example_infs/action/detail
[8.743s] -- Installing: /home/rizkymille/ros2-examples/install/example_infs/include/example_infs/action/detail/bruh__struct.hpp
[8.743s] -- Installing: /home/rizkymille/ros2-examples/install/example_infs/include/example_infs/action/detail/bruh__builder.hpp
[8.743s] -- Installing: /home/rizkymille/ros2-examples/install/example_infs/include/example_infs/action/detail/bruh__traits.hpp
[8.743s] -- Up-to-date: /home/rizkymille/ros2-examples/install/example_infs/include/example_infs/srv
[8.743s] -- Installing: /home/rizkymille/ros2-examples/install/example_infs/include/example_infs/srv/print.hpp
[8.743s] -- Up-to-date: /home/rizkymille/ros2-examples/install/example_infs/include/example_infs/srv/detail
[8.744s] -- Installing: /home/rizkymille/ros2-examples/install/example_infs/include/example_infs/srv/detail/print__struct.hpp
[8.744s] -- Installing: /home/rizkymille/ros2-examples/install/example_infs/include/example_infs/srv/detail/print__traits.hpp
[8.744s] -- Installing: /home/rizkymille/ros2-examples/install/example_infs/include/example_infs/srv/detail/print__builder.hpp
[8.744s] -- Up-to-date: /home/rizkymille/ros2-examples/install/example_infs/include/example_infs/msg
[8.744s] -- Installing: /home/rizkymille/ros2-examples/install/example_infs/include/example_infs/msg/uhuy.hpp
[8.744s] -- Up-to-date: /home/rizkymille/ros2-examples/install/example_infs/include/example_infs/msg/detail
[8.744s] -- Installing: /home/rizkymille/ros2-examples/install/example_infs/include/example_infs/msg/detail/uhuy__builder.hpp
[8.744s] -- Installing: /home/rizkymille/ros2-examples/install/example_infs/include/example_infs/msg/detail/uhuy__struct.hpp
[8.744s] -- Installing: /home/rizkymille/ros2-examples/install/example_infs/include/example_infs/msg/detail/uhuy__traits.hpp
[8.744s] -- Up-to-date: /home/rizkymille/ros2-examples/install/example_infs/include/example_infs
[8.744s] -- Up-to-date: /home/rizkymille/ros2-examples/install/example_infs/include/example_infs/action
[8.745s] -- Up-to-date: /home/rizkymille/ros2-examples/install/example_infs/include/example_infs/action/detail
[8.745s] -- Installing: /home/rizkymille/ros2-examples/install/example_infs/include/example_infs/action/detail/bruh__rosidl_typesupport_introspection_cpp.hpp
[8.745s] -- Installing: /home/rizkymille/ros2-examples/install/example_infs/include/example_infs/action/detail/bruh__type_support.cpp
[8.745s] -- Up-to-date: /home/rizkymille/ros2-examples/install/example_infs/include/example_infs/srv
[8.745s] -- Up-to-date: /home/rizkymille/ros2-examples/install/example_infs/include/example_infs/srv/detail
[8.745s] -- Installing: /home/rizkymille/ros2-examples/install/example_infs/include/example_infs/srv/detail/print__rosidl_typesupport_introspection_cpp.hpp
[8.745s] -- Installing: /home/rizkymille/ros2-examples/install/example_infs/include/example_infs/srv/detail/print__type_support.cpp
[8.745s] -- Up-to-date: /home/rizkymille/ros2-examples/install/example_infs/include/example_infs/msg
[8.745s] -- Up-to-date: /home/rizkymille/ros2-examples/install/example_infs/include/example_infs/msg/detail
[8.745s] -- Installing: /home/rizkymille/ros2-examples/install/example_infs/include/example_infs/msg/detail/uhuy__rosidl_typesupport_introspection_cpp.hpp
[8.745s] -- Installing: /home/rizkymille/ros2-examples/install/example_infs/include/example_infs/msg/detail/uhuy__type_support.cpp
[8.745s] -- Installing: /home/rizkymille/ros2-examples/install/example_infs/lib/libexample_infs__rosidl_typesupport_introspection_cpp.so
[8.746s] -- Set runtime path of "/home/rizkymille/ros2-examples/install/example_infs/lib/libexample_infs__rosidl_typesupport_introspection_cpp.so" to ""
[8.746s] -- Installing: /home/rizkymille/ros2-examples/install/example_infs/lib/libexample_infs__rosidl_typesupport_cpp.so
[8.746s] -- Set runtime path of "/home/rizkymille/ros2-examples/install/example_infs/lib/libexample_infs__rosidl_typesupport_cpp.so" to ""
[8.746s] -- Installing: /home/rizkymille/ros2-examples/install/example_infs/share/example_infs/environment/pythonpath.sh
[8.746s] -- Installing: /home/rizkymille/ros2-examples/install/example_infs/share/example_infs/environment/pythonpath.dsv
[8.746s] -- Installing: /home/rizkymille/ros2-examples/install/example_infs/lib/python3.8/site-packages/example_infs/__init__.py
[8.783s] Compiling '/home/rizkymille/ros2-examples/install/example_infs/lib/python3.8/site-packages/example_infs/__init__.py'...
[8.788s] -- Installing: /home/rizkymille/ros2-examples/install/example_infs/lib/python3.8/site-packages/example_infs/srv
[8.789s] -- Installing: /home/rizkymille/ros2-examples/install/example_infs/lib/python3.8/site-packages/example_infs/srv/__init__.py
[8.789s] -- Installing: /home/rizkymille/ros2-examples/install/example_infs/lib/python3.8/site-packages/example_infs/srv/_print_s.c
[8.789s] -- Installing: /home/rizkymille/ros2-examples/install/example_infs/lib/python3.8/site-packages/example_infs/srv/_print.py
[8.789s] -- Installing: /home/rizkymille/ros2-examples/install/example_infs/lib/python3.8/site-packages/example_infs/msg
[8.790s] -- Installing: /home/rizkymille/ros2-examples/install/example_infs/lib/python3.8/site-packages/example_infs/msg/__init__.py
[8.790s] -- Installing: /home/rizkymille/ros2-examples/install/example_infs/lib/python3.8/site-packages/example_infs/msg/_uhuy.py
[8.790s] -- Installing: /home/rizkymille/ros2-examples/install/example_infs/lib/python3.8/site-packages/example_infs/msg/_uhuy_s.c
[8.790s] -- Installing: /home/rizkymille/ros2-examples/install/example_infs/lib/python3.8/site-packages/example_infs/action
[8.791s] -- Installing: /home/rizkymille/ros2-examples/install/example_infs/lib/python3.8/site-packages/example_infs/action/__init__.py
[8.791s] -- Installing: /home/rizkymille/ros2-examples/install/example_infs/lib/python3.8/site-packages/example_infs/action/_bruh_s.c
[8.791s] -- Installing: /home/rizkymille/ros2-examples/install/example_infs/lib/python3.8/site-packages/example_infs/action/_bruh.py
[8.792s] -- Installing: /home/rizkymille/ros2-examples/install/example_infs/lib/python3.8/site-packages/example_infs/example_infs_s__rosidl_typesupport_fastrtps_c.cpython-38-x86_64-linux-gnu.so
[8.793s] -- Set runtime path of "/home/rizkymille/ros2-examples/install/example_infs/lib/python3.8/site-packages/example_infs/example_infs_s__rosidl_typesupport_fastrtps_c.cpython-38-x86_64-linux-gnu.so" to ""
[8.794s] -- Installing: /home/rizkymille/ros2-examples/install/example_infs/lib/python3.8/site-packages/example_infs/example_infs_s__rosidl_typesupport_introspection_c.cpython-38-x86_64-linux-gnu.so
[8.795s] -- Set runtime path of "/home/rizkymille/ros2-examples/install/example_infs/lib/python3.8/site-packages/example_infs/example_infs_s__rosidl_typesupport_introspection_c.cpython-38-x86_64-linux-gnu.so" to ""
[8.795s] -- Installing: /home/rizkymille/ros2-examples/install/example_infs/lib/python3.8/site-packages/example_infs/example_infs_s__rosidl_typesupport_c.cpython-38-x86_64-linux-gnu.so
[8.797s] -- Set runtime path of "/home/rizkymille/ros2-examples/install/example_infs/lib/python3.8/site-packages/example_infs/example_infs_s__rosidl_typesupport_c.cpython-38-x86_64-linux-gnu.so" to ""
[8.797s] -- Installing: /home/rizkymille/ros2-examples/install/example_infs/lib/libexample_infs__python.so
[8.797s] -- Set runtime path of "/home/rizkymille/ros2-examples/install/example_infs/lib/libexample_infs__python.so" to ""
[8.797s] -- Installing: /home/rizkymille/ros2-examples/install/example_infs/share/example_infs/srv/Print.idl
[8.798s] -- Installing: /home/rizkymille/ros2-examples/install/example_infs/share/example_infs/msg/Uhuy.idl
[8.798s] -- Installing: /home/rizkymille/ros2-examples/install/example_infs/share/example_infs/action/Bruh.idl
[8.798s] -- Installing: /home/rizkymille/ros2-examples/install/example_infs/share/example_infs/srv/Print.srv
[8.799s] -- Installing: /home/rizkymille/ros2-examples/install/example_infs/share/example_infs/srv/Print_Request.msg
[8.799s] -- Installing: /home/rizkymille/ros2-examples/install/example_infs/share/example_infs/srv/Print_Response.msg
[8.799s] -- Installing: /home/rizkymille/ros2-examples/install/example_infs/share/example_infs/msg/Uhuy.msg
[8.799s] -- Installing: /home/rizkymille/ros2-examples/install/example_infs/share/example_infs/action/Bruh.action
[8.800s] -- Installing: /home/rizkymille/ros2-examples/install/example_infs/share/ament_index/resource_index/package_run_dependencies/example_infs
[8.800s] -- Installing: /home/rizkymille/ros2-examples/install/example_infs/share/ament_index/resource_index/parent_prefix_path/example_infs
[8.800s] -- Installing: /home/rizkymille/ros2-examples/install/example_infs/share/example_infs/environment/ament_prefix_path.sh
[8.801s] -- Installing: /home/rizkymille/ros2-examples/install/example_infs/share/example_infs/environment/ament_prefix_path.dsv
[8.801s] -- Installing: /home/rizkymille/ros2-examples/install/example_infs/share/example_infs/environment/path.sh
[8.801s] -- Installing: /home/rizkymille/ros2-examples/install/example_infs/share/example_infs/environment/path.dsv
[8.802s] -- Installing: /home/rizkymille/ros2-examples/install/example_infs/share/example_infs/local_setup.bash
[8.802s] -- Installing: /home/rizkymille/ros2-examples/install/example_infs/share/example_infs/local_setup.sh
[8.802s] -- Installing: /home/rizkymille/ros2-examples/install/example_infs/share/example_infs/local_setup.zsh
[8.802s] -- Installing: /home/rizkymille/ros2-examples/install/example_infs/share/example_infs/local_setup.dsv
[8.803s] -- Installing: /home/rizkymille/ros2-examples/install/example_infs/share/example_infs/package.dsv
[8.803s] -- Installing: /home/rizkymille/ros2-examples/install/example_infs/share/ament_index/resource_index/packages/example_infs
[8.803s] -- Installing: /home/rizkymille/ros2-examples/install/example_infs/share/example_infs/cmake/example_infs__rosidl_generator_cExport.cmake
[8.804s] -- Installing: /home/rizkymille/ros2-examples/install/example_infs/share/example_infs/cmake/example_infs__rosidl_generator_cExport-noconfig.cmake
[8.804s] -- Installing: /home/rizkymille/ros2-examples/install/example_infs/share/example_infs/cmake/example_infs__rosidl_typesupport_introspection_cExport.cmake
[8.804s] -- Installing: /home/rizkymille/ros2-examples/install/example_infs/share/example_infs/cmake/example_infs__rosidl_typesupport_introspection_cExport-noconfig.cmake
[8.804s] -- Installing: /home/rizkymille/ros2-examples/install/example_infs/share/example_infs/cmake/example_infs__rosidl_typesupport_cExport.cmake
[8.804s] -- Installing: /home/rizkymille/ros2-examples/install/example_infs/share/example_infs/cmake/example_infs__rosidl_typesupport_cExport-noconfig.cmake
[8.805s] -- Installing: /home/rizkymille/ros2-examples/install/example_infs/share/example_infs/cmake/example_infs__rosidl_generator_cppExport.cmake
[8.805s] -- Installing: /home/rizkymille/ros2-examples/install/example_infs/share/example_infs/cmake/example_infs__rosidl_typesupport_introspection_cppExport.cmake
[8.805s] -- Installing: /home/rizkymille/ros2-examples/install/example_infs/share/example_infs/cmake/example_infs__rosidl_typesupport_introspection_cppExport-noconfig.cmake
[8.805s] -- Installing: /home/rizkymille/ros2-examples/install/example_infs/share/example_infs/cmake/example_infs__rosidl_typesupport_cppExport.cmake
[8.805s] -- Installing: /home/rizkymille/ros2-examples/install/example_infs/share/example_infs/cmake/example_infs__rosidl_typesupport_cppExport-noconfig.cmake
[8.806s] -- Installing: /home/rizkymille/ros2-examples/install/example_infs/share/example_infs/cmake/rosidl_cmake-extras.cmake
[8.806s] -- Installing: /home/rizkymille/ros2-examples/install/example_infs/share/example_infs/cmake/ament_cmake_export_dependencies-extras.cmake
[8.806s] -- Installing: /home/rizkymille/ros2-examples/install/example_infs/share/example_infs/cmake/ament_cmake_export_libraries-extras.cmake
[8.806s] -- Installing: /home/rizkymille/ros2-examples/install/example_infs/share/example_infs/cmake/ament_cmake_export_targets-extras.cmake
[8.806s] -- Installing: /home/rizkymille/ros2-examples/install/example_infs/share/example_infs/cmake/ament_cmake_export_include_directories-extras.cmake
[8.807s] -- Installing: /home/rizkymille/ros2-examples/install/example_infs/share/example_infs/cmake/rosidl_cmake_export_typesupport_libraries-extras.cmake
[8.807s] -- Installing: /home/rizkymille/ros2-examples/install/example_infs/share/example_infs/cmake/rosidl_cmake_export_typesupport_targets-extras.cmake
[8.807s] -- Installing: /home/rizkymille/ros2-examples/install/example_infs/share/example_infs/cmake/example_infsConfig.cmake
[8.807s] -- Installing: /home/rizkymille/ros2-examples/install/example_infs/share/example_infs/cmake/example_infsConfig-version.cmake
[8.807s] -- Installing: /home/rizkymille/ros2-examples/install/example_infs/share/example_infs/package.xml
[8.812s] Invoked command in '/home/rizkymille/ros2-examples/build/example_infs' returned '0': CMAKE_PREFIX_PATH=/opt/ros/foxy /usr/bin/cmake --install /home/rizkymille/ros2-examples/build/example_infs
