[0.481s] DEBUG:colcon:Command line arguments: ['/usr/bin/colcon', 'build']
[0.481s] DEBUG:colcon:Parsed command line arguments: Namespace(allow_overriding=[], ament_cmake_args=None, base_paths=['.'], build_base='build', catkin_cmake_args=None, catkin_skip_building_tests=False, cmake_args=None, cmake_clean_cache=False, cmake_clean_first=False, cmake_force_configure=False, cmake_target=None, cmake_target_skip_unavailable=False, continue_on_error=False, event_handlers=None, executor='parallel', ignore_user_meta=False, install_base='install', log_base=None, log_level=None, main=<bound method BuildVerb.main of <colcon_core.verb.build.BuildVerb object at 0x7f0f53635430>>, merge_install=False, metas=['./colcon.meta'], packages_above=None, packages_above_and_dependencies=None, packages_above_depth=None, packages_end=None, packages_ignore=None, packages_ignore_regex=None, packages_select=None, packages_select_build_failed=False, packages_select_by_dep=None, packages_select_regex=None, packages_select_test_failures=False, packages_skip=None, packages_skip_build_finished=False, packages_skip_by_dep=None, packages_skip_regex=None, packages_skip_test_passed=False, packages_skip_up_to=None, packages_start=None, packages_up_to=None, packages_up_to_regex=None, parallel_workers=8, paths=None, symlink_install=False, test_result_base=None, verb_extension=<colcon_core.verb.build.BuildVerb object at 0x7f0f53635430>, verb_name='build', verb_parser=<colcon_defaults.argument_parser.defaults.DefaultArgumentsDecorator object at 0x7f0f535d9790>)
[0.549s] Level 1:colcon.colcon_core.package_discovery:discover_packages(colcon_meta) check parameters
[0.549s] Level 1:colcon.colcon_core.package_discovery:discover_packages(recursive) check parameters
[0.549s] Level 1:colcon.colcon_core.package_discovery:discover_packages(ignore) check parameters
[0.549s] Level 1:colcon.colcon_core.package_discovery:discover_packages(path) check parameters
[0.549s] Level 1:colcon.colcon_core.package_discovery:discover_packages(colcon_meta) discover
[0.549s] Level 1:colcon.colcon_core.package_discovery:discover_packages(recursive) discover
[0.549s] INFO:colcon.colcon_core.package_discovery:Crawling recursively for packages in '/home/rizkymille/ros2-examples'
[0.550s] Level 1:colcon.colcon_core.package_identification:_identify(.) by extensions ['ignore', 'ignore_ament_install']
[0.550s] Level 1:colcon.colcon_core.package_identification:_identify(.) by extension 'ignore'
[0.550s] Level 1:colcon.colcon_core.package_identification:_identify(.) by extension 'ignore_ament_install'
[0.550s] Level 1:colcon.colcon_core.package_identification:_identify(.) by extensions ['colcon_pkg']
[0.550s] Level 1:colcon.colcon_core.package_identification:_identify(.) by extension 'colcon_pkg'
[0.550s] Level 1:colcon.colcon_core.package_identification:_identify(.) by extensions ['colcon_meta']
[0.550s] Level 1:colcon.colcon_core.package_identification:_identify(.) by extension 'colcon_meta'
[0.550s] Level 1:colcon.colcon_core.package_identification:_identify(.) by extensions ['ros']
[0.550s] Level 1:colcon.colcon_core.package_identification:_identify(.) by extension 'ros'
[0.568s] Level 1:colcon.colcon_core.package_identification:_identify(.) by extensions ['cmake', 'python']
[0.569s] Level 1:colcon.colcon_core.package_identification:_identify(.) by extension 'cmake'
[0.569s] Level 1:colcon.colcon_core.package_identification:_identify(.) by extension 'python'
[0.569s] Level 1:colcon.colcon_core.package_identification:_identify(.) by extensions ['python_setup_py']
[0.569s] Level 1:colcon.colcon_core.package_identification:_identify(.) by extension 'python_setup_py'
[0.569s] Level 1:colcon.colcon_core.package_identification:_identify(build) by extensions ['ignore', 'ignore_ament_install']
[0.569s] Level 1:colcon.colcon_core.package_identification:_identify(build) by extension 'ignore'
[0.569s] Level 1:colcon.colcon_core.package_identification:_identify(build) ignored
[0.569s] Level 1:colcon.colcon_core.package_identification:_identify(example_infs) by extensions ['ignore', 'ignore_ament_install']
[0.569s] Level 1:colcon.colcon_core.package_identification:_identify(example_infs) by extension 'ignore'
[0.569s] Level 1:colcon.colcon_core.package_identification:_identify(example_infs) by extension 'ignore_ament_install'
[0.570s] Level 1:colcon.colcon_core.package_identification:_identify(example_infs) by extensions ['colcon_pkg']
[0.570s] Level 1:colcon.colcon_core.package_identification:_identify(example_infs) by extension 'colcon_pkg'
[0.570s] Level 1:colcon.colcon_core.package_identification:_identify(example_infs) by extensions ['colcon_meta']
[0.570s] Level 1:colcon.colcon_core.package_identification:_identify(example_infs) by extension 'colcon_meta'
[0.570s] Level 1:colcon.colcon_core.package_identification:_identify(example_infs) by extensions ['ros']
[0.570s] Level 1:colcon.colcon_core.package_identification:_identify(example_infs) by extension 'ros'
[0.573s] DEBUG:colcon.colcon_core.package_identification:Package 'example_infs' with type 'ros.ament_cmake' and name 'example_infs'
[0.573s] Level 1:colcon.colcon_core.package_identification:_identify(example_programs) by extensions ['ignore', 'ignore_ament_install']
[0.574s] Level 1:colcon.colcon_core.package_identification:_identify(example_programs) by extension 'ignore'
[0.574s] Level 1:colcon.colcon_core.package_identification:_identify(example_programs) by extension 'ignore_ament_install'
[0.574s] Level 1:colcon.colcon_core.package_identification:_identify(example_programs) by extensions ['colcon_pkg']
[0.574s] Level 1:colcon.colcon_core.package_identification:_identify(example_programs) by extension 'colcon_pkg'
[0.574s] Level 1:colcon.colcon_core.package_identification:_identify(example_programs) by extensions ['colcon_meta']
[0.574s] Level 1:colcon.colcon_core.package_identification:_identify(example_programs) by extension 'colcon_meta'
[0.574s] Level 1:colcon.colcon_core.package_identification:_identify(example_programs) by extensions ['ros']
[0.574s] Level 1:colcon.colcon_core.package_identification:_identify(example_programs) by extension 'ros'
[0.575s] DEBUG:colcon.colcon_core.package_identification:Package 'example_programs' with type 'ros.ament_cmake' and name 'example_programs'
[0.575s] Level 1:colcon.colcon_core.package_identification:_identify(install) by extensions ['ignore', 'ignore_ament_install']
[0.575s] Level 1:colcon.colcon_core.package_identification:_identify(install) by extension 'ignore'
[0.575s] Level 1:colcon.colcon_core.package_identification:_identify(install) ignored
[0.575s] Level 1:colcon.colcon_core.package_identification:_identify(log) by extensions ['ignore', 'ignore_ament_install']
[0.575s] Level 1:colcon.colcon_core.package_identification:_identify(log) by extension 'ignore'
[0.575s] Level 1:colcon.colcon_core.package_identification:_identify(log) ignored
[0.575s] Level 1:colcon.colcon_core.package_discovery:discover_packages(recursive) using defaults
[0.575s] Level 1:colcon.colcon_core.package_discovery:discover_packages(ignore) discover
[0.576s] Level 1:colcon.colcon_core.package_discovery:discover_packages(ignore) using defaults
[0.576s] Level 1:colcon.colcon_core.package_discovery:discover_packages(path) discover
[0.576s] Level 1:colcon.colcon_core.package_discovery:discover_packages(path) using defaults
[0.603s] Level 1:colcon.colcon_core.package_discovery:discover_packages(prefix_path) check parameters
[0.603s] Level 1:colcon.colcon_core.package_discovery:discover_packages(prefix_path) discover
[0.607s] DEBUG:colcon.colcon_installed_package_information.package_discovery:Found 256 installed packages in /opt/ros/foxy
[0.609s] Level 1:colcon.colcon_core.package_discovery:discover_packages(prefix_path) using defaults
[0.690s] Level 5:colcon.colcon_core.verb:set package 'example_infs' build argument 'cmake_args' from command line to 'None'
[0.690s] Level 5:colcon.colcon_core.verb:set package 'example_infs' build argument 'cmake_target' from command line to 'None'
[0.690s] Level 5:colcon.colcon_core.verb:set package 'example_infs' build argument 'cmake_target_skip_unavailable' from command line to 'False'
[0.690s] Level 5:colcon.colcon_core.verb:set package 'example_infs' build argument 'cmake_clean_cache' from command line to 'False'
[0.690s] Level 5:colcon.colcon_core.verb:set package 'example_infs' build argument 'cmake_clean_first' from command line to 'False'
[0.690s] Level 5:colcon.colcon_core.verb:set package 'example_infs' build argument 'cmake_force_configure' from command line to 'False'
[0.690s] Level 5:colcon.colcon_core.verb:set package 'example_infs' build argument 'ament_cmake_args' from command line to 'None'
[0.690s] Level 5:colcon.colcon_core.verb:set package 'example_infs' build argument 'catkin_cmake_args' from command line to 'None'
[0.690s] Level 5:colcon.colcon_core.verb:set package 'example_infs' build argument 'catkin_skip_building_tests' from command line to 'False'
[0.690s] DEBUG:colcon.colcon_core.verb:Building package 'example_infs' with the following arguments: {'ament_cmake_args': None, 'build_base': '/home/rizkymille/ros2-examples/build/example_infs', 'catkin_cmake_args': None, 'catkin_skip_building_tests': False, 'cmake_args': None, 'cmake_clean_cache': False, 'cmake_clean_first': False, 'cmake_force_configure': False, 'cmake_target': None, 'cmake_target_skip_unavailable': False, 'install_base': '/home/rizkymille/ros2-examples/install/example_infs', 'merge_install': False, 'path': '/home/rizkymille/ros2-examples/example_infs', 'symlink_install': False, 'test_result_base': None}
[0.691s] Level 5:colcon.colcon_core.verb:set package 'example_programs' build argument 'cmake_args' from command line to 'None'
[0.691s] Level 5:colcon.colcon_core.verb:set package 'example_programs' build argument 'cmake_target' from command line to 'None'
[0.691s] Level 5:colcon.colcon_core.verb:set package 'example_programs' build argument 'cmake_target_skip_unavailable' from command line to 'False'
[0.691s] Level 5:colcon.colcon_core.verb:set package 'example_programs' build argument 'cmake_clean_cache' from command line to 'False'
[0.692s] Level 5:colcon.colcon_core.verb:set package 'example_programs' build argument 'cmake_clean_first' from command line to 'False'
[0.692s] Level 5:colcon.colcon_core.verb:set package 'example_programs' build argument 'cmake_force_configure' from command line to 'False'
[0.692s] Level 5:colcon.colcon_core.verb:set package 'example_programs' build argument 'ament_cmake_args' from command line to 'None'
[0.692s] Level 5:colcon.colcon_core.verb:set package 'example_programs' build argument 'catkin_cmake_args' from command line to 'None'
[0.692s] Level 5:colcon.colcon_core.verb:set package 'example_programs' build argument 'catkin_skip_building_tests' from command line to 'False'
[0.692s] DEBUG:colcon.colcon_core.verb:Building package 'example_programs' with the following arguments: {'ament_cmake_args': None, 'build_base': '/home/rizkymille/ros2-examples/build/example_programs', 'catkin_cmake_args': None, 'catkin_skip_building_tests': False, 'cmake_args': None, 'cmake_clean_cache': False, 'cmake_clean_first': False, 'cmake_force_configure': False, 'cmake_target': None, 'cmake_target_skip_unavailable': False, 'install_base': '/home/rizkymille/ros2-examples/install/example_programs', 'merge_install': False, 'path': '/home/rizkymille/ros2-examples/example_programs', 'symlink_install': False, 'test_result_base': None}
[0.693s] INFO:colcon.colcon_core.executor:Executing jobs using 'parallel' executor
[0.698s] DEBUG:colcon.colcon_parallel_executor.executor.parallel:run_until_complete
[0.699s] INFO:colcon.colcon_ros.task.ament_cmake.build:Building ROS package in '/home/rizkymille/ros2-examples/example_infs' with build type 'ament_cmake'
[0.699s] INFO:colcon.colcon_cmake.task.cmake.build:Building CMake package in '/home/rizkymille/ros2-examples/example_infs'
[0.705s] INFO:colcon.colcon_core.plugin_system:Skipping extension 'colcon_core.shell.bat': Not used on non-Windows systems
[0.705s] INFO:colcon.colcon_core.shell:Skip shell extension 'powershell' for command environment: Not usable outside of PowerShell
[0.705s] DEBUG:colcon.colcon_core.shell:Skip shell extension 'dsv' for command environment
[0.728s] DEBUG:colcon.colcon_core.event_handler.log_command:Invoking command in '/home/rizkymille/ros2-examples/build/example_infs': CMAKE_PREFIX_PATH=/opt/ros/foxy /usr/bin/cmake --build /home/rizkymille/ros2-examples/build/example_infs -- -j8 -l8
[1.069s] DEBUG:colcon.colcon_core.event_handler.log_command:Invoked command in '/home/rizkymille/ros2-examples/build/example_infs' returned '0': CMAKE_PREFIX_PATH=/opt/ros/foxy /usr/bin/cmake --build /home/rizkymille/ros2-examples/build/example_infs -- -j8 -l8
[1.194s] DEBUG:colcon.colcon_core.event_handler.log_command:Invoking command in '/home/rizkymille/ros2-examples/build/example_infs': CMAKE_PREFIX_PATH=/opt/ros/foxy /usr/bin/cmake --install /home/rizkymille/ros2-examples/build/example_infs
[1.273s] Level 1:colcon.colcon_core.environment:create_environment_scripts_only(example_infs)
[1.275s] DEBUG:colcon.colcon_core.event_handler.log_command:Invoked command in '/home/rizkymille/ros2-examples/build/example_infs' returned '0': CMAKE_PREFIX_PATH=/opt/ros/foxy /usr/bin/cmake --install /home/rizkymille/ros2-examples/build/example_infs
[1.284s] Level 1:colcon.colcon_core.environment:checking '/home/rizkymille/ros2-examples/install/example_infs' for CMake module files
[1.286s] Level 1:colcon.colcon_core.environment:checking '/home/rizkymille/ros2-examples/install/example_infs' for CMake config files
[1.286s] Level 1:colcon.colcon_core.shell:create_environment_hook('example_infs', 'cmake_prefix_path')
[1.288s] INFO:colcon.colcon_core.shell:Creating environment hook '/home/rizkymille/ros2-examples/install/example_infs/share/example_infs/hook/cmake_prefix_path.ps1'
[1.289s] INFO:colcon.colcon_core.shell:Creating environment descriptor '/home/rizkymille/ros2-examples/install/example_infs/share/example_infs/hook/cmake_prefix_path.dsv'
[1.289s] INFO:colcon.colcon_core.shell:Creating environment hook '/home/rizkymille/ros2-examples/install/example_infs/share/example_infs/hook/cmake_prefix_path.sh'
[1.291s] Level 1:colcon.colcon_core.environment:checking '/home/rizkymille/ros2-examples/install/example_infs/lib'
[1.291s] Level 1:colcon.colcon_core.shell:create_environment_hook('example_infs', 'ld_library_path_lib')
[1.293s] INFO:colcon.colcon_core.shell:Creating environment hook '/home/rizkymille/ros2-examples/install/example_infs/share/example_infs/hook/ld_library_path_lib.ps1'
[1.293s] INFO:colcon.colcon_core.shell:Creating environment descriptor '/home/rizkymille/ros2-examples/install/example_infs/share/example_infs/hook/ld_library_path_lib.dsv'
[1.294s] INFO:colcon.colcon_core.shell:Creating environment hook '/home/rizkymille/ros2-examples/install/example_infs/share/example_infs/hook/ld_library_path_lib.sh'
[1.294s] Level 1:colcon.colcon_core.environment:checking '/home/rizkymille/ros2-examples/install/example_infs/bin'
[1.294s] Level 1:colcon.colcon_core.environment:checking '/home/rizkymille/ros2-examples/install/example_infs/lib/pkgconfig/example_infs.pc'
[1.294s] Level 1:colcon.colcon_core.environment:checking '/home/rizkymille/ros2-examples/install/example_infs/lib/python3.8/site-packages'
[1.294s] Level 1:colcon.colcon_core.shell:create_environment_hook('example_infs', 'pythonpath')
[1.297s] INFO:colcon.colcon_core.shell:Creating environment hook '/home/rizkymille/ros2-examples/install/example_infs/share/example_infs/hook/pythonpath.ps1'
[1.297s] INFO:colcon.colcon_core.shell:Creating environment descriptor '/home/rizkymille/ros2-examples/install/example_infs/share/example_infs/hook/pythonpath.dsv'
[1.298s] INFO:colcon.colcon_core.shell:Creating environment hook '/home/rizkymille/ros2-examples/install/example_infs/share/example_infs/hook/pythonpath.sh'
[1.298s] Level 1:colcon.colcon_core.environment:checking '/home/rizkymille/ros2-examples/install/example_infs/bin'
[1.300s] INFO:colcon.colcon_core.shell:Creating package script '/home/rizkymille/ros2-examples/install/example_infs/share/example_infs/package.ps1'
[1.302s] INFO:colcon.colcon_core.shell:Creating package descriptor '/home/rizkymille/ros2-examples/install/example_infs/share/example_infs/package.dsv'
[1.303s] INFO:colcon.colcon_core.shell:Creating package script '/home/rizkymille/ros2-examples/install/example_infs/share/example_infs/package.sh'
[1.303s] INFO:colcon.colcon_core.shell:Creating package script '/home/rizkymille/ros2-examples/install/example_infs/share/example_infs/package.bash'
[1.304s] INFO:colcon.colcon_core.shell:Creating package script '/home/rizkymille/ros2-examples/install/example_infs/share/example_infs/package.zsh'
[1.305s] Level 1:colcon.colcon_core.environment:create_file_with_runtime_dependencies(/home/rizkymille/ros2-examples/install/example_infs/share/colcon-core/packages/example_infs)
[1.417s] Level 1:colcon.colcon_core.environment:create_environment_scripts_only(example_infs)
[1.422s] Level 1:colcon.colcon_core.environment:checking '/home/rizkymille/ros2-examples/install/example_infs' for CMake module files
[1.423s] Level 1:colcon.colcon_core.environment:checking '/home/rizkymille/ros2-examples/install/example_infs' for CMake config files
[1.424s] Level 1:colcon.colcon_core.shell:create_environment_hook('example_infs', 'cmake_prefix_path')
[1.425s] INFO:colcon.colcon_core.shell:Creating environment hook '/home/rizkymille/ros2-examples/install/example_infs/share/example_infs/hook/cmake_prefix_path.ps1'
[1.426s] INFO:colcon.colcon_core.shell:Creating environment descriptor '/home/rizkymille/ros2-examples/install/example_infs/share/example_infs/hook/cmake_prefix_path.dsv'
[1.427s] INFO:colcon.colcon_core.shell:Creating environment hook '/home/rizkymille/ros2-examples/install/example_infs/share/example_infs/hook/cmake_prefix_path.sh'
[1.427s] Level 1:colcon.colcon_core.environment:checking '/home/rizkymille/ros2-examples/install/example_infs/lib'
[1.428s] Level 1:colcon.colcon_core.shell:create_environment_hook('example_infs', 'ld_library_path_lib')
[1.430s] INFO:colcon.colcon_core.shell:Creating environment hook '/home/rizkymille/ros2-examples/install/example_infs/share/example_infs/hook/ld_library_path_lib.ps1'
[1.431s] INFO:colcon.colcon_core.shell:Creating environment descriptor '/home/rizkymille/ros2-examples/install/example_infs/share/example_infs/hook/ld_library_path_lib.dsv'
[1.431s] INFO:colcon.colcon_core.shell:Creating environment hook '/home/rizkymille/ros2-examples/install/example_infs/share/example_infs/hook/ld_library_path_lib.sh'
[1.431s] Level 1:colcon.colcon_core.environment:checking '/home/rizkymille/ros2-examples/install/example_infs/bin'
[1.431s] Level 1:colcon.colcon_core.environment:checking '/home/rizkymille/ros2-examples/install/example_infs/lib/pkgconfig/example_infs.pc'
[1.432s] Level 1:colcon.colcon_core.environment:checking '/home/rizkymille/ros2-examples/install/example_infs/lib/python3.8/site-packages'
[1.432s] Level 1:colcon.colcon_core.shell:create_environment_hook('example_infs', 'pythonpath')
[1.434s] INFO:colcon.colcon_core.shell:Creating environment hook '/home/rizkymille/ros2-examples/install/example_infs/share/example_infs/hook/pythonpath.ps1'
[1.434s] INFO:colcon.colcon_core.shell:Creating environment descriptor '/home/rizkymille/ros2-examples/install/example_infs/share/example_infs/hook/pythonpath.dsv'
[1.435s] INFO:colcon.colcon_core.shell:Creating environment hook '/home/rizkymille/ros2-examples/install/example_infs/share/example_infs/hook/pythonpath.sh'
[1.435s] Level 1:colcon.colcon_core.environment:checking '/home/rizkymille/ros2-examples/install/example_infs/bin'
[1.438s] INFO:colcon.colcon_core.shell:Creating package script '/home/rizkymille/ros2-examples/install/example_infs/share/example_infs/package.ps1'
[1.438s] INFO:colcon.colcon_core.shell:Creating package descriptor '/home/rizkymille/ros2-examples/install/example_infs/share/example_infs/package.dsv'
[1.439s] INFO:colcon.colcon_core.shell:Creating package script '/home/rizkymille/ros2-examples/install/example_infs/share/example_infs/package.sh'
[1.439s] INFO:colcon.colcon_core.shell:Creating package script '/home/rizkymille/ros2-examples/install/example_infs/share/example_infs/package.bash'
[1.440s] INFO:colcon.colcon_core.shell:Creating package script '/home/rizkymille/ros2-examples/install/example_infs/share/example_infs/package.zsh'
[1.440s] Level 1:colcon.colcon_core.environment:create_file_with_runtime_dependencies(/home/rizkymille/ros2-examples/install/example_infs/share/colcon-core/packages/example_infs)
[1.441s] INFO:colcon.colcon_ros.task.ament_cmake.build:Building ROS package in '/home/rizkymille/ros2-examples/example_programs' with build type 'ament_cmake'
[1.441s] INFO:colcon.colcon_cmake.task.cmake.build:Building CMake package in '/home/rizkymille/ros2-examples/example_programs'
[1.443s] INFO:colcon.colcon_core.shell:Skip shell extension 'powershell' for command environment: Not usable outside of PowerShell
[1.443s] DEBUG:colcon.colcon_core.shell:Skip shell extension 'dsv' for command environment
[1.472s] DEBUG:colcon.colcon_core.event_handler.log_command:Invoking command in '/home/rizkymille/ros2-examples/build/example_programs': AMENT_PREFIX_PATH=/home/rizkymille/ros2-examples/install/example_infs:${AMENT_PREFIX_PATH} CMAKE_PREFIX_PATH=/home/rizkymille/ros2-examples/install/example_infs:/opt/ros/foxy LD_LIBRARY_PATH=/home/rizkymille/ros2-examples/install/example_infs/lib:${LD_LIBRARY_PATH} PYTHONPATH=/home/rizkymille/ros2-examples/install/example_infs/lib/python3.8/site-packages:${PYTHONPATH} /usr/bin/cmake --build /home/rizkymille/ros2-examples/build/example_programs -- -j8 -l8
[8.161s] DEBUG:colcon.colcon_core.event_handler.log_command:Invoked command in '/home/rizkymille/ros2-examples/build/example_programs' returned '0': AMENT_PREFIX_PATH=/home/rizkymille/ros2-examples/install/example_infs:${AMENT_PREFIX_PATH} CMAKE_PREFIX_PATH=/home/rizkymille/ros2-examples/install/example_infs:/opt/ros/foxy LD_LIBRARY_PATH=/home/rizkymille/ros2-examples/install/example_infs/lib:${LD_LIBRARY_PATH} PYTHONPATH=/home/rizkymille/ros2-examples/install/example_infs/lib/python3.8/site-packages:${PYTHONPATH} /usr/bin/cmake --build /home/rizkymille/ros2-examples/build/example_programs -- -j8 -l8
[8.213s] DEBUG:colcon.colcon_core.event_handler.log_command:Invoking command in '/home/rizkymille/ros2-examples/build/example_programs': AMENT_PREFIX_PATH=/home/rizkymille/ros2-examples/install/example_infs:${AMENT_PREFIX_PATH} CMAKE_PREFIX_PATH=/home/rizkymille/ros2-examples/install/example_infs:/opt/ros/foxy LD_LIBRARY_PATH=/home/rizkymille/ros2-examples/install/example_infs/lib:${LD_LIBRARY_PATH} PYTHONPATH=/home/rizkymille/ros2-examples/install/example_infs/lib/python3.8/site-packages:${PYTHONPATH} /usr/bin/cmake --install /home/rizkymille/ros2-examples/build/example_programs
[8.303s] Level 1:colcon.colcon_core.environment:create_environment_scripts_only(example_programs)
[8.304s] DEBUG:colcon.colcon_core.event_handler.log_command:Invoked command in '/home/rizkymille/ros2-examples/build/example_programs' returned '0': AMENT_PREFIX_PATH=/home/rizkymille/ros2-examples/install/example_infs:${AMENT_PREFIX_PATH} CMAKE_PREFIX_PATH=/home/rizkymille/ros2-examples/install/example_infs:/opt/ros/foxy LD_LIBRARY_PATH=/home/rizkymille/ros2-examples/install/example_infs/lib:${LD_LIBRARY_PATH} PYTHONPATH=/home/rizkymille/ros2-examples/install/example_infs/lib/python3.8/site-packages:${PYTHONPATH} /usr/bin/cmake --install /home/rizkymille/ros2-examples/build/example_programs
[8.308s] Level 1:colcon.colcon_core.environment:checking '/home/rizkymille/ros2-examples/install/example_programs' for CMake module files
[8.309s] Level 1:colcon.colcon_core.environment:checking '/home/rizkymille/ros2-examples/install/example_programs' for CMake config files
[8.309s] Level 1:colcon.colcon_core.shell:create_environment_hook('example_programs', 'cmake_prefix_path')
[8.312s] INFO:colcon.colcon_core.shell:Creating environment hook '/home/rizkymille/ros2-examples/install/example_programs/share/example_programs/hook/cmake_prefix_path.ps1'
[8.312s] INFO:colcon.colcon_core.shell:Creating environment descriptor '/home/rizkymille/ros2-examples/install/example_programs/share/example_programs/hook/cmake_prefix_path.dsv'
[8.313s] INFO:colcon.colcon_core.shell:Creating environment hook '/home/rizkymille/ros2-examples/install/example_programs/share/example_programs/hook/cmake_prefix_path.sh'
[8.313s] Level 1:colcon.colcon_core.environment:checking '/home/rizkymille/ros2-examples/install/example_programs/lib'
[8.313s] Level 1:colcon.colcon_core.shell:create_environment_hook('example_programs', 'ld_library_path_lib')
[8.316s] INFO:colcon.colcon_core.shell:Creating environment hook '/home/rizkymille/ros2-examples/install/example_programs/share/example_programs/hook/ld_library_path_lib.ps1'
[8.316s] INFO:colcon.colcon_core.shell:Creating environment descriptor '/home/rizkymille/ros2-examples/install/example_programs/share/example_programs/hook/ld_library_path_lib.dsv'
[8.316s] INFO:colcon.colcon_core.shell:Creating environment hook '/home/rizkymille/ros2-examples/install/example_programs/share/example_programs/hook/ld_library_path_lib.sh'
[8.317s] Level 1:colcon.colcon_core.environment:checking '/home/rizkymille/ros2-examples/install/example_programs/bin'
[8.317s] Level 1:colcon.colcon_core.environment:checking '/home/rizkymille/ros2-examples/install/example_programs/lib/pkgconfig/example_programs.pc'
[8.317s] Level 1:colcon.colcon_core.environment:checking '/home/rizkymille/ros2-examples/install/example_programs/lib/python3.8/site-packages'
[8.317s] Level 1:colcon.colcon_core.shell:create_environment_hook('example_programs', 'pythonpath')
[8.319s] INFO:colcon.colcon_core.shell:Creating environment hook '/home/rizkymille/ros2-examples/install/example_programs/share/example_programs/hook/pythonpath.ps1'
[8.320s] INFO:colcon.colcon_core.shell:Creating environment descriptor '/home/rizkymille/ros2-examples/install/example_programs/share/example_programs/hook/pythonpath.dsv'
[8.320s] INFO:colcon.colcon_core.shell:Creating environment hook '/home/rizkymille/ros2-examples/install/example_programs/share/example_programs/hook/pythonpath.sh'
[8.320s] Level 1:colcon.colcon_core.environment:checking '/home/rizkymille/ros2-examples/install/example_programs/bin'
[8.322s] INFO:colcon.colcon_core.shell:Creating package script '/home/rizkymille/ros2-examples/install/example_programs/share/example_programs/package.ps1'
[8.323s] INFO:colcon.colcon_core.shell:Creating package descriptor '/home/rizkymille/ros2-examples/install/example_programs/share/example_programs/package.dsv'
[8.324s] INFO:colcon.colcon_core.shell:Creating package script '/home/rizkymille/ros2-examples/install/example_programs/share/example_programs/package.sh'
[8.324s] INFO:colcon.colcon_core.shell:Creating package script '/home/rizkymille/ros2-examples/install/example_programs/share/example_programs/package.bash'
[8.324s] INFO:colcon.colcon_core.shell:Creating package script '/home/rizkymille/ros2-examples/install/example_programs/share/example_programs/package.zsh'
[8.325s] Level 1:colcon.colcon_core.environment:create_file_with_runtime_dependencies(/home/rizkymille/ros2-examples/install/example_programs/share/colcon-core/packages/example_programs)
[8.380s] Level 1:colcon.colcon_core.environment:create_environment_scripts_only(example_programs)
[8.384s] Level 1:colcon.colcon_core.environment:checking '/home/rizkymille/ros2-examples/install/example_programs' for CMake module files
[8.385s] Level 1:colcon.colcon_core.environment:checking '/home/rizkymille/ros2-examples/install/example_programs' for CMake config files
[8.385s] Level 1:colcon.colcon_core.shell:create_environment_hook('example_programs', 'cmake_prefix_path')
[8.387s] INFO:colcon.colcon_core.shell:Creating environment hook '/home/rizkymille/ros2-examples/install/example_programs/share/example_programs/hook/cmake_prefix_path.ps1'
[8.387s] INFO:colcon.colcon_core.shell:Creating environment descriptor '/home/rizkymille/ros2-examples/install/example_programs/share/example_programs/hook/cmake_prefix_path.dsv'
[8.388s] INFO:colcon.colcon_core.shell:Creating environment hook '/home/rizkymille/ros2-examples/install/example_programs/share/example_programs/hook/cmake_prefix_path.sh'
[8.388s] Level 1:colcon.colcon_core.environment:checking '/home/rizkymille/ros2-examples/install/example_programs/lib'
[8.388s] Level 1:colcon.colcon_core.shell:create_environment_hook('example_programs', 'ld_library_path_lib')
[8.390s] INFO:colcon.colcon_core.shell:Creating environment hook '/home/rizkymille/ros2-examples/install/example_programs/share/example_programs/hook/ld_library_path_lib.ps1'
[8.391s] INFO:colcon.colcon_core.shell:Creating environment descriptor '/home/rizkymille/ros2-examples/install/example_programs/share/example_programs/hook/ld_library_path_lib.dsv'
[8.391s] INFO:colcon.colcon_core.shell:Creating environment hook '/home/rizkymille/ros2-examples/install/example_programs/share/example_programs/hook/ld_library_path_lib.sh'
[8.391s] Level 1:colcon.colcon_core.environment:checking '/home/rizkymille/ros2-examples/install/example_programs/bin'
[8.391s] Level 1:colcon.colcon_core.environment:checking '/home/rizkymille/ros2-examples/install/example_programs/lib/pkgconfig/example_programs.pc'
[8.392s] Level 1:colcon.colcon_core.environment:checking '/home/rizkymille/ros2-examples/install/example_programs/lib/python3.8/site-packages'
[8.392s] Level 1:colcon.colcon_core.shell:create_environment_hook('example_programs', 'pythonpath')
[8.394s] INFO:colcon.colcon_core.shell:Creating environment hook '/home/rizkymille/ros2-examples/install/example_programs/share/example_programs/hook/pythonpath.ps1'
[8.394s] INFO:colcon.colcon_core.shell:Creating environment descriptor '/home/rizkymille/ros2-examples/install/example_programs/share/example_programs/hook/pythonpath.dsv'
[8.394s] INFO:colcon.colcon_core.shell:Creating environment hook '/home/rizkymille/ros2-examples/install/example_programs/share/example_programs/hook/pythonpath.sh'
[8.395s] Level 1:colcon.colcon_core.environment:checking '/home/rizkymille/ros2-examples/install/example_programs/bin'
[8.397s] INFO:colcon.colcon_core.shell:Creating package script '/home/rizkymille/ros2-examples/install/example_programs/share/example_programs/package.ps1'
[8.398s] INFO:colcon.colcon_core.shell:Creating package descriptor '/home/rizkymille/ros2-examples/install/example_programs/share/example_programs/package.dsv'
[8.398s] INFO:colcon.colcon_core.shell:Creating package script '/home/rizkymille/ros2-examples/install/example_programs/share/example_programs/package.sh'
[8.399s] INFO:colcon.colcon_core.shell:Creating package script '/home/rizkymille/ros2-examples/install/example_programs/share/example_programs/package.bash'
[8.399s] INFO:colcon.colcon_core.shell:Creating package script '/home/rizkymille/ros2-examples/install/example_programs/share/example_programs/package.zsh'
[8.399s] Level 1:colcon.colcon_core.environment:create_file_with_runtime_dependencies(/home/rizkymille/ros2-examples/install/example_programs/share/colcon-core/packages/example_programs)
[8.400s] DEBUG:colcon.colcon_parallel_executor.executor.parallel:closing loop
[8.401s] DEBUG:colcon.colcon_parallel_executor.executor.parallel:loop closed
[8.401s] DEBUG:colcon.colcon_parallel_executor.executor.parallel:run_until_complete finished with '0'
[8.401s] DEBUG:colcon.colcon_core.event_reactor:joining thread
[8.413s] INFO:colcon.colcon_core.plugin_system:Skipping extension 'colcon_notification.desktop_notification.notify_send': Could not find 'notify-send'
[8.413s] INFO:colcon.colcon_core.plugin_system:Skipping extension 'colcon_notification.desktop_notification.terminal_notifier': Not used on non-Darwin systems
[8.413s] INFO:colcon.colcon_core.plugin_system:Skipping extension 'colcon_notification.desktop_notification.win32': Not used on non-Windows systems
[8.413s] INFO:colcon.colcon_notification.desktop_notification:Sending desktop notification using 'notify2'
[8.422s] DEBUG:colcon.colcon_core.event_reactor:joined thread
[8.427s] INFO:colcon.colcon_core.shell:Creating prefix script '/home/rizkymille/ros2-examples/install/local_setup.ps1'
[8.429s] INFO:colcon.colcon_core.shell:Creating prefix util module '/home/rizkymille/ros2-examples/install/_local_setup_util_ps1.py'
[8.431s] INFO:colcon.colcon_core.shell:Creating prefix chain script '/home/rizkymille/ros2-examples/install/setup.ps1'
[8.432s] INFO:colcon.colcon_core.shell:Creating prefix script '/home/rizkymille/ros2-examples/install/local_setup.sh'
[8.433s] INFO:colcon.colcon_core.shell:Creating prefix util module '/home/rizkymille/ros2-examples/install/_local_setup_util_sh.py'
[8.434s] INFO:colcon.colcon_core.shell:Creating prefix chain script '/home/rizkymille/ros2-examples/install/setup.sh'
[8.436s] INFO:colcon.colcon_core.shell:Creating prefix script '/home/rizkymille/ros2-examples/install/local_setup.bash'
[8.436s] INFO:colcon.colcon_core.shell:Creating prefix chain script '/home/rizkymille/ros2-examples/install/setup.bash'
[8.438s] INFO:colcon.colcon_core.shell:Creating prefix script '/home/rizkymille/ros2-examples/install/local_setup.zsh'
[8.439s] INFO:colcon.colcon_core.shell:Creating prefix chain script '/home/rizkymille/ros2-examples/install/setup.zsh'
