[35m[1mScanning dependencies of target talker_client_cpp[0m
[ 16%] Built target HeaderMultiexecutor
[ 50%] Built target listener_server_cpp
[ 50%] Built target Header
[ 58%] [32mBuilding CXX object CMakeFiles/talker_client_cpp.dir/src/talker_client.cpp.o[0m
[35m[1mScanning dependencies of target using_lib_multiexecutor_cpp[0m
[35m[1mScanning dependencies of target using_lib_cpp[0m
[ 66%] [32mBuilding CXX object CMakeFiles/using_lib_cpp.dir/src/using_lib.cpp.o[0m
[ 75%] [32mBuilding CXX object CMakeFiles/using_lib_multiexecutor_cpp.dir/src/using_lib_multiexecutor.cpp.o[0m
[ 83%] [32m[1mLinking CXX executable using_lib_cpp[0m
[ 91%] [32m[1mLinking CXX executable using_lib_multiexecutor_cpp[0m
[ 91%] Built target using_lib_cpp
[ 91%] Built target using_lib_multiexecutor_cpp
[100%] [32m[1mLinking CXX executable talker_client_cpp[0m
[100%] Built target talker_client_cpp
-- Install configuration: ""
-- Installing: /home/rizkymille/ros2-examples/install/example_programs/share/example_programs/environment/library_path.sh
-- Installing: /home/rizkymille/ros2-examples/install/example_programs/share/example_programs/environment/library_path.dsv
-- Installing: /home/rizkymille/ros2-examples/install/example_programs/share/example_programs/launch
-- Installing: /home/rizkymille/ros2-examples/install/example_programs/share/example_programs/launch/launch_py.launch.py
-- Installing: /home/rizkymille/ros2-examples/install/example_programs/share/example_programs/launch/launch_cpp.launch.py
-- Installing: /home/rizkymille/ros2-examples/install/example_programs/share/example_programs/config
-- Installing: /home/rizkymille/ros2-examples/install/example_programs/share/example_programs/config/params.yaml
-- Installing: /home/rizkymille/ros2-examples/install/example_programs/include/example_programs
-- Installing: /home/rizkymille/ros2-examples/install/example_programs/include/example_programs/HeaderMultiexecutor.hpp
-- Installing: /home/rizkymille/ros2-examples/install/example_programs/include/example_programs/Header.hpp
-- Installing: /home/rizkymille/ros2-examples/install/example_programs/lib/libHeader.so
-- Set runtime path of "/home/rizkymille/ros2-examples/install/example_programs/lib/libHeader.so" to ""
-- Installing: /home/rizkymille/ros2-examples/install/example_programs/lib/libHeaderMultiexecutor.so
-- Set runtime path of "/home/rizkymille/ros2-examples/install/example_programs/lib/libHeaderMultiexecutor.so" to ""
-- Installing: /home/rizkymille/ros2-examples/install/example_programs/lib/example_programs/listener_server_cpp
-- Set runtime path of "/home/rizkymille/ros2-examples/install/example_programs/lib/example_programs/listener_server_cpp" to ""
-- Installing: /home/rizkymille/ros2-examples/install/example_programs/lib/example_programs/talker_client_cpp
-- Set runtime path of "/home/rizkymille/ros2-examples/install/example_programs/lib/example_programs/talker_client_cpp" to ""
-- Installing: /home/rizkymille/ros2-examples/install/example_programs/lib/example_programs/using_lib_cpp
-- Set runtime path of "/home/rizkymille/ros2-examples/install/example_programs/lib/example_programs/using_lib_cpp" to ""
-- Installing: /home/rizkymille/ros2-examples/install/example_programs/lib/example_programs/using_lib_multiexecutor_cpp
-- Set runtime path of "/home/rizkymille/ros2-examples/install/example_programs/lib/example_programs/using_lib_multiexecutor_cpp" to ""
-- Installing: /home/rizkymille/ros2-examples/install/example_programs/share/example_programs/environment/pythonpath.sh
-- Installing: /home/rizkymille/ros2-examples/install/example_programs/share/example_programs/environment/pythonpath.dsv
-- Installing: /home/rizkymille/ros2-examples/install/example_programs/lib/python3.8/site-packages/module
-- Installing: /home/rizkymille/ros2-examples/install/example_programs/lib/python3.8/site-packages/module/__init__.py
-- Installing: /home/rizkymille/ros2-examples/install/example_programs/lib/python3.8/site-packages/module/Header.py
Listing '/home/rizkymille/ros2-examples/install/example_programs/lib/python3.8/site-packages/module'...
Compiling '/home/rizkymille/ros2-examples/install/example_programs/lib/python3.8/site-packages/module/Header.py'...
Compiling '/home/rizkymille/ros2-examples/install/example_programs/lib/python3.8/site-packages/module/__init__.py'...
-- Installing: /home/rizkymille/ros2-examples/install/example_programs/lib/example_programs/listener_server.py
-- Installing: /home/rizkymille/ros2-examples/install/example_programs/lib/example_programs/talker_client.py
-- Installing: /home/rizkymille/ros2-examples/install/example_programs/lib/example_programs/using_lib.py
-- Installing: /home/rizkymille/ros2-examples/install/example_programs/share/ament_index/resource_index/package_run_dependencies/example_programs
-- Installing: /home/rizkymille/ros2-examples/install/example_programs/share/ament_index/resource_index/parent_prefix_path/example_programs
-- Installing: /home/rizkymille/ros2-examples/install/example_programs/share/example_programs/environment/ament_prefix_path.sh
-- Installing: /home/rizkymille/ros2-examples/install/example_programs/share/example_programs/environment/ament_prefix_path.dsv
-- Installing: /home/rizkymille/ros2-examples/install/example_programs/share/example_programs/environment/path.sh
-- Installing: /home/rizkymille/ros2-examples/install/example_programs/share/example_programs/environment/path.dsv
-- Installing: /home/rizkymille/ros2-examples/install/example_programs/share/example_programs/local_setup.bash
-- Installing: /home/rizkymille/ros2-examples/install/example_programs/share/example_programs/local_setup.sh
-- Installing: /home/rizkymille/ros2-examples/install/example_programs/share/example_programs/local_setup.zsh
-- Installing: /home/rizkymille/ros2-examples/install/example_programs/share/example_programs/local_setup.dsv
-- Installing: /home/rizkymille/ros2-examples/install/example_programs/share/example_programs/package.dsv
-- Installing: /home/rizkymille/ros2-examples/install/example_programs/share/ament_index/resource_index/packages/example_programs
-- Installing: /home/rizkymille/ros2-examples/install/example_programs/share/example_programs/cmake/HeaderExport.cmake
-- Installing: /home/rizkymille/ros2-examples/install/example_programs/share/example_programs/cmake/HeaderExport-noconfig.cmake
-- Installing: /home/rizkymille/ros2-examples/install/example_programs/share/example_programs/cmake/HeaderMultiexecutorExport.cmake
-- Installing: /home/rizkymille/ros2-examples/install/example_programs/share/example_programs/cmake/HeaderMultiexecutorExport-noconfig.cmake
-- Installing: /home/rizkymille/ros2-examples/install/example_programs/share/example_programs/cmake/ament_cmake_export_targets-extras.cmake
-- Installing: /home/rizkymille/ros2-examples/install/example_programs/share/example_programs/cmake/ament_cmake_export_dependencies-extras.cmake
-- Installing: /home/rizkymille/ros2-examples/install/example_programs/share/example_programs/cmake/example_programsConfig.cmake
-- Installing: /home/rizkymille/ros2-examples/install/example_programs/share/example_programs/cmake/example_programsConfig-version.cmake
-- Installing: /home/rizkymille/ros2-examples/install/example_programs/share/example_programs/package.xml
