[0.025s] Invoking command in '/home/rizkymille/ros2-examples/build/example_programs': AMENT_PREFIX_PATH=/home/rizkymille/ros2-examples/install/example_infs:${AMENT_PREFIX_PATH} CMAKE_PREFIX_PATH=/home/rizkymille/ros2-examples/install/example_infs:/opt/ros/foxy LD_LIBRARY_PATH=/home/rizkymille/ros2-examples/install/example_infs/lib:${LD_LIBRARY_PATH} PYTHONPATH=/home/rizkymille/ros2-examples/install/example_infs/lib/python3.8/site-packages:${PYTHONPATH} /usr/bin/cmake --build /home/rizkymille/ros2-examples/build/example_programs -- -j8 -l8
[0.093s] [35m[1mScanning dependencies of target talker_client_cpp[0m
[0.118s] [ 16%] Built target HeaderMultiexecutor
[0.122s] [ 50%] Built target listener_server_cpp
[0.122s] [ 50%] Built target Header
[0.132s] [ 58%] [32mBuilding CXX object CMakeFiles/talker_client_cpp.dir/src/talker_client.cpp.o[0m
[0.132s] [35m[1mScanning dependencies of target using_lib_multiexecutor_cpp[0m
[0.135s] [35m[1mScanning dependencies of target using_lib_cpp[0m
[0.182s] [ 66%] [32mBuilding CXX object CMakeFiles/using_lib_cpp.dir/src/using_lib.cpp.o[0m
[0.184s] [ 75%] [32mBuilding CXX object CMakeFiles/using_lib_multiexecutor_cpp.dir/src/using_lib_multiexecutor.cpp.o[0m
[2.715s] [ 83%] [32m[1mLinking CXX executable using_lib_cpp[0m
[2.743s] [ 91%] [32m[1mLinking CXX executable using_lib_multiexecutor_cpp[0m
[3.121s] [ 91%] Built target using_lib_cpp
[3.147s] [ 91%] Built target using_lib_multiexecutor_cpp
[6.382s] [100%] [32m[1mLinking CXX executable talker_client_cpp[0m
[6.695s] [100%] Built target talker_client_cpp
[6.714s] Invoked command in '/home/rizkymille/ros2-examples/build/example_programs' returned '0': AMENT_PREFIX_PATH=/home/rizkymille/ros2-examples/install/example_infs:${AMENT_PREFIX_PATH} CMAKE_PREFIX_PATH=/home/rizkymille/ros2-examples/install/example_infs:/opt/ros/foxy LD_LIBRARY_PATH=/home/rizkymille/ros2-examples/install/example_infs/lib:${LD_LIBRARY_PATH} PYTHONPATH=/home/rizkymille/ros2-examples/install/example_infs/lib/python3.8/site-packages:${PYTHONPATH} /usr/bin/cmake --build /home/rizkymille/ros2-examples/build/example_programs -- -j8 -l8
[6.766s] Invoking command in '/home/rizkymille/ros2-examples/build/example_programs': AMENT_PREFIX_PATH=/home/rizkymille/ros2-examples/install/example_infs:${AMENT_PREFIX_PATH} CMAKE_PREFIX_PATH=/home/rizkymille/ros2-examples/install/example_infs:/opt/ros/foxy LD_LIBRARY_PATH=/home/rizkymille/ros2-examples/install/example_infs/lib:${LD_LIBRARY_PATH} PYTHONPATH=/home/rizkymille/ros2-examples/install/example_infs/lib/python3.8/site-packages:${PYTHONPATH} /usr/bin/cmake --install /home/rizkymille/ros2-examples/build/example_programs
[6.778s] -- Install configuration: ""
[6.778s] -- Installing: /home/rizkymille/ros2-examples/install/example_programs/share/example_programs/environment/library_path.sh
[6.778s] -- Installing: /home/rizkymille/ros2-examples/install/example_programs/share/example_programs/environment/library_path.dsv
[6.779s] -- Installing: /home/rizkymille/ros2-examples/install/example_programs/share/example_programs/launch
[6.779s] -- Installing: /home/rizkymille/ros2-examples/install/example_programs/share/example_programs/launch/launch_py.launch.py
[6.779s] -- Installing: /home/rizkymille/ros2-examples/install/example_programs/share/example_programs/launch/launch_cpp.launch.py
[6.779s] -- Installing: /home/rizkymille/ros2-examples/install/example_programs/share/example_programs/config
[6.780s] -- Installing: /home/rizkymille/ros2-examples/install/example_programs/share/example_programs/config/params.yaml
[6.780s] -- Installing: /home/rizkymille/ros2-examples/install/example_programs/include/example_programs
[6.780s] -- Installing: /home/rizkymille/ros2-examples/install/example_programs/include/example_programs/HeaderMultiexecutor.hpp
[6.780s] -- Installing: /home/rizkymille/ros2-examples/install/example_programs/include/example_programs/Header.hpp
[6.780s] -- Installing: /home/rizkymille/ros2-examples/install/example_programs/lib/libHeader.so
[6.786s] -- Set runtime path of "/home/rizkymille/ros2-examples/install/example_programs/lib/libHeader.so" to ""
[6.786s] -- Installing: /home/rizkymille/ros2-examples/install/example_programs/lib/libHeaderMultiexecutor.so
[6.792s] -- Set runtime path of "/home/rizkymille/ros2-examples/install/example_programs/lib/libHeaderMultiexecutor.so" to ""
[6.792s] -- Installing: /home/rizkymille/ros2-examples/install/example_programs/lib/example_programs/listener_server_cpp
[6.796s] -- Set runtime path of "/home/rizkymille/ros2-examples/install/example_programs/lib/example_programs/listener_server_cpp" to ""
[6.796s] -- Installing: /home/rizkymille/ros2-examples/install/example_programs/lib/example_programs/talker_client_cpp
[6.798s] -- Set runtime path of "/home/rizkymille/ros2-examples/install/example_programs/lib/example_programs/talker_client_cpp" to ""
[6.798s] -- Installing: /home/rizkymille/ros2-examples/install/example_programs/lib/example_programs/using_lib_cpp
[6.799s] -- Set runtime path of "/home/rizkymille/ros2-examples/install/example_programs/lib/example_programs/using_lib_cpp" to ""
[6.799s] -- Installing: /home/rizkymille/ros2-examples/install/example_programs/lib/example_programs/using_lib_multiexecutor_cpp
[6.799s] -- Set runtime path of "/home/rizkymille/ros2-examples/install/example_programs/lib/example_programs/using_lib_multiexecutor_cpp" to ""
[6.800s] -- Installing: /home/rizkymille/ros2-examples/install/example_programs/share/example_programs/environment/pythonpath.sh
[6.800s] -- Installing: /home/rizkymille/ros2-examples/install/example_programs/share/example_programs/environment/pythonpath.dsv
[6.800s] -- Installing: /home/rizkymille/ros2-examples/install/example_programs/lib/python3.8/site-packages/module
[6.800s] -- Installing: /home/rizkymille/ros2-examples/install/example_programs/lib/python3.8/site-packages/module/__init__.py
[6.801s] -- Installing: /home/rizkymille/ros2-examples/install/example_programs/lib/python3.8/site-packages/module/Header.py
[6.841s] Listing '/home/rizkymille/ros2-examples/install/example_programs/lib/python3.8/site-packages/module'...
[6.841s] Compiling '/home/rizkymille/ros2-examples/install/example_programs/lib/python3.8/site-packages/module/Header.py'...
[6.841s] Compiling '/home/rizkymille/ros2-examples/install/example_programs/lib/python3.8/site-packages/module/__init__.py'...
[6.846s] -- Installing: /home/rizkymille/ros2-examples/install/example_programs/lib/example_programs/listener_server.py
[6.847s] -- Installing: /home/rizkymille/ros2-examples/install/example_programs/lib/example_programs/talker_client.py
[6.847s] -- Installing: /home/rizkymille/ros2-examples/install/example_programs/lib/example_programs/using_lib.py
[6.847s] -- Installing: /home/rizkymille/ros2-examples/install/example_programs/share/ament_index/resource_index/package_run_dependencies/example_programs
[6.848s] -- Installing: /home/rizkymille/ros2-examples/install/example_programs/share/ament_index/resource_index/parent_prefix_path/example_programs
[6.848s] -- Installing: /home/rizkymille/ros2-examples/install/example_programs/share/example_programs/environment/ament_prefix_path.sh
[6.848s] -- Installing: /home/rizkymille/ros2-examples/install/example_programs/share/example_programs/environment/ament_prefix_path.dsv
[6.848s] -- Installing: /home/rizkymille/ros2-examples/install/example_programs/share/example_programs/environment/path.sh
[6.849s] -- Installing: /home/rizkymille/ros2-examples/install/example_programs/share/example_programs/environment/path.dsv
[6.849s] -- Installing: /home/rizkymille/ros2-examples/install/example_programs/share/example_programs/local_setup.bash
[6.849s] -- Installing: /home/rizkymille/ros2-examples/install/example_programs/share/example_programs/local_setup.sh
[6.849s] -- Installing: /home/rizkymille/ros2-examples/install/example_programs/share/example_programs/local_setup.zsh
[6.850s] -- Installing: /home/rizkymille/ros2-examples/install/example_programs/share/example_programs/local_setup.dsv
[6.850s] -- Installing: /home/rizkymille/ros2-examples/install/example_programs/share/example_programs/package.dsv
[6.850s] -- Installing: /home/rizkymille/ros2-examples/install/example_programs/share/ament_index/resource_index/packages/example_programs
[6.851s] -- Installing: /home/rizkymille/ros2-examples/install/example_programs/share/example_programs/cmake/HeaderExport.cmake
[6.851s] -- Installing: /home/rizkymille/ros2-examples/install/example_programs/share/example_programs/cmake/HeaderExport-noconfig.cmake
[6.852s] -- Installing: /home/rizkymille/ros2-examples/install/example_programs/share/example_programs/cmake/HeaderMultiexecutorExport.cmake
[6.852s] -- Installing: /home/rizkymille/ros2-examples/install/example_programs/share/example_programs/cmake/HeaderMultiexecutorExport-noconfig.cmake
[6.852s] -- Installing: /home/rizkymille/ros2-examples/install/example_programs/share/example_programs/cmake/ament_cmake_export_targets-extras.cmake
[6.853s] -- Installing: /home/rizkymille/ros2-examples/install/example_programs/share/example_programs/cmake/ament_cmake_export_dependencies-extras.cmake
[6.853s] -- Installing: /home/rizkymille/ros2-examples/install/example_programs/share/example_programs/cmake/example_programsConfig.cmake
[6.853s] -- Installing: /home/rizkymille/ros2-examples/install/example_programs/share/example_programs/cmake/example_programsConfig-version.cmake
[6.853s] -- Installing: /home/rizkymille/ros2-examples/install/example_programs/share/example_programs/package.xml
[6.857s] Invoked command in '/home/rizkymille/ros2-examples/build/example_programs' returned '0': AMENT_PREFIX_PATH=/home/rizkymille/ros2-examples/install/example_infs:${AMENT_PREFIX_PATH} CMAKE_PREFIX_PATH=/home/rizkymille/ros2-examples/install/example_infs:/opt/ros/foxy LD_LIBRARY_PATH=/home/rizkymille/ros2-examples/install/example_infs/lib:${LD_LIBRARY_PATH} PYTHONPATH=/home/rizkymille/ros2-examples/install/example_infs/lib/python3.8/site-packages:${PYTHONPATH} /usr/bin/cmake --install /home/rizkymille/ros2-examples/build/example_programs
